mode: set
github.com/mikhailmogilnikov/go/final/gateway/internal/config/config.go:17.21,26.2 1 0
github.com/mikhailmogilnikov/go/final/gateway/internal/config/config.go:28.42,29.38 1 0
github.com/mikhailmogilnikov/go/final/gateway/internal/config/config.go:29.38,31.3 1 0
github.com/mikhailmogilnikov/go/final/gateway/internal/config/config.go:32.2,32.17 1 0
github.com/mikhailmogilnikov/go/final/gateway/cmd/gateway/main.go:23.13,34.16 7 0
github.com/mikhailmogilnikov/go/final/gateway/cmd/gateway/main.go:34.16,36.3 1 0
github.com/mikhailmogilnikov/go/final/gateway/cmd/gateway/main.go:37.2,43.16 5 0
github.com/mikhailmogilnikov/go/final/gateway/cmd/gateway/main.go:43.16,45.3 1 0
github.com/mikhailmogilnikov/go/final/gateway/cmd/gateway/main.go:46.2,59.34 10 0
github.com/mikhailmogilnikov/go/final/gateway/cmd/gateway/main.go:59.34,63.36 4 0
github.com/mikhailmogilnikov/go/final/gateway/cmd/gateway/main.go:63.36,66.4 2 0
github.com/mikhailmogilnikov/go/final/gateway/cmd/gateway/main.go:67.3,67.11 1 0
github.com/mikhailmogilnikov/go/final/gateway/cmd/gateway/main.go:70.2,70.45 1 0
github.com/mikhailmogilnikov/go/final/gateway/cmd/gateway/main.go:70.45,72.3 1 0
github.com/mikhailmogilnikov/go/final/gateway/cmd/gateway/main.go:73.2,73.43 1 0
github.com/mikhailmogilnikov/go/final/gateway/cmd/gateway/main.go:73.43,75.3 1 0
github.com/mikhailmogilnikov/go/final/gateway/cmd/gateway/main.go:77.2,89.12 6 0
github.com/mikhailmogilnikov/go/final/gateway/cmd/gateway/main.go:89.12,91.80 2 0
github.com/mikhailmogilnikov/go/final/gateway/cmd/gateway/main.go:91.80,93.4 1 0
github.com/mikhailmogilnikov/go/final/gateway/cmd/gateway/main.go:96.2,102.53 5 0
github.com/mikhailmogilnikov/go/final/gateway/cmd/gateway/main.go:102.53,104.3 1 0
github.com/mikhailmogilnikov/go/final/gateway/cmd/gateway/main.go:105.2,105.32 1 0
github.com/mikhailmogilnikov/go/final/gateway/internal/middleware/auth.go:16.77,18.2 1 0
github.com/mikhailmogilnikov/go/final/gateway/internal/middleware/auth.go:20.56,21.30 1 0
github.com/mikhailmogilnikov/go/final/gateway/internal/middleware/auth.go:21.30,23.23 2 0
github.com/mikhailmogilnikov/go/final/gateway/internal/middleware/auth.go:23.23,26.4 2 0
github.com/mikhailmogilnikov/go/final/gateway/internal/middleware/auth.go:28.3,29.46 2 0
github.com/mikhailmogilnikov/go/final/gateway/internal/middleware/auth.go:29.46,32.4 2 0
github.com/mikhailmogilnikov/go/final/gateway/internal/middleware/auth.go:34.3,39.17 3 0
github.com/mikhailmogilnikov/go/final/gateway/internal/middleware/auth.go:39.17,42.4 2 0
github.com/mikhailmogilnikov/go/final/gateway/internal/middleware/auth.go:44.3,44.23 1 0
github.com/mikhailmogilnikov/go/final/gateway/internal/middleware/auth.go:44.23,47.4 2 0
github.com/mikhailmogilnikov/go/final/gateway/internal/middleware/auth.go:49.3,52.11 3 0
github.com/mikhailmogilnikov/go/final/gateway/internal/middleware/auth.go:56.38,58.34 2 0
github.com/mikhailmogilnikov/go/final/gateway/internal/middleware/auth.go:58.34,60.3 1 0
github.com/mikhailmogilnikov/go/final/gateway/internal/middleware/auth.go:61.2,61.10 1 0
github.com/mikhailmogilnikov/go/final/gateway/internal/pb/ledger/v1/ledger.pb.go:31.31,36.2 4 0
github.com/mikhailmogilnikov/go/final/gateway/internal/pb/ledger/v1/ledger.pb.go:38.39,40.2 1 0
github.com/mikhailmogilnikov/go/final/gateway/internal/pb/ledger/v1/ledger.pb.go:42.37,42.38 0 0
github.com/mikhailmogilnikov/go/final/gateway/internal/pb/ledger/v1/ledger.pb.go:44.59,46.14 2 0
github.com/mikhailmogilnikov/go/final/gateway/internal/pb/ledger/v1/ledger.pb.go:46.14,48.34 2 0
github.com/mikhailmogilnikov/go/final/gateway/internal/pb/ledger/v1/ledger.pb.go:48.34,50.4 1 0
github.com/mikhailmogilnikov/go/final/gateway/internal/pb/ledger/v1/ledger.pb.go:51.3,51.12 1 0
github.com/mikhailmogilnikov/go/final/gateway/internal/pb/ledger/v1/ledger.pb.go:53.2,53.24 1 0
github.com/mikhailmogilnikov/go/final/gateway/internal/pb/ledger/v1/ledger.pb.go:56.50,58.2 1 0
github.com/mikhailmogilnikov/go/final/gateway/internal/pb/ledger/v1/ledger.pb.go:60.37,61.14 1 0
github.com/mikhailmogilnikov/go/final/gateway/internal/pb/ledger/v1/ledger.pb.go:61.14,63.3 1 0
github.com/mikhailmogilnikov/go/final/gateway/internal/pb/ledger/v1/ledger.pb.go:64.2,64.10 1 0
github.com/mikhailmogilnikov/go/final/gateway/internal/pb/ledger/v1/ledger.pb.go:67.41,68.14 1 0
github.com/mikhailmogilnikov/go/final/gateway/internal/pb/ledger/v1/ledger.pb.go:68.14,70.3 1 0
github.com/mikhailmogilnikov/go/final/gateway/internal/pb/ledger/v1/ledger.pb.go:71.2,71.10 1 0
github.com/mikhailmogilnikov/go/final/gateway/internal/pb/ledger/v1/ledger.pb.go:74.43,75.14 1 0
github.com/mikhailmogilnikov/go/final/gateway/internal/pb/ledger/v1/ledger.pb.go:75.14,77.3 1 0
github.com/mikhailmogilnikov/go/final/gateway/internal/pb/ledger/v1/ledger.pb.go:78.2,78.10 1 0
github.com/mikhailmogilnikov/go/final/gateway/internal/pb/ledger/v1/ledger.pb.go:81.44,82.14 1 0
github.com/mikhailmogilnikov/go/final/gateway/internal/pb/ledger/v1/ledger.pb.go:82.14,84.3 1 0
github.com/mikhailmogilnikov/go/final/gateway/internal/pb/ledger/v1/ledger.pb.go:85.2,85.11 1 0
github.com/mikhailmogilnikov/go/final/gateway/internal/pb/ledger/v1/ledger.pb.go:88.47,89.14 1 0
github.com/mikhailmogilnikov/go/final/gateway/internal/pb/ledger/v1/ledger.pb.go:89.14,91.3 1 0
github.com/mikhailmogilnikov/go/final/gateway/internal/pb/ledger/v1/ledger.pb.go:92.2,92.11 1 0
github.com/mikhailmogilnikov/go/final/gateway/internal/pb/ledger/v1/ledger.pb.go:95.56,96.14 1 0
github.com/mikhailmogilnikov/go/final/gateway/internal/pb/ledger/v1/ledger.pb.go:96.14,98.3 1 0
github.com/mikhailmogilnikov/go/final/gateway/internal/pb/ledger/v1/ledger.pb.go:99.2,99.12 1 0
github.com/mikhailmogilnikov/go/final/gateway/internal/pb/ledger/v1/ledger.pb.go:102.61,103.14 1 0
github.com/mikhailmogilnikov/go/final/gateway/internal/pb/ledger/v1/ledger.pb.go:103.14,105.3 1 0
github.com/mikhailmogilnikov/go/final/gateway/internal/pb/ledger/v1/ledger.pb.go:106.2,106.12 1 0
github.com/mikhailmogilnikov/go/final/gateway/internal/pb/ledger/v1/ledger.pb.go:120.41,125.2 4 0
github.com/mikhailmogilnikov/go/final/gateway/internal/pb/ledger/v1/ledger.pb.go:127.49,129.2 1 0
github.com/mikhailmogilnikov/go/final/gateway/internal/pb/ledger/v1/ledger.pb.go:131.47,131.48 0 0
github.com/mikhailmogilnikov/go/final/gateway/internal/pb/ledger/v1/ledger.pb.go:133.69,135.14 2 0
github.com/mikhailmogilnikov/go/final/gateway/internal/pb/ledger/v1/ledger.pb.go:135.14,137.34 2 0
github.com/mikhailmogilnikov/go/final/gateway/internal/pb/ledger/v1/ledger.pb.go:137.34,139.4 1 0
github.com/mikhailmogilnikov/go/final/gateway/internal/pb/ledger/v1/ledger.pb.go:140.3,140.12 1 0
github.com/mikhailmogilnikov/go/final/gateway/internal/pb/ledger/v1/ledger.pb.go:142.2,142.24 1 0
github.com/mikhailmogilnikov/go/final/gateway/internal/pb/ledger/v1/ledger.pb.go:145.60,147.2 1 0
github.com/mikhailmogilnikov/go/final/gateway/internal/pb/ledger/v1/ledger.pb.go:149.51,150.14 1 0
github.com/mikhailmogilnikov/go/final/gateway/internal/pb/ledger/v1/ledger.pb.go:150.14,152.3 1 0
github.com/mikhailmogilnikov/go/final/gateway/internal/pb/ledger/v1/ledger.pb.go:153.2,153.10 1 0
github.com/mikhailmogilnikov/go/final/gateway/internal/pb/ledger/v1/ledger.pb.go:156.53,157.14 1 0
github.com/mikhailmogilnikov/go/final/gateway/internal/pb/ledger/v1/ledger.pb.go:157.14,159.3 1 0
github.com/mikhailmogilnikov/go/final/gateway/internal/pb/ledger/v1/ledger.pb.go:160.2,160.10 1 0
github.com/mikhailmogilnikov/go/final/gateway/internal/pb/ledger/v1/ledger.pb.go:163.54,164.14 1 0
github.com/mikhailmogilnikov/go/final/gateway/internal/pb/ledger/v1/ledger.pb.go:164.14,166.3 1 0
github.com/mikhailmogilnikov/go/final/gateway/internal/pb/ledger/v1/ledger.pb.go:167.2,167.11 1 0
github.com/mikhailmogilnikov/go/final/gateway/internal/pb/ledger/v1/ledger.pb.go:170.57,171.14 1 0
github.com/mikhailmogilnikov/go/final/gateway/internal/pb/ledger/v1/ledger.pb.go:171.14,173.3 1 0
github.com/mikhailmogilnikov/go/final/gateway/internal/pb/ledger/v1/ledger.pb.go:174.2,174.11 1 0
github.com/mikhailmogilnikov/go/final/gateway/internal/pb/ledger/v1/ledger.pb.go:177.66,178.14 1 0
github.com/mikhailmogilnikov/go/final/gateway/internal/pb/ledger/v1/ledger.pb.go:178.14,180.3 1 0
github.com/mikhailmogilnikov/go/final/gateway/internal/pb/ledger/v1/ledger.pb.go:181.2,181.12 1 0
github.com/mikhailmogilnikov/go/final/gateway/internal/pb/ledger/v1/ledger.pb.go:193.42,198.2 4 0
github.com/mikhailmogilnikov/go/final/gateway/internal/pb/ledger/v1/ledger.pb.go:200.50,202.2 1 0
github.com/mikhailmogilnikov/go/final/gateway/internal/pb/ledger/v1/ledger.pb.go:204.48,204.49 0 0
github.com/mikhailmogilnikov/go/final/gateway/internal/pb/ledger/v1/ledger.pb.go:206.70,208.14 2 0
github.com/mikhailmogilnikov/go/final/gateway/internal/pb/ledger/v1/ledger.pb.go:208.14,210.34 2 0
github.com/mikhailmogilnikov/go/final/gateway/internal/pb/ledger/v1/ledger.pb.go:210.34,212.4 1 0
github.com/mikhailmogilnikov/go/final/gateway/internal/pb/ledger/v1/ledger.pb.go:213.3,213.12 1 0
github.com/mikhailmogilnikov/go/final/gateway/internal/pb/ledger/v1/ledger.pb.go:215.2,215.24 1 0
github.com/mikhailmogilnikov/go/final/gateway/internal/pb/ledger/v1/ledger.pb.go:218.61,220.2 1 0
github.com/mikhailmogilnikov/go/final/gateway/internal/pb/ledger/v1/ledger.pb.go:222.64,223.14 1 0
github.com/mikhailmogilnikov/go/final/gateway/internal/pb/ledger/v1/ledger.pb.go:223.14,225.3 1 0
github.com/mikhailmogilnikov/go/final/gateway/internal/pb/ledger/v1/ledger.pb.go:226.2,226.12 1 0
github.com/mikhailmogilnikov/go/final/gateway/internal/pb/ledger/v1/ledger.pb.go:229.59,230.14 1 0
github.com/mikhailmogilnikov/go/final/gateway/internal/pb/ledger/v1/ledger.pb.go:230.14,232.3 1 0
github.com/mikhailmogilnikov/go/final/gateway/internal/pb/ledger/v1/ledger.pb.go:233.2,233.14 1 0
github.com/mikhailmogilnikov/go/final/gateway/internal/pb/ledger/v1/ledger.pb.go:236.60,237.14 1 0
github.com/mikhailmogilnikov/go/final/gateway/internal/pb/ledger/v1/ledger.pb.go:237.14,239.3 1 0
github.com/mikhailmogilnikov/go/final/gateway/internal/pb/ledger/v1/ledger.pb.go:240.2,240.11 1 0
github.com/mikhailmogilnikov/go/final/gateway/internal/pb/ledger/v1/ledger.pb.go:253.42,258.2 4 0
github.com/mikhailmogilnikov/go/final/gateway/internal/pb/ledger/v1/ledger.pb.go:260.50,262.2 1 0
github.com/mikhailmogilnikov/go/final/gateway/internal/pb/ledger/v1/ledger.pb.go:264.48,264.49 0 0
github.com/mikhailmogilnikov/go/final/gateway/internal/pb/ledger/v1/ledger.pb.go:266.70,268.14 2 0
github.com/mikhailmogilnikov/go/final/gateway/internal/pb/ledger/v1/ledger.pb.go:268.14,270.34 2 0
github.com/mikhailmogilnikov/go/final/gateway/internal/pb/ledger/v1/ledger.pb.go:270.34,272.4 1 0
github.com/mikhailmogilnikov/go/final/gateway/internal/pb/ledger/v1/ledger.pb.go:273.3,273.12 1 0
github.com/mikhailmogilnikov/go/final/gateway/internal/pb/ledger/v1/ledger.pb.go:275.2,275.24 1 0
github.com/mikhailmogilnikov/go/final/gateway/internal/pb/ledger/v1/ledger.pb.go:278.61,280.2 1 0
github.com/mikhailmogilnikov/go/final/gateway/internal/pb/ledger/v1/ledger.pb.go:282.52,283.14 1 0
github.com/mikhailmogilnikov/go/final/gateway/internal/pb/ledger/v1/ledger.pb.go:283.14,285.3 1 0
github.com/mikhailmogilnikov/go/final/gateway/internal/pb/ledger/v1/ledger.pb.go:286.2,286.10 1 0
github.com/mikhailmogilnikov/go/final/gateway/internal/pb/ledger/v1/ledger.pb.go:289.67,290.14 1 0
github.com/mikhailmogilnikov/go/final/gateway/internal/pb/ledger/v1/ledger.pb.go:290.14,292.3 1 0
github.com/mikhailmogilnikov/go/final/gateway/internal/pb/ledger/v1/ledger.pb.go:293.2,293.12 1 0
github.com/mikhailmogilnikov/go/final/gateway/internal/pb/ledger/v1/ledger.pb.go:296.65,297.14 1 0
github.com/mikhailmogilnikov/go/final/gateway/internal/pb/ledger/v1/ledger.pb.go:297.14,299.3 1 0
github.com/mikhailmogilnikov/go/final/gateway/internal/pb/ledger/v1/ledger.pb.go:300.2,300.12 1 0
github.com/mikhailmogilnikov/go/final/gateway/internal/pb/ledger/v1/ledger.pb.go:303.55,304.14 1 0
github.com/mikhailmogilnikov/go/final/gateway/internal/pb/ledger/v1/ledger.pb.go:304.14,306.3 1 0
github.com/mikhailmogilnikov/go/final/gateway/internal/pb/ledger/v1/ledger.pb.go:307.2,307.11 1 0
github.com/mikhailmogilnikov/go/final/gateway/internal/pb/ledger/v1/ledger.pb.go:317.43,322.2 4 0
github.com/mikhailmogilnikov/go/final/gateway/internal/pb/ledger/v1/ledger.pb.go:324.51,326.2 1 0
github.com/mikhailmogilnikov/go/final/gateway/internal/pb/ledger/v1/ledger.pb.go:328.49,328.50 0 0
github.com/mikhailmogilnikov/go/final/gateway/internal/pb/ledger/v1/ledger.pb.go:330.71,332.14 2 0
github.com/mikhailmogilnikov/go/final/gateway/internal/pb/ledger/v1/ledger.pb.go:332.14,334.34 2 0
github.com/mikhailmogilnikov/go/final/gateway/internal/pb/ledger/v1/ledger.pb.go:334.34,336.4 1 0
github.com/mikhailmogilnikov/go/final/gateway/internal/pb/ledger/v1/ledger.pb.go:337.3,337.12 1 0
github.com/mikhailmogilnikov/go/final/gateway/internal/pb/ledger/v1/ledger.pb.go:339.2,339.24 1 0
github.com/mikhailmogilnikov/go/final/gateway/internal/pb/ledger/v1/ledger.pb.go:342.62,344.2 1 0
github.com/mikhailmogilnikov/go/final/gateway/internal/pb/ledger/v1/ledger.pb.go:346.68,347.14 1 0
github.com/mikhailmogilnikov/go/final/gateway/internal/pb/ledger/v1/ledger.pb.go:347.14,349.3 1 0
github.com/mikhailmogilnikov/go/final/gateway/internal/pb/ledger/v1/ledger.pb.go:350.2,350.12 1 0
github.com/mikhailmogilnikov/go/final/gateway/internal/pb/ledger/v1/ledger.pb.go:364.26,369.2 4 0
github.com/mikhailmogilnikov/go/final/gateway/internal/pb/ledger/v1/ledger.pb.go:371.34,373.2 1 0
github.com/mikhailmogilnikov/go/final/gateway/internal/pb/ledger/v1/ledger.pb.go:375.32,375.33 0 0
github.com/mikhailmogilnikov/go/final/gateway/internal/pb/ledger/v1/ledger.pb.go:377.54,379.14 2 0
github.com/mikhailmogilnikov/go/final/gateway/internal/pb/ledger/v1/ledger.pb.go:379.14,381.34 2 0
github.com/mikhailmogilnikov/go/final/gateway/internal/pb/ledger/v1/ledger.pb.go:381.34,383.4 1 0
github.com/mikhailmogilnikov/go/final/gateway/internal/pb/ledger/v1/ledger.pb.go:384.3,384.12 1 0
github.com/mikhailmogilnikov/go/final/gateway/internal/pb/ledger/v1/ledger.pb.go:386.2,386.24 1 0
github.com/mikhailmogilnikov/go/final/gateway/internal/pb/ledger/v1/ledger.pb.go:389.45,391.2 1 0
github.com/mikhailmogilnikov/go/final/gateway/internal/pb/ledger/v1/ledger.pb.go:393.32,394.14 1 0
github.com/mikhailmogilnikov/go/final/gateway/internal/pb/ledger/v1/ledger.pb.go:394.14,396.3 1 0
github.com/mikhailmogilnikov/go/final/gateway/internal/pb/ledger/v1/ledger.pb.go:397.2,397.10 1 0
github.com/mikhailmogilnikov/go/final/gateway/internal/pb/ledger/v1/ledger.pb.go:400.36,401.14 1 0
github.com/mikhailmogilnikov/go/final/gateway/internal/pb/ledger/v1/ledger.pb.go:401.14,403.3 1 0
github.com/mikhailmogilnikov/go/final/gateway/internal/pb/ledger/v1/ledger.pb.go:404.2,404.10 1 0
github.com/mikhailmogilnikov/go/final/gateway/internal/pb/ledger/v1/ledger.pb.go:407.39,408.14 1 0
github.com/mikhailmogilnikov/go/final/gateway/internal/pb/ledger/v1/ledger.pb.go:408.14,410.3 1 0
github.com/mikhailmogilnikov/go/final/gateway/internal/pb/ledger/v1/ledger.pb.go:411.2,411.11 1 0
github.com/mikhailmogilnikov/go/final/gateway/internal/pb/ledger/v1/ledger.pb.go:414.43,415.14 1 0
github.com/mikhailmogilnikov/go/final/gateway/internal/pb/ledger/v1/ledger.pb.go:415.14,417.3 1 0
github.com/mikhailmogilnikov/go/final/gateway/internal/pb/ledger/v1/ledger.pb.go:418.2,418.10 1 0
github.com/mikhailmogilnikov/go/final/gateway/internal/pb/ledger/v1/ledger.pb.go:421.37,422.14 1 0
github.com/mikhailmogilnikov/go/final/gateway/internal/pb/ledger/v1/ledger.pb.go:422.14,424.3 1 0
github.com/mikhailmogilnikov/go/final/gateway/internal/pb/ledger/v1/ledger.pb.go:425.2,425.11 1 0
github.com/mikhailmogilnikov/go/final/gateway/internal/pb/ledger/v1/ledger.pb.go:438.36,443.2 4 0
github.com/mikhailmogilnikov/go/final/gateway/internal/pb/ledger/v1/ledger.pb.go:445.44,447.2 1 0
github.com/mikhailmogilnikov/go/final/gateway/internal/pb/ledger/v1/ledger.pb.go:449.42,449.43 0 0
github.com/mikhailmogilnikov/go/final/gateway/internal/pb/ledger/v1/ledger.pb.go:451.64,453.14 2 0
github.com/mikhailmogilnikov/go/final/gateway/internal/pb/ledger/v1/ledger.pb.go:453.14,455.34 2 0
github.com/mikhailmogilnikov/go/final/gateway/internal/pb/ledger/v1/ledger.pb.go:455.34,457.4 1 0
github.com/mikhailmogilnikov/go/final/gateway/internal/pb/ledger/v1/ledger.pb.go:458.3,458.12 1 0
github.com/mikhailmogilnikov/go/final/gateway/internal/pb/ledger/v1/ledger.pb.go:460.2,460.24 1 0
github.com/mikhailmogilnikov/go/final/gateway/internal/pb/ledger/v1/ledger.pb.go:463.55,465.2 1 0
github.com/mikhailmogilnikov/go/final/gateway/internal/pb/ledger/v1/ledger.pb.go:467.46,468.14 1 0
github.com/mikhailmogilnikov/go/final/gateway/internal/pb/ledger/v1/ledger.pb.go:468.14,470.3 1 0
github.com/mikhailmogilnikov/go/final/gateway/internal/pb/ledger/v1/ledger.pb.go:471.2,471.10 1 0
github.com/mikhailmogilnikov/go/final/gateway/internal/pb/ledger/v1/ledger.pb.go:474.49,475.14 1 0
github.com/mikhailmogilnikov/go/final/gateway/internal/pb/ledger/v1/ledger.pb.go:475.14,477.3 1 0
github.com/mikhailmogilnikov/go/final/gateway/internal/pb/ledger/v1/ledger.pb.go:478.2,478.11 1 0
github.com/mikhailmogilnikov/go/final/gateway/internal/pb/ledger/v1/ledger.pb.go:481.53,482.14 1 0
github.com/mikhailmogilnikov/go/final/gateway/internal/pb/ledger/v1/ledger.pb.go:482.14,484.3 1 0
github.com/mikhailmogilnikov/go/final/gateway/internal/pb/ledger/v1/ledger.pb.go:485.2,485.10 1 0
github.com/mikhailmogilnikov/go/final/gateway/internal/pb/ledger/v1/ledger.pb.go:488.47,489.14 1 0
github.com/mikhailmogilnikov/go/final/gateway/internal/pb/ledger/v1/ledger.pb.go:489.14,491.3 1 0
github.com/mikhailmogilnikov/go/final/gateway/internal/pb/ledger/v1/ledger.pb.go:492.2,492.11 1 0
github.com/mikhailmogilnikov/go/final/gateway/internal/pb/ledger/v1/ledger.pb.go:502.37,507.2 4 0
github.com/mikhailmogilnikov/go/final/gateway/internal/pb/ledger/v1/ledger.pb.go:509.45,511.2 1 0
github.com/mikhailmogilnikov/go/final/gateway/internal/pb/ledger/v1/ledger.pb.go:513.43,513.44 0 0
github.com/mikhailmogilnikov/go/final/gateway/internal/pb/ledger/v1/ledger.pb.go:515.65,517.14 2 0
github.com/mikhailmogilnikov/go/final/gateway/internal/pb/ledger/v1/ledger.pb.go:517.14,519.34 2 0
github.com/mikhailmogilnikov/go/final/gateway/internal/pb/ledger/v1/ledger.pb.go:519.34,521.4 1 0
github.com/mikhailmogilnikov/go/final/gateway/internal/pb/ledger/v1/ledger.pb.go:522.3,522.12 1 0
github.com/mikhailmogilnikov/go/final/gateway/internal/pb/ledger/v1/ledger.pb.go:524.2,524.24 1 0
github.com/mikhailmogilnikov/go/final/gateway/internal/pb/ledger/v1/ledger.pb.go:527.56,529.2 1 0
github.com/mikhailmogilnikov/go/final/gateway/internal/pb/ledger/v1/ledger.pb.go:531.49,532.14 1 0
github.com/mikhailmogilnikov/go/final/gateway/internal/pb/ledger/v1/ledger.pb.go:532.14,534.3 1 0
github.com/mikhailmogilnikov/go/final/gateway/internal/pb/ledger/v1/ledger.pb.go:535.2,535.12 1 0
github.com/mikhailmogilnikov/go/final/gateway/internal/pb/ledger/v1/ledger.pb.go:545.37,550.2 4 0
github.com/mikhailmogilnikov/go/final/gateway/internal/pb/ledger/v1/ledger.pb.go:552.45,554.2 1 0
github.com/mikhailmogilnikov/go/final/gateway/internal/pb/ledger/v1/ledger.pb.go:556.43,556.44 0 0
github.com/mikhailmogilnikov/go/final/gateway/internal/pb/ledger/v1/ledger.pb.go:558.65,560.14 2 0
github.com/mikhailmogilnikov/go/final/gateway/internal/pb/ledger/v1/ledger.pb.go:560.14,562.34 2 0
github.com/mikhailmogilnikov/go/final/gateway/internal/pb/ledger/v1/ledger.pb.go:562.34,564.4 1 0
github.com/mikhailmogilnikov/go/final/gateway/internal/pb/ledger/v1/ledger.pb.go:565.3,565.12 1 0
github.com/mikhailmogilnikov/go/final/gateway/internal/pb/ledger/v1/ledger.pb.go:567.2,567.24 1 0
github.com/mikhailmogilnikov/go/final/gateway/internal/pb/ledger/v1/ledger.pb.go:570.56,572.2 1 0
github.com/mikhailmogilnikov/go/final/gateway/internal/pb/ledger/v1/ledger.pb.go:574.47,575.14 1 0
github.com/mikhailmogilnikov/go/final/gateway/internal/pb/ledger/v1/ledger.pb.go:575.14,577.3 1 0
github.com/mikhailmogilnikov/go/final/gateway/internal/pb/ledger/v1/ledger.pb.go:578.2,578.10 1 0
github.com/mikhailmogilnikov/go/final/gateway/internal/pb/ledger/v1/ledger.pb.go:588.38,593.2 4 0
github.com/mikhailmogilnikov/go/final/gateway/internal/pb/ledger/v1/ledger.pb.go:595.46,597.2 1 0
github.com/mikhailmogilnikov/go/final/gateway/internal/pb/ledger/v1/ledger.pb.go:599.44,599.45 0 0
github.com/mikhailmogilnikov/go/final/gateway/internal/pb/ledger/v1/ledger.pb.go:601.66,603.14 2 0
github.com/mikhailmogilnikov/go/final/gateway/internal/pb/ledger/v1/ledger.pb.go:603.14,605.34 2 0
github.com/mikhailmogilnikov/go/final/gateway/internal/pb/ledger/v1/ledger.pb.go:605.34,607.4 1 0
github.com/mikhailmogilnikov/go/final/gateway/internal/pb/ledger/v1/ledger.pb.go:608.3,608.12 1 0
github.com/mikhailmogilnikov/go/final/gateway/internal/pb/ledger/v1/ledger.pb.go:610.2,610.24 1 0
github.com/mikhailmogilnikov/go/final/gateway/internal/pb/ledger/v1/ledger.pb.go:613.57,615.2 1 0
github.com/mikhailmogilnikov/go/final/gateway/internal/pb/ledger/v1/ledger.pb.go:617.53,618.14 1 0
github.com/mikhailmogilnikov/go/final/gateway/internal/pb/ledger/v1/ledger.pb.go:618.14,620.3 1 0
github.com/mikhailmogilnikov/go/final/gateway/internal/pb/ledger/v1/ledger.pb.go:621.2,621.12 1 0
github.com/mikhailmogilnikov/go/final/gateway/internal/pb/ledger/v1/ledger.pb.go:634.35,639.2 4 0
github.com/mikhailmogilnikov/go/final/gateway/internal/pb/ledger/v1/ledger.pb.go:641.43,643.2 1 0
github.com/mikhailmogilnikov/go/final/gateway/internal/pb/ledger/v1/ledger.pb.go:645.41,645.42 0 0
github.com/mikhailmogilnikov/go/final/gateway/internal/pb/ledger/v1/ledger.pb.go:647.63,649.14 2 0
github.com/mikhailmogilnikov/go/final/gateway/internal/pb/ledger/v1/ledger.pb.go:649.14,651.34 2 0
github.com/mikhailmogilnikov/go/final/gateway/internal/pb/ledger/v1/ledger.pb.go:651.34,653.4 1 0
github.com/mikhailmogilnikov/go/final/gateway/internal/pb/ledger/v1/ledger.pb.go:654.3,654.12 1 0
github.com/mikhailmogilnikov/go/final/gateway/internal/pb/ledger/v1/ledger.pb.go:656.2,656.24 1 0
github.com/mikhailmogilnikov/go/final/gateway/internal/pb/ledger/v1/ledger.pb.go:659.54,661.2 1 0
github.com/mikhailmogilnikov/go/final/gateway/internal/pb/ledger/v1/ledger.pb.go:663.48,664.14 1 0
github.com/mikhailmogilnikov/go/final/gateway/internal/pb/ledger/v1/ledger.pb.go:664.14,666.3 1 0
github.com/mikhailmogilnikov/go/final/gateway/internal/pb/ledger/v1/ledger.pb.go:667.2,667.11 1 0
github.com/mikhailmogilnikov/go/final/gateway/internal/pb/ledger/v1/ledger.pb.go:670.46,671.14 1 0
github.com/mikhailmogilnikov/go/final/gateway/internal/pb/ledger/v1/ledger.pb.go:671.14,673.3 1 0
github.com/mikhailmogilnikov/go/final/gateway/internal/pb/ledger/v1/ledger.pb.go:674.2,674.10 1 0
github.com/mikhailmogilnikov/go/final/gateway/internal/pb/ledger/v1/ledger.pb.go:677.52,678.14 1 0
github.com/mikhailmogilnikov/go/final/gateway/internal/pb/ledger/v1/ledger.pb.go:678.14,680.3 1 0
github.com/mikhailmogilnikov/go/final/gateway/internal/pb/ledger/v1/ledger.pb.go:681.2,681.10 1 0
github.com/mikhailmogilnikov/go/final/gateway/internal/pb/ledger/v1/ledger.pb.go:684.57,685.14 1 0
github.com/mikhailmogilnikov/go/final/gateway/internal/pb/ledger/v1/ledger.pb.go:685.14,687.3 1 0
github.com/mikhailmogilnikov/go/final/gateway/internal/pb/ledger/v1/ledger.pb.go:688.2,688.10 1 0
github.com/mikhailmogilnikov/go/final/gateway/internal/pb/ledger/v1/ledger.pb.go:700.36,705.2 4 0
github.com/mikhailmogilnikov/go/final/gateway/internal/pb/ledger/v1/ledger.pb.go:707.44,709.2 1 0
github.com/mikhailmogilnikov/go/final/gateway/internal/pb/ledger/v1/ledger.pb.go:711.42,711.43 0 0
github.com/mikhailmogilnikov/go/final/gateway/internal/pb/ledger/v1/ledger.pb.go:713.64,715.14 2 0
github.com/mikhailmogilnikov/go/final/gateway/internal/pb/ledger/v1/ledger.pb.go:715.14,717.34 2 0
github.com/mikhailmogilnikov/go/final/gateway/internal/pb/ledger/v1/ledger.pb.go:717.34,719.4 1 0
github.com/mikhailmogilnikov/go/final/gateway/internal/pb/ledger/v1/ledger.pb.go:720.3,720.12 1 0
github.com/mikhailmogilnikov/go/final/gateway/internal/pb/ledger/v1/ledger.pb.go:722.2,722.24 1 0
github.com/mikhailmogilnikov/go/final/gateway/internal/pb/ledger/v1/ledger.pb.go:725.55,727.2 1 0
github.com/mikhailmogilnikov/go/final/gateway/internal/pb/ledger/v1/ledger.pb.go:729.46,730.14 1 0
github.com/mikhailmogilnikov/go/final/gateway/internal/pb/ledger/v1/ledger.pb.go:730.14,732.3 1 0
github.com/mikhailmogilnikov/go/final/gateway/internal/pb/ledger/v1/ledger.pb.go:733.2,733.10 1 0
github.com/mikhailmogilnikov/go/final/gateway/internal/pb/ledger/v1/ledger.pb.go:736.61,737.14 1 0
github.com/mikhailmogilnikov/go/final/gateway/internal/pb/ledger/v1/ledger.pb.go:737.14,739.3 1 0
github.com/mikhailmogilnikov/go/final/gateway/internal/pb/ledger/v1/ledger.pb.go:740.2,740.12 1 0
github.com/mikhailmogilnikov/go/final/gateway/internal/pb/ledger/v1/ledger.pb.go:743.59,744.14 1 0
github.com/mikhailmogilnikov/go/final/gateway/internal/pb/ledger/v1/ledger.pb.go:744.14,746.3 1 0
github.com/mikhailmogilnikov/go/final/gateway/internal/pb/ledger/v1/ledger.pb.go:747.2,747.12 1 0
github.com/mikhailmogilnikov/go/final/gateway/internal/pb/ledger/v1/ledger.pb.go:760.37,765.2 4 0
github.com/mikhailmogilnikov/go/final/gateway/internal/pb/ledger/v1/ledger.pb.go:767.45,769.2 1 0
github.com/mikhailmogilnikov/go/final/gateway/internal/pb/ledger/v1/ledger.pb.go:771.43,771.44 0 0
github.com/mikhailmogilnikov/go/final/gateway/internal/pb/ledger/v1/ledger.pb.go:773.65,775.14 2 0
github.com/mikhailmogilnikov/go/final/gateway/internal/pb/ledger/v1/ledger.pb.go:775.14,777.34 2 0
github.com/mikhailmogilnikov/go/final/gateway/internal/pb/ledger/v1/ledger.pb.go:777.34,779.4 1 0
github.com/mikhailmogilnikov/go/final/gateway/internal/pb/ledger/v1/ledger.pb.go:780.3,780.12 1 0
github.com/mikhailmogilnikov/go/final/gateway/internal/pb/ledger/v1/ledger.pb.go:782.2,782.24 1 0
github.com/mikhailmogilnikov/go/final/gateway/internal/pb/ledger/v1/ledger.pb.go:785.56,787.2 1 0
github.com/mikhailmogilnikov/go/final/gateway/internal/pb/ledger/v1/ledger.pb.go:789.64,790.14 1 0
github.com/mikhailmogilnikov/go/final/gateway/internal/pb/ledger/v1/ledger.pb.go:790.14,792.3 1 0
github.com/mikhailmogilnikov/go/final/gateway/internal/pb/ledger/v1/ledger.pb.go:793.2,793.12 1 0
github.com/mikhailmogilnikov/go/final/gateway/internal/pb/ledger/v1/ledger.pb.go:796.56,797.14 1 0
github.com/mikhailmogilnikov/go/final/gateway/internal/pb/ledger/v1/ledger.pb.go:797.14,799.3 1 0
github.com/mikhailmogilnikov/go/final/gateway/internal/pb/ledger/v1/ledger.pb.go:800.2,800.10 1 0
github.com/mikhailmogilnikov/go/final/gateway/internal/pb/ledger/v1/ledger.pb.go:803.62,804.14 1 0
github.com/mikhailmogilnikov/go/final/gateway/internal/pb/ledger/v1/ledger.pb.go:804.14,806.3 1 0
github.com/mikhailmogilnikov/go/final/gateway/internal/pb/ledger/v1/ledger.pb.go:807.2,807.12 1 0
github.com/mikhailmogilnikov/go/final/gateway/internal/pb/ledger/v1/ledger.pb.go:810.60,811.14 1 0
github.com/mikhailmogilnikov/go/final/gateway/internal/pb/ledger/v1/ledger.pb.go:811.14,813.3 1 0
github.com/mikhailmogilnikov/go/final/gateway/internal/pb/ledger/v1/ledger.pb.go:814.2,814.12 1 0
github.com/mikhailmogilnikov/go/final/gateway/internal/pb/ledger/v1/ledger.pb.go:825.36,830.2 4 0
github.com/mikhailmogilnikov/go/final/gateway/internal/pb/ledger/v1/ledger.pb.go:832.44,834.2 1 0
github.com/mikhailmogilnikov/go/final/gateway/internal/pb/ledger/v1/ledger.pb.go:836.42,836.43 0 0
github.com/mikhailmogilnikov/go/final/gateway/internal/pb/ledger/v1/ledger.pb.go:838.64,840.14 2 0
github.com/mikhailmogilnikov/go/final/gateway/internal/pb/ledger/v1/ledger.pb.go:840.14,842.34 2 0
github.com/mikhailmogilnikov/go/final/gateway/internal/pb/ledger/v1/ledger.pb.go:842.34,844.4 1 0
github.com/mikhailmogilnikov/go/final/gateway/internal/pb/ledger/v1/ledger.pb.go:845.3,845.12 1 0
github.com/mikhailmogilnikov/go/final/gateway/internal/pb/ledger/v1/ledger.pb.go:847.2,847.24 1 0
github.com/mikhailmogilnikov/go/final/gateway/internal/pb/ledger/v1/ledger.pb.go:850.55,852.2 1 0
github.com/mikhailmogilnikov/go/final/gateway/internal/pb/ledger/v1/ledger.pb.go:854.46,855.14 1 0
github.com/mikhailmogilnikov/go/final/gateway/internal/pb/ledger/v1/ledger.pb.go:855.14,857.3 1 0
github.com/mikhailmogilnikov/go/final/gateway/internal/pb/ledger/v1/ledger.pb.go:858.2,858.10 1 0
github.com/mikhailmogilnikov/go/final/gateway/internal/pb/ledger/v1/ledger.pb.go:861.48,862.14 1 0
github.com/mikhailmogilnikov/go/final/gateway/internal/pb/ledger/v1/ledger.pb.go:862.14,864.3 1 0
github.com/mikhailmogilnikov/go/final/gateway/internal/pb/ledger/v1/ledger.pb.go:865.2,865.12 1 0
github.com/mikhailmogilnikov/go/final/gateway/internal/pb/ledger/v1/ledger.pb.go:877.37,882.2 4 0
github.com/mikhailmogilnikov/go/final/gateway/internal/pb/ledger/v1/ledger.pb.go:884.45,886.2 1 0
github.com/mikhailmogilnikov/go/final/gateway/internal/pb/ledger/v1/ledger.pb.go:888.43,888.44 0 0
github.com/mikhailmogilnikov/go/final/gateway/internal/pb/ledger/v1/ledger.pb.go:890.65,892.14 2 0
github.com/mikhailmogilnikov/go/final/gateway/internal/pb/ledger/v1/ledger.pb.go:892.14,894.34 2 0
github.com/mikhailmogilnikov/go/final/gateway/internal/pb/ledger/v1/ledger.pb.go:894.34,896.4 1 0
github.com/mikhailmogilnikov/go/final/gateway/internal/pb/ledger/v1/ledger.pb.go:897.3,897.12 1 0
github.com/mikhailmogilnikov/go/final/gateway/internal/pb/ledger/v1/ledger.pb.go:899.2,899.24 1 0
github.com/mikhailmogilnikov/go/final/gateway/internal/pb/ledger/v1/ledger.pb.go:902.56,904.2 1 0
github.com/mikhailmogilnikov/go/final/gateway/internal/pb/ledger/v1/ledger.pb.go:906.54,907.14 1 0
github.com/mikhailmogilnikov/go/final/gateway/internal/pb/ledger/v1/ledger.pb.go:907.14,909.3 1 0
github.com/mikhailmogilnikov/go/final/gateway/internal/pb/ledger/v1/ledger.pb.go:910.2,910.10 1 0
github.com/mikhailmogilnikov/go/final/gateway/internal/pb/ledger/v1/ledger.pb.go:913.53,914.14 1 0
github.com/mikhailmogilnikov/go/final/gateway/internal/pb/ledger/v1/ledger.pb.go:914.14,916.3 1 0
github.com/mikhailmogilnikov/go/final/gateway/internal/pb/ledger/v1/ledger.pb.go:917.2,917.10 1 0
github.com/mikhailmogilnikov/go/final/gateway/internal/pb/ledger/v1/ledger.pb.go:920.50,921.14 1 0
github.com/mikhailmogilnikov/go/final/gateway/internal/pb/ledger/v1/ledger.pb.go:921.14,923.3 1 0
github.com/mikhailmogilnikov/go/final/gateway/internal/pb/ledger/v1/ledger.pb.go:924.2,924.12 1 0
github.com/mikhailmogilnikov/go/final/gateway/internal/pb/ledger/v1/ledger.pb.go:936.36,941.2 4 0
github.com/mikhailmogilnikov/go/final/gateway/internal/pb/ledger/v1/ledger.pb.go:943.44,945.2 1 0
github.com/mikhailmogilnikov/go/final/gateway/internal/pb/ledger/v1/ledger.pb.go:947.42,947.43 0 0
github.com/mikhailmogilnikov/go/final/gateway/internal/pb/ledger/v1/ledger.pb.go:949.64,951.14 2 0
github.com/mikhailmogilnikov/go/final/gateway/internal/pb/ledger/v1/ledger.pb.go:951.14,953.34 2 0
github.com/mikhailmogilnikov/go/final/gateway/internal/pb/ledger/v1/ledger.pb.go:953.34,955.4 1 0
github.com/mikhailmogilnikov/go/final/gateway/internal/pb/ledger/v1/ledger.pb.go:956.3,956.12 1 0
github.com/mikhailmogilnikov/go/final/gateway/internal/pb/ledger/v1/ledger.pb.go:958.2,958.24 1 0
github.com/mikhailmogilnikov/go/final/gateway/internal/pb/ledger/v1/ledger.pb.go:961.55,963.2 1 0
github.com/mikhailmogilnikov/go/final/gateway/internal/pb/ledger/v1/ledger.pb.go:965.46,966.14 1 0
github.com/mikhailmogilnikov/go/final/gateway/internal/pb/ledger/v1/ledger.pb.go:966.14,968.3 1 0
github.com/mikhailmogilnikov/go/final/gateway/internal/pb/ledger/v1/ledger.pb.go:969.2,969.10 1 0
github.com/mikhailmogilnikov/go/final/gateway/internal/pb/ledger/v1/ledger.pb.go:972.61,973.14 1 0
github.com/mikhailmogilnikov/go/final/gateway/internal/pb/ledger/v1/ledger.pb.go:973.14,975.3 1 0
github.com/mikhailmogilnikov/go/final/gateway/internal/pb/ledger/v1/ledger.pb.go:976.2,976.12 1 0
github.com/mikhailmogilnikov/go/final/gateway/internal/pb/ledger/v1/ledger.pb.go:979.59,980.14 1 0
github.com/mikhailmogilnikov/go/final/gateway/internal/pb/ledger/v1/ledger.pb.go:980.14,982.3 1 0
github.com/mikhailmogilnikov/go/final/gateway/internal/pb/ledger/v1/ledger.pb.go:983.2,983.12 1 0
github.com/mikhailmogilnikov/go/final/gateway/internal/pb/ledger/v1/ledger.pb.go:994.37,999.2 4 0
github.com/mikhailmogilnikov/go/final/gateway/internal/pb/ledger/v1/ledger.pb.go:1001.45,1003.2 1 0
github.com/mikhailmogilnikov/go/final/gateway/internal/pb/ledger/v1/ledger.pb.go:1005.43,1005.44 0 0
github.com/mikhailmogilnikov/go/final/gateway/internal/pb/ledger/v1/ledger.pb.go:1007.65,1009.14 2 0
github.com/mikhailmogilnikov/go/final/gateway/internal/pb/ledger/v1/ledger.pb.go:1009.14,1011.34 2 0
github.com/mikhailmogilnikov/go/final/gateway/internal/pb/ledger/v1/ledger.pb.go:1011.34,1013.4 1 0
github.com/mikhailmogilnikov/go/final/gateway/internal/pb/ledger/v1/ledger.pb.go:1014.3,1014.12 1 0
github.com/mikhailmogilnikov/go/final/gateway/internal/pb/ledger/v1/ledger.pb.go:1016.2,1016.24 1 0
github.com/mikhailmogilnikov/go/final/gateway/internal/pb/ledger/v1/ledger.pb.go:1019.56,1021.2 1 0
github.com/mikhailmogilnikov/go/final/gateway/internal/pb/ledger/v1/ledger.pb.go:1023.49,1024.14 1 0
github.com/mikhailmogilnikov/go/final/gateway/internal/pb/ledger/v1/ledger.pb.go:1024.14,1026.3 1 0
github.com/mikhailmogilnikov/go/final/gateway/internal/pb/ledger/v1/ledger.pb.go:1027.2,1027.12 1 0
github.com/mikhailmogilnikov/go/final/gateway/internal/pb/ledger/v1/ledger.pb.go:1030.50,1031.14 1 0
github.com/mikhailmogilnikov/go/final/gateway/internal/pb/ledger/v1/ledger.pb.go:1031.14,1033.3 1 0
github.com/mikhailmogilnikov/go/final/gateway/internal/pb/ledger/v1/ledger.pb.go:1034.2,1034.10 1 0
github.com/mikhailmogilnikov/go/final/gateway/internal/pb/ledger/v1/ledger.pb.go:1131.45,1132.42 1 0
github.com/mikhailmogilnikov/go/final/gateway/internal/pb/ledger/v1/ledger.pb.go:1132.42,1134.3 1 0
github.com/mikhailmogilnikov/go/final/gateway/internal/pb/ledger/v1/ledger.pb.go:1135.2,1135.38 1 0
github.com/mikhailmogilnikov/go/final/gateway/internal/pb/ledger/v1/ledger.pb.go:1197.13,1197.41 1 0
github.com/mikhailmogilnikov/go/final/gateway/internal/pb/ledger/v1/ledger.pb.go:1198.31,1199.30 1 0
github.com/mikhailmogilnikov/go/final/gateway/internal/pb/ledger/v1/ledger.pb.go:1199.30,1201.3 1 0
github.com/mikhailmogilnikov/go/final/gateway/internal/pb/ledger/v1/ledger.pb.go:1202.2,1218.33 5 0
github.com/mikhailmogilnikov/go/final/gateway/internal/pb/ledger/v1/ledger_grpc.pb.go:37.78,39.2 1 0
github.com/mikhailmogilnikov/go/final/gateway/internal/pb/ledger/v1/ledger_grpc.pb.go:41.152,45.16 4 0
github.com/mikhailmogilnikov/go/final/gateway/internal/pb/ledger/v1/ledger_grpc.pb.go:45.16,47.3 1 0
github.com/mikhailmogilnikov/go/final/gateway/internal/pb/ledger/v1/ledger_grpc.pb.go:48.2,48.17 1 0
github.com/mikhailmogilnikov/go/final/gateway/internal/pb/ledger/v1/ledger_grpc.pb.go:51.155,55.16 4 0
github.com/mikhailmogilnikov/go/final/gateway/internal/pb/ledger/v1/ledger_grpc.pb.go:55.16,57.3 1 0
github.com/mikhailmogilnikov/go/final/gateway/internal/pb/ledger/v1/ledger_grpc.pb.go:58.2,58.17 1 0
github.com/mikhailmogilnikov/go/final/gateway/internal/pb/ledger/v1/ledger_grpc.pb.go:61.137,65.16 4 0
github.com/mikhailmogilnikov/go/final/gateway/internal/pb/ledger/v1/ledger_grpc.pb.go:65.16,67.3 1 0
github.com/mikhailmogilnikov/go/final/gateway/internal/pb/ledger/v1/ledger_grpc.pb.go:68.2,68.17 1 0
github.com/mikhailmogilnikov/go/final/gateway/internal/pb/ledger/v1/ledger_grpc.pb.go:71.140,75.16 4 0
github.com/mikhailmogilnikov/go/final/gateway/internal/pb/ledger/v1/ledger_grpc.pb.go:75.16,77.3 1 0
github.com/mikhailmogilnikov/go/final/gateway/internal/pb/ledger/v1/ledger_grpc.pb.go:78.2,78.17 1 0
github.com/mikhailmogilnikov/go/final/gateway/internal/pb/ledger/v1/ledger_grpc.pb.go:81.137,85.16 4 0
github.com/mikhailmogilnikov/go/final/gateway/internal/pb/ledger/v1/ledger_grpc.pb.go:85.16,87.3 1 0
github.com/mikhailmogilnikov/go/final/gateway/internal/pb/ledger/v1/ledger_grpc.pb.go:88.2,88.17 1 0
github.com/mikhailmogilnikov/go/final/gateway/internal/pb/ledger/v1/ledger_grpc.pb.go:91.137,95.16 4 0
github.com/mikhailmogilnikov/go/final/gateway/internal/pb/ledger/v1/ledger_grpc.pb.go:95.16,97.3 1 0
github.com/mikhailmogilnikov/go/final/gateway/internal/pb/ledger/v1/ledger_grpc.pb.go:98.2,98.17 1 0
github.com/mikhailmogilnikov/go/final/gateway/internal/pb/ledger/v1/ledger_grpc.pb.go:101.137,105.16 4 0
github.com/mikhailmogilnikov/go/final/gateway/internal/pb/ledger/v1/ledger_grpc.pb.go:105.16,107.3 1 0
github.com/mikhailmogilnikov/go/final/gateway/internal/pb/ledger/v1/ledger_grpc.pb.go:108.2,108.17 1 0
github.com/mikhailmogilnikov/go/final/gateway/internal/pb/ledger/v1/ledger_grpc.pb.go:124.130,126.2 1 0
github.com/mikhailmogilnikov/go/final/gateway/internal/pb/ledger/v1/ledger_grpc.pb.go:127.133,129.2 1 0
github.com/mikhailmogilnikov/go/final/gateway/internal/pb/ledger/v1/ledger_grpc.pb.go:130.115,132.2 1 0
github.com/mikhailmogilnikov/go/final/gateway/internal/pb/ledger/v1/ledger_grpc.pb.go:133.118,135.2 1 0
github.com/mikhailmogilnikov/go/final/gateway/internal/pb/ledger/v1/ledger_grpc.pb.go:136.115,138.2 1 0
github.com/mikhailmogilnikov/go/final/gateway/internal/pb/ledger/v1/ledger_grpc.pb.go:139.115,141.2 1 0
github.com/mikhailmogilnikov/go/final/gateway/internal/pb/ledger/v1/ledger_grpc.pb.go:142.115,144.2 1 0
github.com/mikhailmogilnikov/go/final/gateway/internal/pb/ledger/v1/ledger_grpc.pb.go:145.86,145.87 0 0
github.com/mikhailmogilnikov/go/final/gateway/internal/pb/ledger/v1/ledger_grpc.pb.go:146.86,146.87 0 0
github.com/mikhailmogilnikov/go/final/gateway/internal/pb/ledger/v1/ledger_grpc.pb.go:152.84,153.59 1 0
github.com/mikhailmogilnikov/go/final/gateway/internal/pb/ledger/v1/ledger_grpc.pb.go:153.59,155.3 1 0
github.com/mikhailmogilnikov/go/final/gateway/internal/pb/ledger/v1/ledger_grpc.pb.go:156.2,156.52 1 0
github.com/mikhailmogilnikov/go/final/gateway/internal/pb/ledger/v1/ledger_grpc.pb.go:159.173,161.32 2 0
github.com/mikhailmogilnikov/go/final/gateway/internal/pb/ledger/v1/ledger_grpc.pb.go:161.32,163.3 1 0
github.com/mikhailmogilnikov/go/final/gateway/internal/pb/ledger/v1/ledger_grpc.pb.go:164.2,164.24 1 0
github.com/mikhailmogilnikov/go/final/gateway/internal/pb/ledger/v1/ledger_grpc.pb.go:164.24,166.3 1 0
github.com/mikhailmogilnikov/go/final/gateway/internal/pb/ledger/v1/ledger_grpc.pb.go:167.2,171.77 2 0
github.com/mikhailmogilnikov/go/final/gateway/internal/pb/ledger/v1/ledger_grpc.pb.go:171.77,173.3 1 0
github.com/mikhailmogilnikov/go/final/gateway/internal/pb/ledger/v1/ledger_grpc.pb.go:174.2,174.44 1 0
github.com/mikhailmogilnikov/go/final/gateway/internal/pb/ledger/v1/ledger_grpc.pb.go:177.174,179.32 2 0
github.com/mikhailmogilnikov/go/final/gateway/internal/pb/ledger/v1/ledger_grpc.pb.go:179.32,181.3 1 0
github.com/mikhailmogilnikov/go/final/gateway/internal/pb/ledger/v1/ledger_grpc.pb.go:182.2,182.24 1 0
github.com/mikhailmogilnikov/go/final/gateway/internal/pb/ledger/v1/ledger_grpc.pb.go:182.24,184.3 1 0
github.com/mikhailmogilnikov/go/final/gateway/internal/pb/ledger/v1/ledger_grpc.pb.go:185.2,189.77 2 0
github.com/mikhailmogilnikov/go/final/gateway/internal/pb/ledger/v1/ledger_grpc.pb.go:189.77,191.3 1 0
github.com/mikhailmogilnikov/go/final/gateway/internal/pb/ledger/v1/ledger_grpc.pb.go:192.2,192.44 1 0
github.com/mikhailmogilnikov/go/final/gateway/internal/pb/ledger/v1/ledger_grpc.pb.go:195.168,197.32 2 0
github.com/mikhailmogilnikov/go/final/gateway/internal/pb/ledger/v1/ledger_grpc.pb.go:197.32,199.3 1 0
github.com/mikhailmogilnikov/go/final/gateway/internal/pb/ledger/v1/ledger_grpc.pb.go:200.2,200.24 1 0
github.com/mikhailmogilnikov/go/final/gateway/internal/pb/ledger/v1/ledger_grpc.pb.go:200.24,202.3 1 0
github.com/mikhailmogilnikov/go/final/gateway/internal/pb/ledger/v1/ledger_grpc.pb.go:203.2,207.77 2 0
github.com/mikhailmogilnikov/go/final/gateway/internal/pb/ledger/v1/ledger_grpc.pb.go:207.77,209.3 1 0
github.com/mikhailmogilnikov/go/final/gateway/internal/pb/ledger/v1/ledger_grpc.pb.go:210.2,210.44 1 0
github.com/mikhailmogilnikov/go/final/gateway/internal/pb/ledger/v1/ledger_grpc.pb.go:213.169,215.32 2 0
github.com/mikhailmogilnikov/go/final/gateway/internal/pb/ledger/v1/ledger_grpc.pb.go:215.32,217.3 1 0
github.com/mikhailmogilnikov/go/final/gateway/internal/pb/ledger/v1/ledger_grpc.pb.go:218.2,218.24 1 0
github.com/mikhailmogilnikov/go/final/gateway/internal/pb/ledger/v1/ledger_grpc.pb.go:218.24,220.3 1 0
github.com/mikhailmogilnikov/go/final/gateway/internal/pb/ledger/v1/ledger_grpc.pb.go:221.2,225.77 2 0
github.com/mikhailmogilnikov/go/final/gateway/internal/pb/ledger/v1/ledger_grpc.pb.go:225.77,227.3 1 0
github.com/mikhailmogilnikov/go/final/gateway/internal/pb/ledger/v1/ledger_grpc.pb.go:228.2,228.44 1 0
github.com/mikhailmogilnikov/go/final/gateway/internal/pb/ledger/v1/ledger_grpc.pb.go:231.168,233.32 2 0
github.com/mikhailmogilnikov/go/final/gateway/internal/pb/ledger/v1/ledger_grpc.pb.go:233.32,235.3 1 0
github.com/mikhailmogilnikov/go/final/gateway/internal/pb/ledger/v1/ledger_grpc.pb.go:236.2,236.24 1 0
github.com/mikhailmogilnikov/go/final/gateway/internal/pb/ledger/v1/ledger_grpc.pb.go:236.24,238.3 1 0
github.com/mikhailmogilnikov/go/final/gateway/internal/pb/ledger/v1/ledger_grpc.pb.go:239.2,243.77 2 0
github.com/mikhailmogilnikov/go/final/gateway/internal/pb/ledger/v1/ledger_grpc.pb.go:243.77,245.3 1 0
github.com/mikhailmogilnikov/go/final/gateway/internal/pb/ledger/v1/ledger_grpc.pb.go:246.2,246.44 1 0
github.com/mikhailmogilnikov/go/final/gateway/internal/pb/ledger/v1/ledger_grpc.pb.go:249.168,251.32 2 0
github.com/mikhailmogilnikov/go/final/gateway/internal/pb/ledger/v1/ledger_grpc.pb.go:251.32,253.3 1 0
github.com/mikhailmogilnikov/go/final/gateway/internal/pb/ledger/v1/ledger_grpc.pb.go:254.2,254.24 1 0
github.com/mikhailmogilnikov/go/final/gateway/internal/pb/ledger/v1/ledger_grpc.pb.go:254.24,256.3 1 0
github.com/mikhailmogilnikov/go/final/gateway/internal/pb/ledger/v1/ledger_grpc.pb.go:257.2,261.77 2 0
github.com/mikhailmogilnikov/go/final/gateway/internal/pb/ledger/v1/ledger_grpc.pb.go:261.77,263.3 1 0
github.com/mikhailmogilnikov/go/final/gateway/internal/pb/ledger/v1/ledger_grpc.pb.go:264.2,264.44 1 0
github.com/mikhailmogilnikov/go/final/gateway/internal/pb/ledger/v1/ledger_grpc.pb.go:267.168,269.32 2 0
github.com/mikhailmogilnikov/go/final/gateway/internal/pb/ledger/v1/ledger_grpc.pb.go:269.32,271.3 1 0
github.com/mikhailmogilnikov/go/final/gateway/internal/pb/ledger/v1/ledger_grpc.pb.go:272.2,272.24 1 0
github.com/mikhailmogilnikov/go/final/gateway/internal/pb/ledger/v1/ledger_grpc.pb.go:272.24,274.3 1 0
github.com/mikhailmogilnikov/go/final/gateway/internal/pb/ledger/v1/ledger_grpc.pb.go:275.2,279.77 2 0
github.com/mikhailmogilnikov/go/final/gateway/internal/pb/ledger/v1/ledger_grpc.pb.go:279.77,281.3 1 0
github.com/mikhailmogilnikov/go/final/gateway/internal/pb/ledger/v1/ledger_grpc.pb.go:282.2,282.44 1 0
github.com/mikhailmogilnikov/go/final/gateway/internal/pb/auth/v1/auth.pb.go:25.35,30.2 4 0
github.com/mikhailmogilnikov/go/final/gateway/internal/pb/auth/v1/auth.pb.go:32.43,34.2 1 0
github.com/mikhailmogilnikov/go/final/gateway/internal/pb/auth/v1/auth.pb.go:36.41,36.42 0 0
github.com/mikhailmogilnikov/go/final/gateway/internal/pb/auth/v1/auth.pb.go:38.63,40.14 2 0
github.com/mikhailmogilnikov/go/final/gateway/internal/pb/auth/v1/auth.pb.go:40.14,42.34 2 0
github.com/mikhailmogilnikov/go/final/gateway/internal/pb/auth/v1/auth.pb.go:42.34,44.4 1 0
github.com/mikhailmogilnikov/go/final/gateway/internal/pb/auth/v1/auth.pb.go:45.3,45.12 1 0
github.com/mikhailmogilnikov/go/final/gateway/internal/pb/auth/v1/auth.pb.go:47.2,47.24 1 0
github.com/mikhailmogilnikov/go/final/gateway/internal/pb/auth/v1/auth.pb.go:50.54,52.2 1 0
github.com/mikhailmogilnikov/go/final/gateway/internal/pb/auth/v1/auth.pb.go:54.45,55.14 1 0
github.com/mikhailmogilnikov/go/final/gateway/internal/pb/auth/v1/auth.pb.go:55.14,57.3 1 0
github.com/mikhailmogilnikov/go/final/gateway/internal/pb/auth/v1/auth.pb.go:58.2,58.11 1 0
github.com/mikhailmogilnikov/go/final/gateway/internal/pb/auth/v1/auth.pb.go:61.48,62.14 1 0
github.com/mikhailmogilnikov/go/final/gateway/internal/pb/auth/v1/auth.pb.go:62.14,64.3 1 0
github.com/mikhailmogilnikov/go/final/gateway/internal/pb/auth/v1/auth.pb.go:65.2,65.11 1 0
github.com/mikhailmogilnikov/go/final/gateway/internal/pb/auth/v1/auth.pb.go:76.36,81.2 4 0
github.com/mikhailmogilnikov/go/final/gateway/internal/pb/auth/v1/auth.pb.go:83.44,85.2 1 0
github.com/mikhailmogilnikov/go/final/gateway/internal/pb/auth/v1/auth.pb.go:87.42,87.43 0 0
github.com/mikhailmogilnikov/go/final/gateway/internal/pb/auth/v1/auth.pb.go:89.64,91.14 2 0
github.com/mikhailmogilnikov/go/final/gateway/internal/pb/auth/v1/auth.pb.go:91.14,93.34 2 0
github.com/mikhailmogilnikov/go/final/gateway/internal/pb/auth/v1/auth.pb.go:93.34,95.4 1 0
github.com/mikhailmogilnikov/go/final/gateway/internal/pb/auth/v1/auth.pb.go:96.3,96.12 1 0
github.com/mikhailmogilnikov/go/final/gateway/internal/pb/auth/v1/auth.pb.go:98.2,98.24 1 0
github.com/mikhailmogilnikov/go/final/gateway/internal/pb/auth/v1/auth.pb.go:101.55,103.2 1 0
github.com/mikhailmogilnikov/go/final/gateway/internal/pb/auth/v1/auth.pb.go:105.46,106.14 1 0
github.com/mikhailmogilnikov/go/final/gateway/internal/pb/auth/v1/auth.pb.go:106.14,108.3 1 0
github.com/mikhailmogilnikov/go/final/gateway/internal/pb/auth/v1/auth.pb.go:109.2,109.10 1 0
github.com/mikhailmogilnikov/go/final/gateway/internal/pb/auth/v1/auth.pb.go:112.46,113.14 1 0
github.com/mikhailmogilnikov/go/final/gateway/internal/pb/auth/v1/auth.pb.go:113.14,115.3 1 0
github.com/mikhailmogilnikov/go/final/gateway/internal/pb/auth/v1/auth.pb.go:116.2,116.11 1 0
github.com/mikhailmogilnikov/go/final/gateway/internal/pb/auth/v1/auth.pb.go:127.32,132.2 4 0
github.com/mikhailmogilnikov/go/final/gateway/internal/pb/auth/v1/auth.pb.go:134.40,136.2 1 0
github.com/mikhailmogilnikov/go/final/gateway/internal/pb/auth/v1/auth.pb.go:138.38,138.39 0 0
github.com/mikhailmogilnikov/go/final/gateway/internal/pb/auth/v1/auth.pb.go:140.60,142.14 2 0
github.com/mikhailmogilnikov/go/final/gateway/internal/pb/auth/v1/auth.pb.go:142.14,144.34 2 0
github.com/mikhailmogilnikov/go/final/gateway/internal/pb/auth/v1/auth.pb.go:144.34,146.4 1 0
github.com/mikhailmogilnikov/go/final/gateway/internal/pb/auth/v1/auth.pb.go:147.3,147.12 1 0
github.com/mikhailmogilnikov/go/final/gateway/internal/pb/auth/v1/auth.pb.go:149.2,149.24 1 0
github.com/mikhailmogilnikov/go/final/gateway/internal/pb/auth/v1/auth.pb.go:152.51,154.2 1 0
github.com/mikhailmogilnikov/go/final/gateway/internal/pb/auth/v1/auth.pb.go:156.42,157.14 1 0
github.com/mikhailmogilnikov/go/final/gateway/internal/pb/auth/v1/auth.pb.go:157.14,159.3 1 0
github.com/mikhailmogilnikov/go/final/gateway/internal/pb/auth/v1/auth.pb.go:160.2,160.11 1 0
github.com/mikhailmogilnikov/go/final/gateway/internal/pb/auth/v1/auth.pb.go:163.45,164.14 1 0
github.com/mikhailmogilnikov/go/final/gateway/internal/pb/auth/v1/auth.pb.go:164.14,166.3 1 0
github.com/mikhailmogilnikov/go/final/gateway/internal/pb/auth/v1/auth.pb.go:167.2,167.11 1 0
github.com/mikhailmogilnikov/go/final/gateway/internal/pb/auth/v1/auth.pb.go:178.33,183.2 4 0
github.com/mikhailmogilnikov/go/final/gateway/internal/pb/auth/v1/auth.pb.go:185.41,187.2 1 0
github.com/mikhailmogilnikov/go/final/gateway/internal/pb/auth/v1/auth.pb.go:189.39,189.40 0 0
github.com/mikhailmogilnikov/go/final/gateway/internal/pb/auth/v1/auth.pb.go:191.61,193.14 2 0
github.com/mikhailmogilnikov/go/final/gateway/internal/pb/auth/v1/auth.pb.go:193.14,195.34 2 0
github.com/mikhailmogilnikov/go/final/gateway/internal/pb/auth/v1/auth.pb.go:195.34,197.4 1 0
github.com/mikhailmogilnikov/go/final/gateway/internal/pb/auth/v1/auth.pb.go:198.3,198.12 1 0
github.com/mikhailmogilnikov/go/final/gateway/internal/pb/auth/v1/auth.pb.go:200.2,200.24 1 0
github.com/mikhailmogilnikov/go/final/gateway/internal/pb/auth/v1/auth.pb.go:203.52,205.2 1 0
github.com/mikhailmogilnikov/go/final/gateway/internal/pb/auth/v1/auth.pb.go:207.43,208.14 1 0
github.com/mikhailmogilnikov/go/final/gateway/internal/pb/auth/v1/auth.pb.go:208.14,210.3 1 0
github.com/mikhailmogilnikov/go/final/gateway/internal/pb/auth/v1/auth.pb.go:211.2,211.10 1 0
github.com/mikhailmogilnikov/go/final/gateway/internal/pb/auth/v1/auth.pb.go:214.43,215.14 1 0
github.com/mikhailmogilnikov/go/final/gateway/internal/pb/auth/v1/auth.pb.go:215.14,217.3 1 0
github.com/mikhailmogilnikov/go/final/gateway/internal/pb/auth/v1/auth.pb.go:218.2,218.11 1 0
github.com/mikhailmogilnikov/go/final/gateway/internal/pb/auth/v1/auth.pb.go:228.40,233.2 4 0
github.com/mikhailmogilnikov/go/final/gateway/internal/pb/auth/v1/auth.pb.go:235.48,237.2 1 0
github.com/mikhailmogilnikov/go/final/gateway/internal/pb/auth/v1/auth.pb.go:239.46,239.47 0 0
github.com/mikhailmogilnikov/go/final/gateway/internal/pb/auth/v1/auth.pb.go:241.68,243.14 2 0
github.com/mikhailmogilnikov/go/final/gateway/internal/pb/auth/v1/auth.pb.go:243.14,245.34 2 0
github.com/mikhailmogilnikov/go/final/gateway/internal/pb/auth/v1/auth.pb.go:245.34,247.4 1 0
github.com/mikhailmogilnikov/go/final/gateway/internal/pb/auth/v1/auth.pb.go:248.3,248.12 1 0
github.com/mikhailmogilnikov/go/final/gateway/internal/pb/auth/v1/auth.pb.go:250.2,250.24 1 0
github.com/mikhailmogilnikov/go/final/gateway/internal/pb/auth/v1/auth.pb.go:253.59,255.2 1 0
github.com/mikhailmogilnikov/go/final/gateway/internal/pb/auth/v1/auth.pb.go:257.50,258.14 1 0
github.com/mikhailmogilnikov/go/final/gateway/internal/pb/auth/v1/auth.pb.go:258.14,260.3 1 0
github.com/mikhailmogilnikov/go/final/gateway/internal/pb/auth/v1/auth.pb.go:261.2,261.11 1 0
github.com/mikhailmogilnikov/go/final/gateway/internal/pb/auth/v1/auth.pb.go:273.41,278.2 4 0
github.com/mikhailmogilnikov/go/final/gateway/internal/pb/auth/v1/auth.pb.go:280.49,282.2 1 0
github.com/mikhailmogilnikov/go/final/gateway/internal/pb/auth/v1/auth.pb.go:284.47,284.48 0 0
github.com/mikhailmogilnikov/go/final/gateway/internal/pb/auth/v1/auth.pb.go:286.69,288.14 2 0
github.com/mikhailmogilnikov/go/final/gateway/internal/pb/auth/v1/auth.pb.go:288.14,290.34 2 0
github.com/mikhailmogilnikov/go/final/gateway/internal/pb/auth/v1/auth.pb.go:290.34,292.4 1 0
github.com/mikhailmogilnikov/go/final/gateway/internal/pb/auth/v1/auth.pb.go:293.3,293.12 1 0
github.com/mikhailmogilnikov/go/final/gateway/internal/pb/auth/v1/auth.pb.go:295.2,295.24 1 0
github.com/mikhailmogilnikov/go/final/gateway/internal/pb/auth/v1/auth.pb.go:298.60,300.2 1 0
github.com/mikhailmogilnikov/go/final/gateway/internal/pb/auth/v1/auth.pb.go:302.49,303.14 1 0
github.com/mikhailmogilnikov/go/final/gateway/internal/pb/auth/v1/auth.pb.go:303.14,305.3 1 0
github.com/mikhailmogilnikov/go/final/gateway/internal/pb/auth/v1/auth.pb.go:306.2,306.14 1 0
github.com/mikhailmogilnikov/go/final/gateway/internal/pb/auth/v1/auth.pb.go:309.51,310.14 1 0
github.com/mikhailmogilnikov/go/final/gateway/internal/pb/auth/v1/auth.pb.go:310.14,312.3 1 0
github.com/mikhailmogilnikov/go/final/gateway/internal/pb/auth/v1/auth.pb.go:313.2,313.10 1 0
github.com/mikhailmogilnikov/go/final/gateway/internal/pb/auth/v1/auth.pb.go:316.51,317.14 1 0
github.com/mikhailmogilnikov/go/final/gateway/internal/pb/auth/v1/auth.pb.go:317.14,319.3 1 0
github.com/mikhailmogilnikov/go/final/gateway/internal/pb/auth/v1/auth.pb.go:320.2,320.11 1 0
github.com/mikhailmogilnikov/go/final/gateway/internal/pb/auth/v1/auth.pb.go:357.43,358.40 1 0
github.com/mikhailmogilnikov/go/final/gateway/internal/pb/auth/v1/auth.pb.go:358.40,360.3 1 0
github.com/mikhailmogilnikov/go/final/gateway/internal/pb/auth/v1/auth.pb.go:361.2,361.36 1 0
github.com/mikhailmogilnikov/go/final/gateway/internal/pb/auth/v1/auth.pb.go:387.13,387.39 1 0
github.com/mikhailmogilnikov/go/final/gateway/internal/pb/auth/v1/auth.pb.go:388.29,389.28 1 0
github.com/mikhailmogilnikov/go/final/gateway/internal/pb/auth/v1/auth.pb.go:389.28,391.3 1 0
github.com/mikhailmogilnikov/go/final/gateway/internal/pb/auth/v1/auth.pb.go:392.2,408.31 5 0
github.com/mikhailmogilnikov/go/final/gateway/internal/pb/auth/v1/auth_grpc.pb.go:29.74,31.2 1 0
github.com/mikhailmogilnikov/go/final/gateway/internal/pb/auth/v1/auth_grpc.pb.go:33.132,37.16 4 0
github.com/mikhailmogilnikov/go/final/gateway/internal/pb/auth/v1/auth_grpc.pb.go:37.16,39.3 1 0
github.com/mikhailmogilnikov/go/final/gateway/internal/pb/auth/v1/auth_grpc.pb.go:40.2,40.17 1 0
github.com/mikhailmogilnikov/go/final/gateway/internal/pb/auth/v1/auth_grpc.pb.go:43.123,47.16 4 0
github.com/mikhailmogilnikov/go/final/gateway/internal/pb/auth/v1/auth_grpc.pb.go:47.16,49.3 1 0
github.com/mikhailmogilnikov/go/final/gateway/internal/pb/auth/v1/auth_grpc.pb.go:50.2,50.17 1 0
github.com/mikhailmogilnikov/go/final/gateway/internal/pb/auth/v1/auth_grpc.pb.go:53.147,57.16 4 0
github.com/mikhailmogilnikov/go/final/gateway/internal/pb/auth/v1/auth_grpc.pb.go:57.16,59.3 1 0
github.com/mikhailmogilnikov/go/final/gateway/internal/pb/auth/v1/auth_grpc.pb.go:60.2,60.17 1 0
github.com/mikhailmogilnikov/go/final/gateway/internal/pb/auth/v1/auth_grpc.pb.go:72.110,74.2 1 0
github.com/mikhailmogilnikov/go/final/gateway/internal/pb/auth/v1/auth_grpc.pb.go:75.101,77.2 1 0
github.com/mikhailmogilnikov/go/final/gateway/internal/pb/auth/v1/auth_grpc.pb.go:78.125,80.2 1 0
github.com/mikhailmogilnikov/go/final/gateway/internal/pb/auth/v1/auth_grpc.pb.go:81.82,81.83 0 0
github.com/mikhailmogilnikov/go/final/gateway/internal/pb/auth/v1/auth_grpc.pb.go:82.82,82.83 0 0
github.com/mikhailmogilnikov/go/final/gateway/internal/pb/auth/v1/auth_grpc.pb.go:88.80,89.59 1 0
github.com/mikhailmogilnikov/go/final/gateway/internal/pb/auth/v1/auth_grpc.pb.go:89.59,91.3 1 0
github.com/mikhailmogilnikov/go/final/gateway/internal/pb/auth/v1/auth_grpc.pb.go:92.2,92.50 1 0
github.com/mikhailmogilnikov/go/final/gateway/internal/pb/auth/v1/auth_grpc.pb.go:95.165,97.32 2 0
github.com/mikhailmogilnikov/go/final/gateway/internal/pb/auth/v1/auth_grpc.pb.go:97.32,99.3 1 0
github.com/mikhailmogilnikov/go/final/gateway/internal/pb/auth/v1/auth_grpc.pb.go:100.2,100.24 1 0
github.com/mikhailmogilnikov/go/final/gateway/internal/pb/auth/v1/auth_grpc.pb.go:100.24,102.3 1 0
github.com/mikhailmogilnikov/go/final/gateway/internal/pb/auth/v1/auth_grpc.pb.go:103.2,107.77 2 0
github.com/mikhailmogilnikov/go/final/gateway/internal/pb/auth/v1/auth_grpc.pb.go:107.77,109.3 1 0
github.com/mikhailmogilnikov/go/final/gateway/internal/pb/auth/v1/auth_grpc.pb.go:110.2,110.44 1 0
github.com/mikhailmogilnikov/go/final/gateway/internal/pb/auth/v1/auth_grpc.pb.go:113.162,115.32 2 0
github.com/mikhailmogilnikov/go/final/gateway/internal/pb/auth/v1/auth_grpc.pb.go:115.32,117.3 1 0
github.com/mikhailmogilnikov/go/final/gateway/internal/pb/auth/v1/auth_grpc.pb.go:118.2,118.24 1 0
github.com/mikhailmogilnikov/go/final/gateway/internal/pb/auth/v1/auth_grpc.pb.go:118.24,120.3 1 0
github.com/mikhailmogilnikov/go/final/gateway/internal/pb/auth/v1/auth_grpc.pb.go:121.2,125.77 2 0
github.com/mikhailmogilnikov/go/final/gateway/internal/pb/auth/v1/auth_grpc.pb.go:125.77,127.3 1 0
github.com/mikhailmogilnikov/go/final/gateway/internal/pb/auth/v1/auth_grpc.pb.go:128.2,128.44 1 0
github.com/mikhailmogilnikov/go/final/gateway/internal/pb/auth/v1/auth_grpc.pb.go:131.170,133.32 2 0
github.com/mikhailmogilnikov/go/final/gateway/internal/pb/auth/v1/auth_grpc.pb.go:133.32,135.3 1 0
github.com/mikhailmogilnikov/go/final/gateway/internal/pb/auth/v1/auth_grpc.pb.go:136.2,136.24 1 0
github.com/mikhailmogilnikov/go/final/gateway/internal/pb/auth/v1/auth_grpc.pb.go:136.24,138.3 1 0
github.com/mikhailmogilnikov/go/final/gateway/internal/pb/auth/v1/auth_grpc.pb.go:139.2,143.77 2 0
github.com/mikhailmogilnikov/go/final/gateway/internal/pb/auth/v1/auth_grpc.pb.go:143.77,145.3 1 0
github.com/mikhailmogilnikov/go/final/gateway/internal/pb/auth/v1/auth_grpc.pb.go:146.2,146.44 1 0
github.com/mikhailmogilnikov/go/final/gateway/internal/handler/auth_handler.go:15.71,17.2 1 0
github.com/mikhailmogilnikov/go/final/gateway/internal/handler/auth_handler.go:34.48,36.47 2 0
github.com/mikhailmogilnikov/go/final/gateway/internal/handler/auth_handler.go:36.47,39.3 2 0
github.com/mikhailmogilnikov/go/final/gateway/internal/handler/auth_handler.go:41.2,45.16 2 0
github.com/mikhailmogilnikov/go/final/gateway/internal/handler/auth_handler.go:45.16,46.51 1 0
github.com/mikhailmogilnikov/go/final/gateway/internal/handler/auth_handler.go:46.51,49.4 2 0
github.com/mikhailmogilnikov/go/final/gateway/internal/handler/auth_handler.go:50.3,51.9 2 0
github.com/mikhailmogilnikov/go/final/gateway/internal/handler/auth_handler.go:54.2,57.4 1 0
github.com/mikhailmogilnikov/go/final/gateway/internal/handler/auth_handler.go:60.45,62.47 2 0
github.com/mikhailmogilnikov/go/final/gateway/internal/handler/auth_handler.go:62.47,65.3 2 0
github.com/mikhailmogilnikov/go/final/gateway/internal/handler/auth_handler.go:67.2,71.16 2 0
github.com/mikhailmogilnikov/go/final/gateway/internal/handler/auth_handler.go:71.16,72.53 1 0
github.com/mikhailmogilnikov/go/final/gateway/internal/handler/auth_handler.go:72.53,75.4 2 0
github.com/mikhailmogilnikov/go/final/gateway/internal/handler/auth_handler.go:76.3,77.9 2 0
github.com/mikhailmogilnikov/go/final/gateway/internal/handler/auth_handler.go:80.2,83.4 1 0
github.com/mikhailmogilnikov/go/final/gateway/internal/handler/auth_handler.go:86.58,88.2 2 0
github.com/mikhailmogilnikov/go/final/gateway/internal/handler/auth_handler.go:88.2,91.3 2 0
github.com/mikhailmogilnikov/go/final/gateway/internal/handler/auth_handler.go:94.44,96.2 1 0
github.com/mikhailmogilnikov/go/final/gateway/internal/handler/auth_handler.go:98.44,99.43 1 0
github.com/mikhailmogilnikov/go/final/gateway/internal/handler/auth_handler.go:99.43,100.35 1 0
github.com/mikhailmogilnikov/go/final/gateway/internal/handler/auth_handler.go:100.35,102.4 1 0
github.com/mikhailmogilnikov/go/final/gateway/internal/handler/auth_handler.go:104.2,104.14 1 0
github.com/mikhailmogilnikov/go/final/gateway/internal/handler/ledger_handler.go:21.81,23.2 1 0
github.com/mikhailmogilnikov/go/final/gateway/internal/handler/ledger_handler.go:46.56,48.17 2 0
github.com/mikhailmogilnikov/go/final/gateway/internal/handler/ledger_handler.go:48.17,51.3 2 0
github.com/mikhailmogilnikov/go/final/gateway/internal/handler/ledger_handler.go:53.2,54.47 2 0
github.com/mikhailmogilnikov/go/final/gateway/internal/handler/ledger_handler.go:54.47,57.3 2 0
github.com/mikhailmogilnikov/go/final/gateway/internal/handler/ledger_handler.go:59.2,60.20 2 0
github.com/mikhailmogilnikov/go/final/gateway/internal/handler/ledger_handler.go:60.20,62.17 2 0
github.com/mikhailmogilnikov/go/final/gateway/internal/handler/ledger_handler.go:62.17,65.4 2 0
github.com/mikhailmogilnikov/go/final/gateway/internal/handler/ledger_handler.go:66.3,66.28 1 0
github.com/mikhailmogilnikov/go/final/gateway/internal/handler/ledger_handler.go:69.2,76.16 2 0
github.com/mikhailmogilnikov/go/final/gateway/internal/handler/ledger_handler.go:76.16,77.83 1 0
github.com/mikhailmogilnikov/go/final/gateway/internal/handler/ledger_handler.go:77.83,80.4 2 0
github.com/mikhailmogilnikov/go/final/gateway/internal/handler/ledger_handler.go:81.3,82.9 2 0
github.com/mikhailmogilnikov/go/final/gateway/internal/handler/ledger_handler.go:85.2,93.4 2 0
github.com/mikhailmogilnikov/go/final/gateway/internal/handler/ledger_handler.go:96.57,98.17 2 0
github.com/mikhailmogilnikov/go/final/gateway/internal/handler/ledger_handler.go:98.17,101.3 2 0
github.com/mikhailmogilnikov/go/final/gateway/internal/handler/ledger_handler.go:103.2,108.41 2 0
github.com/mikhailmogilnikov/go/final/gateway/internal/handler/ledger_handler.go:108.41,110.17 2 0
github.com/mikhailmogilnikov/go/final/gateway/internal/handler/ledger_handler.go:110.17,112.4 1 0
github.com/mikhailmogilnikov/go/final/gateway/internal/handler/ledger_handler.go:114.2,114.35 1 0
github.com/mikhailmogilnikov/go/final/gateway/internal/handler/ledger_handler.go:114.35,116.17 2 0
github.com/mikhailmogilnikov/go/final/gateway/internal/handler/ledger_handler.go:116.17,118.4 1 0
github.com/mikhailmogilnikov/go/final/gateway/internal/handler/ledger_handler.go:121.2,122.16 2 0
github.com/mikhailmogilnikov/go/final/gateway/internal/handler/ledger_handler.go:122.16,125.3 2 0
github.com/mikhailmogilnikov/go/final/gateway/internal/handler/ledger_handler.go:127.2,128.44 2 0
github.com/mikhailmogilnikov/go/final/gateway/internal/handler/ledger_handler.go:128.44,136.3 1 0
github.com/mikhailmogilnikov/go/final/gateway/internal/handler/ledger_handler.go:138.2,138.37 1 0
github.com/mikhailmogilnikov/go/final/gateway/internal/handler/ledger_handler.go:155.51,157.17 2 0
github.com/mikhailmogilnikov/go/final/gateway/internal/handler/ledger_handler.go:157.17,160.3 2 0
github.com/mikhailmogilnikov/go/final/gateway/internal/handler/ledger_handler.go:162.2,163.47 2 0
github.com/mikhailmogilnikov/go/final/gateway/internal/handler/ledger_handler.go:163.47,166.3 2 0
github.com/mikhailmogilnikov/go/final/gateway/internal/handler/ledger_handler.go:168.2,168.22 1 0
github.com/mikhailmogilnikov/go/final/gateway/internal/handler/ledger_handler.go:168.22,170.3 1 0
github.com/mikhailmogilnikov/go/final/gateway/internal/handler/ledger_handler.go:172.2,178.16 2 0
github.com/mikhailmogilnikov/go/final/gateway/internal/handler/ledger_handler.go:178.16,181.3 2 0
github.com/mikhailmogilnikov/go/final/gateway/internal/handler/ledger_handler.go:183.2,189.4 2 0
github.com/mikhailmogilnikov/go/final/gateway/internal/handler/ledger_handler.go:192.52,194.17 2 0
github.com/mikhailmogilnikov/go/final/gateway/internal/handler/ledger_handler.go:194.17,197.3 2 0
github.com/mikhailmogilnikov/go/final/gateway/internal/handler/ledger_handler.go:199.2,202.16 2 0
github.com/mikhailmogilnikov/go/final/gateway/internal/handler/ledger_handler.go:202.16,205.3 2 0
github.com/mikhailmogilnikov/go/final/gateway/internal/handler/ledger_handler.go:207.2,208.38 2 0
github.com/mikhailmogilnikov/go/final/gateway/internal/handler/ledger_handler.go:208.38,215.3 1 0
github.com/mikhailmogilnikov/go/final/gateway/internal/handler/ledger_handler.go:217.2,217.32 1 0
github.com/mikhailmogilnikov/go/final/gateway/internal/handler/ledger_handler.go:235.51,237.17 2 0
github.com/mikhailmogilnikov/go/final/gateway/internal/handler/ledger_handler.go:237.17,240.3 2 0
github.com/mikhailmogilnikov/go/final/gateway/internal/handler/ledger_handler.go:242.2,245.34 3 0
github.com/mikhailmogilnikov/go/final/gateway/internal/handler/ledger_handler.go:245.34,248.3 2 0
github.com/mikhailmogilnikov/go/final/gateway/internal/handler/ledger_handler.go:250.2,251.16 2 0
github.com/mikhailmogilnikov/go/final/gateway/internal/handler/ledger_handler.go:251.16,254.3 2 0
github.com/mikhailmogilnikov/go/final/gateway/internal/handler/ledger_handler.go:256.2,257.16 2 0
github.com/mikhailmogilnikov/go/final/gateway/internal/handler/ledger_handler.go:257.16,260.3 2 0
github.com/mikhailmogilnikov/go/final/gateway/internal/handler/ledger_handler.go:262.2,267.16 2 0
github.com/mikhailmogilnikov/go/final/gateway/internal/handler/ledger_handler.go:267.16,270.3 2 0
github.com/mikhailmogilnikov/go/final/gateway/internal/handler/ledger_handler.go:272.2,273.43 2 0
github.com/mikhailmogilnikov/go/final/gateway/internal/handler/ledger_handler.go:273.43,280.3 1 0
github.com/mikhailmogilnikov/go/final/gateway/internal/handler/ledger_handler.go:282.2,287.4 1 0
github.com/mikhailmogilnikov/go/final/gateway/internal/handler/ledger_handler.go:301.51,303.17 2 0
github.com/mikhailmogilnikov/go/final/gateway/internal/handler/ledger_handler.go:303.17,306.3 2 0
github.com/mikhailmogilnikov/go/final/gateway/internal/handler/ledger_handler.go:308.2,309.47 2 0
github.com/mikhailmogilnikov/go/final/gateway/internal/handler/ledger_handler.go:309.47,312.3 2 0
github.com/mikhailmogilnikov/go/final/gateway/internal/handler/ledger_handler.go:314.2,315.16 2 0
github.com/mikhailmogilnikov/go/final/gateway/internal/handler/ledger_handler.go:315.16,318.3 2 0
github.com/mikhailmogilnikov/go/final/gateway/internal/handler/ledger_handler.go:320.2,324.16 2 0
github.com/mikhailmogilnikov/go/final/gateway/internal/handler/ledger_handler.go:324.16,327.3 2 0
github.com/mikhailmogilnikov/go/final/gateway/internal/handler/ledger_handler.go:329.2,333.4 1 0
github.com/mikhailmogilnikov/go/final/gateway/internal/handler/ledger_handler.go:336.51,338.17 2 0
github.com/mikhailmogilnikov/go/final/gateway/internal/handler/ledger_handler.go:338.17,341.3 2 0
github.com/mikhailmogilnikov/go/final/gateway/internal/handler/ledger_handler.go:343.2,347.41 2 0
github.com/mikhailmogilnikov/go/final/gateway/internal/handler/ledger_handler.go:347.41,349.17 2 0
github.com/mikhailmogilnikov/go/final/gateway/internal/handler/ledger_handler.go:349.17,351.4 1 0
github.com/mikhailmogilnikov/go/final/gateway/internal/handler/ledger_handler.go:353.2,353.35 1 0
github.com/mikhailmogilnikov/go/final/gateway/internal/handler/ledger_handler.go:353.35,355.17 2 0
github.com/mikhailmogilnikov/go/final/gateway/internal/handler/ledger_handler.go:355.17,357.4 1 0
github.com/mikhailmogilnikov/go/final/gateway/internal/handler/ledger_handler.go:360.2,361.16 2 0
github.com/mikhailmogilnikov/go/final/gateway/internal/handler/ledger_handler.go:361.16,364.3 2 0
github.com/mikhailmogilnikov/go/final/gateway/internal/handler/ledger_handler.go:366.2,369.4 1 0
github.com/mikhailmogilnikov/go/final/gateway/internal/handler/ledger_handler.go:372.103,375.2 3 0
github.com/mikhailmogilnikov/go/final/gateway/internal/handler/ledger_handler.go:375.2,378.3 2 0
github.com/mikhailmogilnikov/go/final/gateway/internal/handler/ledger_handler.go:380.2,382.2 3 0
github.com/mikhailmogilnikov/go/final/gateway/internal/handler/ledger_handler.go:382.2,385.3 2 0
github.com/mikhailmogilnikov/go/final/gateway/internal/handler/ledger_handler.go:387.2,389.2 3 0
github.com/mikhailmogilnikov/go/final/gateway/internal/handler/ledger_handler.go:389.2,391.3 1 0
github.com/mikhailmogilnikov/go/final/gateway/internal/handler/ledger_handler.go:393.2,395.2 3 0
github.com/mikhailmogilnikov/go/final/gateway/internal/handler/ledger_handler.go:395.2,398.3 2 0
