mode: set
github.com/mikhailmogilnikov/go/final/gateway/internal/handler/auth_handler.go:17.71,19.2 1 0
github.com/mikhailmogilnikov/go/final/gateway/internal/handler/auth_handler.go:49.48,51.47 2 0
github.com/mikhailmogilnikov/go/final/gateway/internal/handler/auth_handler.go:51.47,54.3 2 0
github.com/mikhailmogilnikov/go/final/gateway/internal/handler/auth_handler.go:56.2,60.16 2 0
github.com/mikhailmogilnikov/go/final/gateway/internal/handler/auth_handler.go:60.16,62.51 1 0
github.com/mikhailmogilnikov/go/final/gateway/internal/handler/auth_handler.go:62.51,65.4 2 0
github.com/mikhailmogilnikov/go/final/gateway/internal/handler/auth_handler.go:66.3,67.9 2 0
github.com/mikhailmogilnikov/go/final/gateway/internal/handler/auth_handler.go:70.2,73.4 1 0
github.com/mikhailmogilnikov/go/final/gateway/internal/handler/auth_handler.go:86.45,88.47 2 0
github.com/mikhailmogilnikov/go/final/gateway/internal/handler/auth_handler.go:88.47,91.3 2 0
github.com/mikhailmogilnikov/go/final/gateway/internal/handler/auth_handler.go:93.2,97.16 2 0
github.com/mikhailmogilnikov/go/final/gateway/internal/handler/auth_handler.go:97.16,98.53 1 0
github.com/mikhailmogilnikov/go/final/gateway/internal/handler/auth_handler.go:98.53,101.4 2 0
github.com/mikhailmogilnikov/go/final/gateway/internal/handler/auth_handler.go:102.3,103.9 2 0
github.com/mikhailmogilnikov/go/final/gateway/internal/handler/auth_handler.go:106.2,109.4 1 0
github.com/mikhailmogilnikov/go/final/gateway/internal/handler/auth_handler.go:113.58,115.2 2 0
github.com/mikhailmogilnikov/go/final/gateway/internal/handler/auth_handler.go:115.2,118.3 2 0
github.com/mikhailmogilnikov/go/final/gateway/internal/handler/auth_handler.go:121.44,123.2 1 0
github.com/mikhailmogilnikov/go/final/gateway/internal/handler/auth_handler.go:125.44,126.43 1 0
github.com/mikhailmogilnikov/go/final/gateway/internal/handler/auth_handler.go:126.43,127.35 1 0
github.com/mikhailmogilnikov/go/final/gateway/internal/handler/auth_handler.go:127.35,129.4 1 0
github.com/mikhailmogilnikov/go/final/gateway/internal/handler/auth_handler.go:131.2,131.14 1 0
github.com/mikhailmogilnikov/go/final/gateway/internal/handler/ledger_handler.go:23.81,25.2 1 0
github.com/mikhailmogilnikov/go/final/gateway/internal/handler/ledger_handler.go:64.56,66.17 2 0
github.com/mikhailmogilnikov/go/final/gateway/internal/handler/ledger_handler.go:66.17,69.3 2 0
github.com/mikhailmogilnikov/go/final/gateway/internal/handler/ledger_handler.go:71.2,72.47 2 0
github.com/mikhailmogilnikov/go/final/gateway/internal/handler/ledger_handler.go:72.47,75.3 2 0
github.com/mikhailmogilnikov/go/final/gateway/internal/handler/ledger_handler.go:78.2,79.20 2 0
github.com/mikhailmogilnikov/go/final/gateway/internal/handler/ledger_handler.go:79.20,81.17 2 0
github.com/mikhailmogilnikov/go/final/gateway/internal/handler/ledger_handler.go:81.17,84.4 2 0
github.com/mikhailmogilnikov/go/final/gateway/internal/handler/ledger_handler.go:85.3,85.28 1 0
github.com/mikhailmogilnikov/go/final/gateway/internal/handler/ledger_handler.go:88.2,95.16 2 0
github.com/mikhailmogilnikov/go/final/gateway/internal/handler/ledger_handler.go:95.16,97.83 1 0
github.com/mikhailmogilnikov/go/final/gateway/internal/handler/ledger_handler.go:97.83,100.4 2 0
github.com/mikhailmogilnikov/go/final/gateway/internal/handler/ledger_handler.go:101.3,102.9 2 0
github.com/mikhailmogilnikov/go/final/gateway/internal/handler/ledger_handler.go:105.2,113.4 2 0
github.com/mikhailmogilnikov/go/final/gateway/internal/handler/ledger_handler.go:127.57,129.17 2 0
github.com/mikhailmogilnikov/go/final/gateway/internal/handler/ledger_handler.go:129.17,132.3 2 0
github.com/mikhailmogilnikov/go/final/gateway/internal/handler/ledger_handler.go:134.2,139.41 2 0
github.com/mikhailmogilnikov/go/final/gateway/internal/handler/ledger_handler.go:139.41,141.17 2 0
github.com/mikhailmogilnikov/go/final/gateway/internal/handler/ledger_handler.go:141.17,143.4 1 0
github.com/mikhailmogilnikov/go/final/gateway/internal/handler/ledger_handler.go:145.2,145.35 1 0
github.com/mikhailmogilnikov/go/final/gateway/internal/handler/ledger_handler.go:145.35,147.17 2 0
github.com/mikhailmogilnikov/go/final/gateway/internal/handler/ledger_handler.go:147.17,149.4 1 0
github.com/mikhailmogilnikov/go/final/gateway/internal/handler/ledger_handler.go:152.2,153.16 2 0
github.com/mikhailmogilnikov/go/final/gateway/internal/handler/ledger_handler.go:153.16,156.3 2 0
github.com/mikhailmogilnikov/go/final/gateway/internal/handler/ledger_handler.go:158.2,159.44 2 0
github.com/mikhailmogilnikov/go/final/gateway/internal/handler/ledger_handler.go:159.44,167.3 1 0
github.com/mikhailmogilnikov/go/final/gateway/internal/handler/ledger_handler.go:169.2,169.37 1 0
github.com/mikhailmogilnikov/go/final/gateway/internal/handler/ledger_handler.go:200.51,202.17 2 0
github.com/mikhailmogilnikov/go/final/gateway/internal/handler/ledger_handler.go:202.17,205.3 2 0
github.com/mikhailmogilnikov/go/final/gateway/internal/handler/ledger_handler.go:207.2,208.47 2 0
github.com/mikhailmogilnikov/go/final/gateway/internal/handler/ledger_handler.go:208.47,211.3 2 0
github.com/mikhailmogilnikov/go/final/gateway/internal/handler/ledger_handler.go:213.2,213.22 1 0
github.com/mikhailmogilnikov/go/final/gateway/internal/handler/ledger_handler.go:213.22,215.3 1 0
github.com/mikhailmogilnikov/go/final/gateway/internal/handler/ledger_handler.go:217.2,223.16 2 0
github.com/mikhailmogilnikov/go/final/gateway/internal/handler/ledger_handler.go:223.16,226.3 2 0
github.com/mikhailmogilnikov/go/final/gateway/internal/handler/ledger_handler.go:228.2,234.4 2 0
github.com/mikhailmogilnikov/go/final/gateway/internal/handler/ledger_handler.go:245.52,247.17 2 0
github.com/mikhailmogilnikov/go/final/gateway/internal/handler/ledger_handler.go:247.17,250.3 2 0
github.com/mikhailmogilnikov/go/final/gateway/internal/handler/ledger_handler.go:252.2,255.16 2 0
github.com/mikhailmogilnikov/go/final/gateway/internal/handler/ledger_handler.go:255.16,258.3 2 0
github.com/mikhailmogilnikov/go/final/gateway/internal/handler/ledger_handler.go:260.2,261.38 2 0
github.com/mikhailmogilnikov/go/final/gateway/internal/handler/ledger_handler.go:261.38,268.3 1 0
github.com/mikhailmogilnikov/go/final/gateway/internal/handler/ledger_handler.go:270.2,270.32 1 0
github.com/mikhailmogilnikov/go/final/gateway/internal/handler/ledger_handler.go:302.51,304.17 2 0
github.com/mikhailmogilnikov/go/final/gateway/internal/handler/ledger_handler.go:304.17,307.3 2 0
github.com/mikhailmogilnikov/go/final/gateway/internal/handler/ledger_handler.go:309.2,312.34 3 0
github.com/mikhailmogilnikov/go/final/gateway/internal/handler/ledger_handler.go:312.34,315.3 2 0
github.com/mikhailmogilnikov/go/final/gateway/internal/handler/ledger_handler.go:317.2,318.16 2 0
github.com/mikhailmogilnikov/go/final/gateway/internal/handler/ledger_handler.go:318.16,321.3 2 0
github.com/mikhailmogilnikov/go/final/gateway/internal/handler/ledger_handler.go:323.2,324.16 2 0
github.com/mikhailmogilnikov/go/final/gateway/internal/handler/ledger_handler.go:324.16,327.3 2 0
github.com/mikhailmogilnikov/go/final/gateway/internal/handler/ledger_handler.go:329.2,334.16 2 0
github.com/mikhailmogilnikov/go/final/gateway/internal/handler/ledger_handler.go:334.16,337.3 2 0
github.com/mikhailmogilnikov/go/final/gateway/internal/handler/ledger_handler.go:339.2,340.43 2 0
github.com/mikhailmogilnikov/go/final/gateway/internal/handler/ledger_handler.go:340.43,347.3 1 0
github.com/mikhailmogilnikov/go/final/gateway/internal/handler/ledger_handler.go:349.2,354.4 1 0
github.com/mikhailmogilnikov/go/final/gateway/internal/handler/ledger_handler.go:382.51,384.17 2 0
github.com/mikhailmogilnikov/go/final/gateway/internal/handler/ledger_handler.go:384.17,387.3 2 0
github.com/mikhailmogilnikov/go/final/gateway/internal/handler/ledger_handler.go:389.2,390.47 2 0
github.com/mikhailmogilnikov/go/final/gateway/internal/handler/ledger_handler.go:390.47,393.3 2 0
github.com/mikhailmogilnikov/go/final/gateway/internal/handler/ledger_handler.go:396.2,397.16 2 0
github.com/mikhailmogilnikov/go/final/gateway/internal/handler/ledger_handler.go:397.16,400.3 2 0
github.com/mikhailmogilnikov/go/final/gateway/internal/handler/ledger_handler.go:402.2,406.16 2 0
github.com/mikhailmogilnikov/go/final/gateway/internal/handler/ledger_handler.go:406.16,409.3 2 0
github.com/mikhailmogilnikov/go/final/gateway/internal/handler/ledger_handler.go:411.2,415.4 1 0
github.com/mikhailmogilnikov/go/final/gateway/internal/handler/ledger_handler.go:428.51,430.17 2 0
github.com/mikhailmogilnikov/go/final/gateway/internal/handler/ledger_handler.go:430.17,433.3 2 0
github.com/mikhailmogilnikov/go/final/gateway/internal/handler/ledger_handler.go:435.2,439.41 2 0
github.com/mikhailmogilnikov/go/final/gateway/internal/handler/ledger_handler.go:439.41,441.17 2 0
github.com/mikhailmogilnikov/go/final/gateway/internal/handler/ledger_handler.go:441.17,443.4 1 0
github.com/mikhailmogilnikov/go/final/gateway/internal/handler/ledger_handler.go:445.2,445.35 1 0
github.com/mikhailmogilnikov/go/final/gateway/internal/handler/ledger_handler.go:445.35,447.17 2 0
github.com/mikhailmogilnikov/go/final/gateway/internal/handler/ledger_handler.go:447.17,449.4 1 0
github.com/mikhailmogilnikov/go/final/gateway/internal/handler/ledger_handler.go:452.2,453.16 2 0
github.com/mikhailmogilnikov/go/final/gateway/internal/handler/ledger_handler.go:453.16,456.3 2 0
github.com/mikhailmogilnikov/go/final/gateway/internal/handler/ledger_handler.go:458.2,461.4 1 0
github.com/mikhailmogilnikov/go/final/gateway/internal/handler/ledger_handler.go:465.103,469.2 3 0
github.com/mikhailmogilnikov/go/final/gateway/internal/handler/ledger_handler.go:469.2,472.3 2 0
github.com/mikhailmogilnikov/go/final/gateway/internal/handler/ledger_handler.go:475.2,477.2 3 0
github.com/mikhailmogilnikov/go/final/gateway/internal/handler/ledger_handler.go:477.2,480.3 2 0
github.com/mikhailmogilnikov/go/final/gateway/internal/handler/ledger_handler.go:483.2,485.2 3 0
github.com/mikhailmogilnikov/go/final/gateway/internal/handler/ledger_handler.go:485.2,487.3 1 0
github.com/mikhailmogilnikov/go/final/gateway/internal/handler/ledger_handler.go:490.2,492.2 3 0
github.com/mikhailmogilnikov/go/final/gateway/internal/handler/ledger_handler.go:492.2,495.3 2 0
