mode: set
github.com/mikhailmogilnikov/go/hw6/gateway/main.go:10.13,13.83 2 0
github.com/mikhailmogilnikov/go/hw6/gateway/main.go:13.83,14.19 1 0
github.com/mikhailmogilnikov/go/hw6/gateway/main.go:15.24,16.31 1 0
github.com/mikhailmogilnikov/go/hw6/gateway/main.go:17.23,18.29 1 0
github.com/mikhailmogilnikov/go/hw6/gateway/main.go:19.11,21.46 2 0
github.com/mikhailmogilnikov/go/hw6/gateway/main.go:25.2,25.78 1 0
github.com/mikhailmogilnikov/go/hw6/gateway/main.go:25.78,26.19 1 0
github.com/mikhailmogilnikov/go/hw6/gateway/main.go:27.24,28.26 1 0
github.com/mikhailmogilnikov/go/hw6/gateway/main.go:29.23,30.24 1 0
github.com/mikhailmogilnikov/go/hw6/gateway/main.go:31.11,33.46 2 0
github.com/mikhailmogilnikov/go/hw6/gateway/main.go:37.2,40.62 3 0
github.com/mikhailmogilnikov/go/hw6/gateway/main.go:40.62,42.3 1 0
github.com/mikhailmogilnikov/go/hw6/gateway/internal/api/dto.go:39.78,43.20 3 1
github.com/mikhailmogilnikov/go/hw6/gateway/internal/api/dto.go:43.20,45.17 2 1
github.com/mikhailmogilnikov/go/hw6/gateway/internal/api/dto.go:45.17,47.4 1 0
github.com/mikhailmogilnikov/go/hw6/gateway/internal/api/dto.go:48.8,50.3 1 0
github.com/mikhailmogilnikov/go/hw6/gateway/internal/api/dto.go:52.2,57.8 1 1
github.com/mikhailmogilnikov/go/hw6/gateway/internal/api/dto.go:60.71,68.2 1 1
github.com/mikhailmogilnikov/go/hw6/gateway/internal/api/dto.go:70.54,76.2 1 1
github.com/mikhailmogilnikov/go/hw6/gateway/internal/api/dto.go:78.55,84.2 1 1
github.com/mikhailmogilnikov/go/hw6/gateway/internal/api/handlers.go:11.64,15.61 3 1
github.com/mikhailmogilnikov/go/hw6/gateway/internal/api/handlers.go:15.61,19.3 3 1
github.com/mikhailmogilnikov/go/hw6/gateway/internal/api/handlers.go:21.2,22.16 2 1
github.com/mikhailmogilnikov/go/hw6/gateway/internal/api/handlers.go:22.16,26.3 3 0
github.com/mikhailmogilnikov/go/hw6/gateway/internal/api/handlers.go:28.2,28.38 1 1
github.com/mikhailmogilnikov/go/hw6/gateway/internal/api/handlers.go:28.38,32.3 3 1
github.com/mikhailmogilnikov/go/hw6/gateway/internal/api/handlers.go:34.2,34.50 1 1
github.com/mikhailmogilnikov/go/hw6/gateway/internal/api/handlers.go:34.50,35.55 1 1
github.com/mikhailmogilnikov/go/hw6/gateway/internal/api/handlers.go:35.55,39.4 3 1
github.com/mikhailmogilnikov/go/hw6/gateway/internal/api/handlers.go:40.3,42.9 3 0
github.com/mikhailmogilnikov/go/hw6/gateway/internal/api/handlers.go:45.2,46.27 2 1
github.com/mikhailmogilnikov/go/hw6/gateway/internal/api/handlers.go:46.27,50.3 3 1
github.com/mikhailmogilnikov/go/hw6/gateway/internal/api/handlers.go:53.62,59.34 4 1
github.com/mikhailmogilnikov/go/hw6/gateway/internal/api/handlers.go:59.34,61.3 1 1
github.com/mikhailmogilnikov/go/hw6/gateway/internal/api/handlers.go:63.2,64.37 2 1
github.com/mikhailmogilnikov/go/hw6/gateway/internal/api/handlers.go:67.59,71.61 3 1
github.com/mikhailmogilnikov/go/hw6/gateway/internal/api/handlers.go:71.61,75.3 3 1
github.com/mikhailmogilnikov/go/hw6/gateway/internal/api/handlers.go:77.2,79.42 2 1
github.com/mikhailmogilnikov/go/hw6/gateway/internal/api/handlers.go:79.42,83.3 3 1
github.com/mikhailmogilnikov/go/hw6/gateway/internal/api/handlers.go:85.2,85.49 1 1
github.com/mikhailmogilnikov/go/hw6/gateway/internal/api/handlers.go:85.49,89.3 3 0
github.com/mikhailmogilnikov/go/hw6/gateway/internal/api/handlers.go:91.2,92.53 2 1
github.com/mikhailmogilnikov/go/hw6/gateway/internal/api/handlers.go:95.57,101.28 4 1
github.com/mikhailmogilnikov/go/hw6/gateway/internal/api/handlers.go:101.28,103.3 1 1
github.com/mikhailmogilnikov/go/hw6/gateway/internal/api/handlers.go:105.2,106.37 2 1
github.com/mikhailmogilnikov/go/hw6/gateway/internal/api/middleware.go:9.56,10.71 1 1
github.com/mikhailmogilnikov/go/hw6/gateway/internal/api/middleware.go:10.71,17.3 4 1
