mode: set
github.com/mikhailmogilnikov/go/hw6/ledger/ledger.go:20.39,21.19 1 1
github.com/mikhailmogilnikov/go/hw6/ledger/ledger.go:21.19,23.3 1 0
github.com/mikhailmogilnikov/go/hw6/ledger/ledger.go:24.2,24.22 1 1
github.com/mikhailmogilnikov/go/hw6/ledger/ledger.go:24.22,26.3 1 1
github.com/mikhailmogilnikov/go/hw6/ledger/ledger.go:27.2,27.12 1 1
github.com/mikhailmogilnikov/go/hw6/ledger/ledger.go:36.34,37.18 1 1
github.com/mikhailmogilnikov/go/hw6/ledger/ledger.go:37.18,39.3 1 0
github.com/mikhailmogilnikov/go/hw6/ledger/ledger.go:40.2,40.22 1 1
github.com/mikhailmogilnikov/go/hw6/ledger/ledger.go:40.22,42.3 1 1
github.com/mikhailmogilnikov/go/hw6/ledger/ledger.go:43.2,43.12 1 1
github.com/mikhailmogilnikov/go/hw6/ledger/ledger.go:51.13,53.2 1 1
github.com/mikhailmogilnikov/go/hw6/ledger/ledger.go:55.14,58.2 2 1
github.com/mikhailmogilnikov/go/hw6/ledger/ledger.go:60.48,62.34 2 1
github.com/mikhailmogilnikov/go/hw6/ledger/ledger.go:62.34,63.30 1 1
github.com/mikhailmogilnikov/go/hw6/ledger/ledger.go:63.30,65.4 1 1
github.com/mikhailmogilnikov/go/hw6/ledger/ledger.go:67.2,67.14 1 1
github.com/mikhailmogilnikov/go/hw6/ledger/ledger.go:70.43,71.38 1 1
github.com/mikhailmogilnikov/go/hw6/ledger/ledger.go:71.38,73.3 1 0
github.com/mikhailmogilnikov/go/hw6/ledger/ledger.go:75.2,75.52 1 1
github.com/mikhailmogilnikov/go/hw6/ledger/ledger.go:75.52,79.30 3 1
github.com/mikhailmogilnikov/go/hw6/ledger/ledger.go:79.30,81.4 1 1
github.com/mikhailmogilnikov/go/hw6/ledger/ledger.go:84.2,86.12 3 1
github.com/mikhailmogilnikov/go/hw6/ledger/ledger.go:89.39,93.2 3 1
github.com/mikhailmogilnikov/go/hw6/ledger/ledger.go:95.32,96.37 1 1
github.com/mikhailmogilnikov/go/hw6/ledger/ledger.go:96.37,98.3 1 0
github.com/mikhailmogilnikov/go/hw6/ledger/ledger.go:99.2,100.12 2 1
github.com/mikhailmogilnikov/go/hw6/ledger/ledger.go:103.29,105.33 2 0
github.com/mikhailmogilnikov/go/hw6/ledger/ledger.go:105.33,107.3 1 0
github.com/mikhailmogilnikov/go/hw6/ledger/ledger.go:108.2,108.15 1 0
