mode: set
github.com/mikhailmogilnikov/go/final/auth/cmd/auth/main.go:22.13,31.16 6 0
github.com/mikhailmogilnikov/go/final/auth/cmd/auth/main.go:31.16,33.3 1 0
github.com/mikhailmogilnikov/go/final/auth/cmd/auth/main.go:34.2,36.39 2 0
github.com/mikhailmogilnikov/go/final/auth/cmd/auth/main.go:36.39,38.3 1 0
github.com/mikhailmogilnikov/go/final/auth/cmd/auth/main.go:39.2,47.16 7 0
github.com/mikhailmogilnikov/go/final/auth/cmd/auth/main.go:47.16,49.3 1 0
github.com/mikhailmogilnikov/go/final/auth/cmd/auth/main.go:51.2,54.12 3 0
github.com/mikhailmogilnikov/go/final/auth/cmd/auth/main.go:54.12,56.44 2 0
github.com/mikhailmogilnikov/go/final/auth/cmd/auth/main.go:56.44,58.4 1 0
github.com/mikhailmogilnikov/go/final/auth/cmd/auth/main.go:61.2,64.37 4 0
github.com/mikhailmogilnikov/go/final/auth/internal/config/config.go:15.21,22.2 1 0
github.com/mikhailmogilnikov/go/final/auth/internal/config/config.go:24.42,25.38 1 0
github.com/mikhailmogilnikov/go/final/auth/internal/config/config.go:25.38,27.3 1 0
github.com/mikhailmogilnikov/go/final/auth/internal/config/config.go:28.2,28.17 1 0
github.com/mikhailmogilnikov/go/final/auth/internal/grpcserver/auth_server.go:18.66,20.2 1 0
github.com/mikhailmogilnikov/go/final/auth/internal/grpcserver/auth_server.go:22.107,23.26 1 0
github.com/mikhailmogilnikov/go/final/auth/internal/grpcserver/auth_server.go:23.26,25.3 1 0
github.com/mikhailmogilnikov/go/final/auth/internal/grpcserver/auth_server.go:26.2,26.29 1 0
github.com/mikhailmogilnikov/go/final/auth/internal/grpcserver/auth_server.go:26.29,28.3 1 0
github.com/mikhailmogilnikov/go/final/auth/internal/grpcserver/auth_server.go:30.2,31.16 2 0
github.com/mikhailmogilnikov/go/final/auth/internal/grpcserver/auth_server.go:31.16,32.59 1 0
github.com/mikhailmogilnikov/go/final/auth/internal/grpcserver/auth_server.go:32.59,34.4 1 0
github.com/mikhailmogilnikov/go/final/auth/internal/grpcserver/auth_server.go:35.3,36.60 1 0
github.com/mikhailmogilnikov/go/final/auth/internal/grpcserver/auth_server.go:36.60,38.4 1 0
github.com/mikhailmogilnikov/go/final/auth/internal/grpcserver/auth_server.go:39.3,39.72 1 0
github.com/mikhailmogilnikov/go/final/auth/internal/grpcserver/auth_server.go:42.2,45.8 1 0
github.com/mikhailmogilnikov/go/final/auth/internal/grpcserver/auth_server.go:48.98,49.26 1 0
github.com/mikhailmogilnikov/go/final/auth/internal/grpcserver/auth_server.go:49.26,51.3 1 0
github.com/mikhailmogilnikov/go/final/auth/internal/grpcserver/auth_server.go:52.2,52.29 1 0
github.com/mikhailmogilnikov/go/final/auth/internal/grpcserver/auth_server.go:52.29,54.3 1 0
github.com/mikhailmogilnikov/go/final/auth/internal/grpcserver/auth_server.go:56.2,57.16 2 0
github.com/mikhailmogilnikov/go/final/auth/internal/grpcserver/auth_server.go:57.16,58.49 1 0
github.com/mikhailmogilnikov/go/final/auth/internal/grpcserver/auth_server.go:58.49,60.4 1 0
github.com/mikhailmogilnikov/go/final/auth/internal/grpcserver/auth_server.go:61.3,61.69 1 0
github.com/mikhailmogilnikov/go/final/auth/internal/grpcserver/auth_server.go:64.2,67.8 1 0
github.com/mikhailmogilnikov/go/final/auth/internal/grpcserver/auth_server.go:70.122,71.26 1 0
github.com/mikhailmogilnikov/go/final/auth/internal/grpcserver/auth_server.go:71.26,73.3 1 0
github.com/mikhailmogilnikov/go/final/auth/internal/grpcserver/auth_server.go:75.2,80.8 2 0
github.com/mikhailmogilnikov/go/final/auth/internal/domain/user.go:18.40,19.17 1 0
github.com/mikhailmogilnikov/go/final/auth/internal/domain/user.go:19.17,21.3 1 0
github.com/mikhailmogilnikov/go/final/auth/internal/domain/user.go:22.2,22.36 1 0
github.com/mikhailmogilnikov/go/final/auth/internal/domain/user.go:22.36,24.3 1 0
github.com/mikhailmogilnikov/go/final/auth/internal/domain/user.go:25.2,25.12 1 0
github.com/mikhailmogilnikov/go/final/auth/internal/domain/user.go:28.46,29.23 1 0
github.com/mikhailmogilnikov/go/final/auth/internal/domain/user.go:29.23,31.3 1 0
github.com/mikhailmogilnikov/go/final/auth/internal/domain/user.go:32.2,32.12 1 0
github.com/mikhailmogilnikov/go/final/auth/internal/pb/auth/v1/auth.pb.go:25.35,30.2 4 0
github.com/mikhailmogilnikov/go/final/auth/internal/pb/auth/v1/auth.pb.go:32.43,34.2 1 0
github.com/mikhailmogilnikov/go/final/auth/internal/pb/auth/v1/auth.pb.go:36.41,36.42 0 0
github.com/mikhailmogilnikov/go/final/auth/internal/pb/auth/v1/auth.pb.go:38.63,40.14 2 0
github.com/mikhailmogilnikov/go/final/auth/internal/pb/auth/v1/auth.pb.go:40.14,42.34 2 0
github.com/mikhailmogilnikov/go/final/auth/internal/pb/auth/v1/auth.pb.go:42.34,44.4 1 0
github.com/mikhailmogilnikov/go/final/auth/internal/pb/auth/v1/auth.pb.go:45.3,45.12 1 0
github.com/mikhailmogilnikov/go/final/auth/internal/pb/auth/v1/auth.pb.go:47.2,47.24 1 0
github.com/mikhailmogilnikov/go/final/auth/internal/pb/auth/v1/auth.pb.go:50.54,52.2 1 0
github.com/mikhailmogilnikov/go/final/auth/internal/pb/auth/v1/auth.pb.go:54.45,55.14 1 0
github.com/mikhailmogilnikov/go/final/auth/internal/pb/auth/v1/auth.pb.go:55.14,57.3 1 0
github.com/mikhailmogilnikov/go/final/auth/internal/pb/auth/v1/auth.pb.go:58.2,58.11 1 0
github.com/mikhailmogilnikov/go/final/auth/internal/pb/auth/v1/auth.pb.go:61.48,62.14 1 0
github.com/mikhailmogilnikov/go/final/auth/internal/pb/auth/v1/auth.pb.go:62.14,64.3 1 0
github.com/mikhailmogilnikov/go/final/auth/internal/pb/auth/v1/auth.pb.go:65.2,65.11 1 0
github.com/mikhailmogilnikov/go/final/auth/internal/pb/auth/v1/auth.pb.go:76.36,81.2 4 0
github.com/mikhailmogilnikov/go/final/auth/internal/pb/auth/v1/auth.pb.go:83.44,85.2 1 0
github.com/mikhailmogilnikov/go/final/auth/internal/pb/auth/v1/auth.pb.go:87.42,87.43 0 0
github.com/mikhailmogilnikov/go/final/auth/internal/pb/auth/v1/auth.pb.go:89.64,91.14 2 0
github.com/mikhailmogilnikov/go/final/auth/internal/pb/auth/v1/auth.pb.go:91.14,93.34 2 0
github.com/mikhailmogilnikov/go/final/auth/internal/pb/auth/v1/auth.pb.go:93.34,95.4 1 0
github.com/mikhailmogilnikov/go/final/auth/internal/pb/auth/v1/auth.pb.go:96.3,96.12 1 0
github.com/mikhailmogilnikov/go/final/auth/internal/pb/auth/v1/auth.pb.go:98.2,98.24 1 0
github.com/mikhailmogilnikov/go/final/auth/internal/pb/auth/v1/auth.pb.go:101.55,103.2 1 0
github.com/mikhailmogilnikov/go/final/auth/internal/pb/auth/v1/auth.pb.go:105.46,106.14 1 0
github.com/mikhailmogilnikov/go/final/auth/internal/pb/auth/v1/auth.pb.go:106.14,108.3 1 0
github.com/mikhailmogilnikov/go/final/auth/internal/pb/auth/v1/auth.pb.go:109.2,109.10 1 0
github.com/mikhailmogilnikov/go/final/auth/internal/pb/auth/v1/auth.pb.go:112.46,113.14 1 0
github.com/mikhailmogilnikov/go/final/auth/internal/pb/auth/v1/auth.pb.go:113.14,115.3 1 0
github.com/mikhailmogilnikov/go/final/auth/internal/pb/auth/v1/auth.pb.go:116.2,116.11 1 0
github.com/mikhailmogilnikov/go/final/auth/internal/pb/auth/v1/auth.pb.go:127.32,132.2 4 0
github.com/mikhailmogilnikov/go/final/auth/internal/pb/auth/v1/auth.pb.go:134.40,136.2 1 0
github.com/mikhailmogilnikov/go/final/auth/internal/pb/auth/v1/auth.pb.go:138.38,138.39 0 0
github.com/mikhailmogilnikov/go/final/auth/internal/pb/auth/v1/auth.pb.go:140.60,142.14 2 0
github.com/mikhailmogilnikov/go/final/auth/internal/pb/auth/v1/auth.pb.go:142.14,144.34 2 0
github.com/mikhailmogilnikov/go/final/auth/internal/pb/auth/v1/auth.pb.go:144.34,146.4 1 0
github.com/mikhailmogilnikov/go/final/auth/internal/pb/auth/v1/auth.pb.go:147.3,147.12 1 0
github.com/mikhailmogilnikov/go/final/auth/internal/pb/auth/v1/auth.pb.go:149.2,149.24 1 0
github.com/mikhailmogilnikov/go/final/auth/internal/pb/auth/v1/auth.pb.go:152.51,154.2 1 0
github.com/mikhailmogilnikov/go/final/auth/internal/pb/auth/v1/auth.pb.go:156.42,157.14 1 0
github.com/mikhailmogilnikov/go/final/auth/internal/pb/auth/v1/auth.pb.go:157.14,159.3 1 0
github.com/mikhailmogilnikov/go/final/auth/internal/pb/auth/v1/auth.pb.go:160.2,160.11 1 0
github.com/mikhailmogilnikov/go/final/auth/internal/pb/auth/v1/auth.pb.go:163.45,164.14 1 0
github.com/mikhailmogilnikov/go/final/auth/internal/pb/auth/v1/auth.pb.go:164.14,166.3 1 0
github.com/mikhailmogilnikov/go/final/auth/internal/pb/auth/v1/auth.pb.go:167.2,167.11 1 0
github.com/mikhailmogilnikov/go/final/auth/internal/pb/auth/v1/auth.pb.go:178.33,183.2 4 0
github.com/mikhailmogilnikov/go/final/auth/internal/pb/auth/v1/auth.pb.go:185.41,187.2 1 0
github.com/mikhailmogilnikov/go/final/auth/internal/pb/auth/v1/auth.pb.go:189.39,189.40 0 0
github.com/mikhailmogilnikov/go/final/auth/internal/pb/auth/v1/auth.pb.go:191.61,193.14 2 0
github.com/mikhailmogilnikov/go/final/auth/internal/pb/auth/v1/auth.pb.go:193.14,195.34 2 0
github.com/mikhailmogilnikov/go/final/auth/internal/pb/auth/v1/auth.pb.go:195.34,197.4 1 0
github.com/mikhailmogilnikov/go/final/auth/internal/pb/auth/v1/auth.pb.go:198.3,198.12 1 0
github.com/mikhailmogilnikov/go/final/auth/internal/pb/auth/v1/auth.pb.go:200.2,200.24 1 0
github.com/mikhailmogilnikov/go/final/auth/internal/pb/auth/v1/auth.pb.go:203.52,205.2 1 0
github.com/mikhailmogilnikov/go/final/auth/internal/pb/auth/v1/auth.pb.go:207.43,208.14 1 0
github.com/mikhailmogilnikov/go/final/auth/internal/pb/auth/v1/auth.pb.go:208.14,210.3 1 0
github.com/mikhailmogilnikov/go/final/auth/internal/pb/auth/v1/auth.pb.go:211.2,211.10 1 0
github.com/mikhailmogilnikov/go/final/auth/internal/pb/auth/v1/auth.pb.go:214.43,215.14 1 0
github.com/mikhailmogilnikov/go/final/auth/internal/pb/auth/v1/auth.pb.go:215.14,217.3 1 0
github.com/mikhailmogilnikov/go/final/auth/internal/pb/auth/v1/auth.pb.go:218.2,218.11 1 0
github.com/mikhailmogilnikov/go/final/auth/internal/pb/auth/v1/auth.pb.go:228.40,233.2 4 0
github.com/mikhailmogilnikov/go/final/auth/internal/pb/auth/v1/auth.pb.go:235.48,237.2 1 0
github.com/mikhailmogilnikov/go/final/auth/internal/pb/auth/v1/auth.pb.go:239.46,239.47 0 0
github.com/mikhailmogilnikov/go/final/auth/internal/pb/auth/v1/auth.pb.go:241.68,243.14 2 0
github.com/mikhailmogilnikov/go/final/auth/internal/pb/auth/v1/auth.pb.go:243.14,245.34 2 0
github.com/mikhailmogilnikov/go/final/auth/internal/pb/auth/v1/auth.pb.go:245.34,247.4 1 0
github.com/mikhailmogilnikov/go/final/auth/internal/pb/auth/v1/auth.pb.go:248.3,248.12 1 0
github.com/mikhailmogilnikov/go/final/auth/internal/pb/auth/v1/auth.pb.go:250.2,250.24 1 0
github.com/mikhailmogilnikov/go/final/auth/internal/pb/auth/v1/auth.pb.go:253.59,255.2 1 0
github.com/mikhailmogilnikov/go/final/auth/internal/pb/auth/v1/auth.pb.go:257.50,258.14 1 0
github.com/mikhailmogilnikov/go/final/auth/internal/pb/auth/v1/auth.pb.go:258.14,260.3 1 0
github.com/mikhailmogilnikov/go/final/auth/internal/pb/auth/v1/auth.pb.go:261.2,261.11 1 0
github.com/mikhailmogilnikov/go/final/auth/internal/pb/auth/v1/auth.pb.go:273.41,278.2 4 0
github.com/mikhailmogilnikov/go/final/auth/internal/pb/auth/v1/auth.pb.go:280.49,282.2 1 0
github.com/mikhailmogilnikov/go/final/auth/internal/pb/auth/v1/auth.pb.go:284.47,284.48 0 0
github.com/mikhailmogilnikov/go/final/auth/internal/pb/auth/v1/auth.pb.go:286.69,288.14 2 0
github.com/mikhailmogilnikov/go/final/auth/internal/pb/auth/v1/auth.pb.go:288.14,290.34 2 0
github.com/mikhailmogilnikov/go/final/auth/internal/pb/auth/v1/auth.pb.go:290.34,292.4 1 0
github.com/mikhailmogilnikov/go/final/auth/internal/pb/auth/v1/auth.pb.go:293.3,293.12 1 0
github.com/mikhailmogilnikov/go/final/auth/internal/pb/auth/v1/auth.pb.go:295.2,295.24 1 0
github.com/mikhailmogilnikov/go/final/auth/internal/pb/auth/v1/auth.pb.go:298.60,300.2 1 0
github.com/mikhailmogilnikov/go/final/auth/internal/pb/auth/v1/auth.pb.go:302.49,303.14 1 0
github.com/mikhailmogilnikov/go/final/auth/internal/pb/auth/v1/auth.pb.go:303.14,305.3 1 0
github.com/mikhailmogilnikov/go/final/auth/internal/pb/auth/v1/auth.pb.go:306.2,306.14 1 0
github.com/mikhailmogilnikov/go/final/auth/internal/pb/auth/v1/auth.pb.go:309.51,310.14 1 0
github.com/mikhailmogilnikov/go/final/auth/internal/pb/auth/v1/auth.pb.go:310.14,312.3 1 0
github.com/mikhailmogilnikov/go/final/auth/internal/pb/auth/v1/auth.pb.go:313.2,313.10 1 0
github.com/mikhailmogilnikov/go/final/auth/internal/pb/auth/v1/auth.pb.go:316.51,317.14 1 0
github.com/mikhailmogilnikov/go/final/auth/internal/pb/auth/v1/auth.pb.go:317.14,319.3 1 0
github.com/mikhailmogilnikov/go/final/auth/internal/pb/auth/v1/auth.pb.go:320.2,320.11 1 0
github.com/mikhailmogilnikov/go/final/auth/internal/pb/auth/v1/auth.pb.go:357.43,358.40 1 0
github.com/mikhailmogilnikov/go/final/auth/internal/pb/auth/v1/auth.pb.go:358.40,360.3 1 0
github.com/mikhailmogilnikov/go/final/auth/internal/pb/auth/v1/auth.pb.go:361.2,361.36 1 0
github.com/mikhailmogilnikov/go/final/auth/internal/pb/auth/v1/auth.pb.go:387.13,387.39 1 0
github.com/mikhailmogilnikov/go/final/auth/internal/pb/auth/v1/auth.pb.go:388.29,389.28 1 0
github.com/mikhailmogilnikov/go/final/auth/internal/pb/auth/v1/auth.pb.go:389.28,391.3 1 0
github.com/mikhailmogilnikov/go/final/auth/internal/pb/auth/v1/auth.pb.go:392.2,408.31 5 0
github.com/mikhailmogilnikov/go/final/auth/internal/pb/auth/v1/auth_grpc.pb.go:29.74,31.2 1 0
github.com/mikhailmogilnikov/go/final/auth/internal/pb/auth/v1/auth_grpc.pb.go:33.132,37.16 4 0
github.com/mikhailmogilnikov/go/final/auth/internal/pb/auth/v1/auth_grpc.pb.go:37.16,39.3 1 0
github.com/mikhailmogilnikov/go/final/auth/internal/pb/auth/v1/auth_grpc.pb.go:40.2,40.17 1 0
github.com/mikhailmogilnikov/go/final/auth/internal/pb/auth/v1/auth_grpc.pb.go:43.123,47.16 4 0
github.com/mikhailmogilnikov/go/final/auth/internal/pb/auth/v1/auth_grpc.pb.go:47.16,49.3 1 0
github.com/mikhailmogilnikov/go/final/auth/internal/pb/auth/v1/auth_grpc.pb.go:50.2,50.17 1 0
github.com/mikhailmogilnikov/go/final/auth/internal/pb/auth/v1/auth_grpc.pb.go:53.147,57.16 4 0
github.com/mikhailmogilnikov/go/final/auth/internal/pb/auth/v1/auth_grpc.pb.go:57.16,59.3 1 0
github.com/mikhailmogilnikov/go/final/auth/internal/pb/auth/v1/auth_grpc.pb.go:60.2,60.17 1 0
github.com/mikhailmogilnikov/go/final/auth/internal/pb/auth/v1/auth_grpc.pb.go:72.110,74.2 1 0
github.com/mikhailmogilnikov/go/final/auth/internal/pb/auth/v1/auth_grpc.pb.go:75.101,77.2 1 0
github.com/mikhailmogilnikov/go/final/auth/internal/pb/auth/v1/auth_grpc.pb.go:78.125,80.2 1 0
github.com/mikhailmogilnikov/go/final/auth/internal/pb/auth/v1/auth_grpc.pb.go:81.82,81.83 0 0
github.com/mikhailmogilnikov/go/final/auth/internal/pb/auth/v1/auth_grpc.pb.go:82.82,82.83 0 0
github.com/mikhailmogilnikov/go/final/auth/internal/pb/auth/v1/auth_grpc.pb.go:88.80,89.59 1 0
github.com/mikhailmogilnikov/go/final/auth/internal/pb/auth/v1/auth_grpc.pb.go:89.59,91.3 1 0
github.com/mikhailmogilnikov/go/final/auth/internal/pb/auth/v1/auth_grpc.pb.go:92.2,92.50 1 0
github.com/mikhailmogilnikov/go/final/auth/internal/pb/auth/v1/auth_grpc.pb.go:95.165,97.32 2 0
github.com/mikhailmogilnikov/go/final/auth/internal/pb/auth/v1/auth_grpc.pb.go:97.32,99.3 1 0
github.com/mikhailmogilnikov/go/final/auth/internal/pb/auth/v1/auth_grpc.pb.go:100.2,100.24 1 0
github.com/mikhailmogilnikov/go/final/auth/internal/pb/auth/v1/auth_grpc.pb.go:100.24,102.3 1 0
github.com/mikhailmogilnikov/go/final/auth/internal/pb/auth/v1/auth_grpc.pb.go:103.2,107.77 2 0
github.com/mikhailmogilnikov/go/final/auth/internal/pb/auth/v1/auth_grpc.pb.go:107.77,109.3 1 0
github.com/mikhailmogilnikov/go/final/auth/internal/pb/auth/v1/auth_grpc.pb.go:110.2,110.44 1 0
github.com/mikhailmogilnikov/go/final/auth/internal/pb/auth/v1/auth_grpc.pb.go:113.162,115.32 2 0
github.com/mikhailmogilnikov/go/final/auth/internal/pb/auth/v1/auth_grpc.pb.go:115.32,117.3 1 0
github.com/mikhailmogilnikov/go/final/auth/internal/pb/auth/v1/auth_grpc.pb.go:118.2,118.24 1 0
github.com/mikhailmogilnikov/go/final/auth/internal/pb/auth/v1/auth_grpc.pb.go:118.24,120.3 1 0
github.com/mikhailmogilnikov/go/final/auth/internal/pb/auth/v1/auth_grpc.pb.go:121.2,125.77 2 0
github.com/mikhailmogilnikov/go/final/auth/internal/pb/auth/v1/auth_grpc.pb.go:125.77,127.3 1 0
github.com/mikhailmogilnikov/go/final/auth/internal/pb/auth/v1/auth_grpc.pb.go:128.2,128.44 1 0
github.com/mikhailmogilnikov/go/final/auth/internal/pb/auth/v1/auth_grpc.pb.go:131.170,133.32 2 0
github.com/mikhailmogilnikov/go/final/auth/internal/pb/auth/v1/auth_grpc.pb.go:133.32,135.3 1 0
github.com/mikhailmogilnikov/go/final/auth/internal/pb/auth/v1/auth_grpc.pb.go:136.2,136.24 1 0
github.com/mikhailmogilnikov/go/final/auth/internal/pb/auth/v1/auth_grpc.pb.go:136.24,138.3 1 0
github.com/mikhailmogilnikov/go/final/auth/internal/pb/auth/v1/auth_grpc.pb.go:139.2,143.77 2 0
github.com/mikhailmogilnikov/go/final/auth/internal/pb/auth/v1/auth_grpc.pb.go:143.77,145.3 1 0
github.com/mikhailmogilnikov/go/final/auth/internal/pb/auth/v1/auth_grpc.pb.go:146.2,146.44 1 0
github.com/mikhailmogilnikov/go/final/auth/internal/repository/pg/user_repository.go:17.58,19.2 1 0
github.com/mikhailmogilnikov/go/final/auth/internal/repository/pg/user_repository.go:21.79,29.16 3 0
github.com/mikhailmogilnikov/go/final/auth/internal/repository/pg/user_repository.go:29.16,30.31 1 0
github.com/mikhailmogilnikov/go/final/auth/internal/repository/pg/user_repository.go:30.31,32.4 1 0
github.com/mikhailmogilnikov/go/final/auth/internal/repository/pg/user_repository.go:33.3,33.13 1 0
github.com/mikhailmogilnikov/go/final/auth/internal/repository/pg/user_repository.go:35.2,35.12 1 0
github.com/mikhailmogilnikov/go/final/auth/internal/repository/pg/user_repository.go:38.94,47.16 4 0
github.com/mikhailmogilnikov/go/final/auth/internal/repository/pg/user_repository.go:47.16,48.36 1 0
github.com/mikhailmogilnikov/go/final/auth/internal/repository/pg/user_repository.go:48.36,50.4 1 0
github.com/mikhailmogilnikov/go/final/auth/internal/repository/pg/user_repository.go:51.3,51.18 1 0
github.com/mikhailmogilnikov/go/final/auth/internal/repository/pg/user_repository.go:53.2,53.18 1 0
github.com/mikhailmogilnikov/go/final/auth/internal/repository/pg/user_repository.go:56.87,65.16 4 0
github.com/mikhailmogilnikov/go/final/auth/internal/repository/pg/user_repository.go:65.16,66.36 1 0
github.com/mikhailmogilnikov/go/final/auth/internal/repository/pg/user_repository.go:66.36,68.4 1 0
github.com/mikhailmogilnikov/go/final/auth/internal/repository/pg/user_repository.go:69.3,69.18 1 0
github.com/mikhailmogilnikov/go/final/auth/internal/repository/pg/user_repository.go:71.2,71.18 1 0
github.com/mikhailmogilnikov/go/final/auth/internal/repository/pg/user_repository.go:74.42,76.2 1 0
github.com/mikhailmogilnikov/go/final/auth/internal/repository/pg/user_repository.go:78.38,80.2 1 0
github.com/mikhailmogilnikov/go/final/auth/internal/repository/pg/user_repository.go:82.44,83.43 1 0
github.com/mikhailmogilnikov/go/final/auth/internal/repository/pg/user_repository.go:83.43,84.35 1 0
github.com/mikhailmogilnikov/go/final/auth/internal/repository/pg/user_repository.go:84.35,86.4 1 0
github.com/mikhailmogilnikov/go/final/auth/internal/repository/pg/user_repository.go:88.2,88.14 1 0
github.com/mikhailmogilnikov/go/final/auth/internal/service/auth_service.go:20.108,26.2 1 0
github.com/mikhailmogilnikov/go/final/auth/internal/service/auth_service.go:28.100,29.52 1 0
github.com/mikhailmogilnikov/go/final/auth/internal/service/auth_service.go:29.52,31.3 1 0
github.com/mikhailmogilnikov/go/final/auth/internal/service/auth_service.go:32.2,32.58 1 0
github.com/mikhailmogilnikov/go/final/auth/internal/service/auth_service.go:32.58,34.3 1 0
github.com/mikhailmogilnikov/go/final/auth/internal/service/auth_service.go:36.2,37.16 2 0
github.com/mikhailmogilnikov/go/final/auth/internal/service/auth_service.go:37.16,39.3 1 0
github.com/mikhailmogilnikov/go/final/auth/internal/service/auth_service.go:40.2,40.21 1 0
github.com/mikhailmogilnikov/go/final/auth/internal/service/auth_service.go:40.21,42.3 1 0
github.com/mikhailmogilnikov/go/final/auth/internal/service/auth_service.go:44.2,45.16 2 0
github.com/mikhailmogilnikov/go/final/auth/internal/service/auth_service.go:45.16,47.3 1 0
github.com/mikhailmogilnikov/go/final/auth/internal/service/auth_service.go:49.2,53.53 2 0
github.com/mikhailmogilnikov/go/final/auth/internal/service/auth_service.go:53.53,55.3 1 0
github.com/mikhailmogilnikov/go/final/auth/internal/service/auth_service.go:57.2,58.16 2 0
github.com/mikhailmogilnikov/go/final/auth/internal/service/auth_service.go:58.16,60.3 1 0
github.com/mikhailmogilnikov/go/final/auth/internal/service/auth_service.go:62.2,62.28 1 0
github.com/mikhailmogilnikov/go/final/auth/internal/service/auth_service.go:65.97,67.16 2 0
github.com/mikhailmogilnikov/go/final/auth/internal/service/auth_service.go:67.16,69.3 1 0
github.com/mikhailmogilnikov/go/final/auth/internal/service/auth_service.go:70.2,70.17 1 0
github.com/mikhailmogilnikov/go/final/auth/internal/service/auth_service.go:70.17,72.3 1 0
github.com/mikhailmogilnikov/go/final/auth/internal/service/auth_service.go:74.2,75.16 2 0
github.com/mikhailmogilnikov/go/final/auth/internal/service/auth_service.go:75.16,77.3 1 0
github.com/mikhailmogilnikov/go/final/auth/internal/service/auth_service.go:79.2,80.16 2 0
github.com/mikhailmogilnikov/go/final/auth/internal/service/auth_service.go:80.16,82.3 1 0
github.com/mikhailmogilnikov/go/final/auth/internal/service/auth_service.go:84.2,84.28 1 0
github.com/mikhailmogilnikov/go/final/auth/internal/service/auth_service.go:87.79,88.83 1 0
github.com/mikhailmogilnikov/go/final/auth/internal/service/auth_service.go:88.83,89.58 1 0
github.com/mikhailmogilnikov/go/final/auth/internal/service/auth_service.go:89.58,91.4 1 0
github.com/mikhailmogilnikov/go/final/auth/internal/service/auth_service.go:92.3,92.26 1 0
github.com/mikhailmogilnikov/go/final/auth/internal/service/auth_service.go:95.2,95.32 1 0
github.com/mikhailmogilnikov/go/final/auth/internal/service/auth_service.go:95.32,97.3 1 0
github.com/mikhailmogilnikov/go/final/auth/internal/service/auth_service.go:99.2,100.9 2 0
github.com/mikhailmogilnikov/go/final/auth/internal/service/auth_service.go:100.9,102.3 1 0
github.com/mikhailmogilnikov/go/final/auth/internal/service/auth_service.go:104.2,105.9 2 0
github.com/mikhailmogilnikov/go/final/auth/internal/service/auth_service.go:105.9,107.3 1 0
github.com/mikhailmogilnikov/go/final/auth/internal/service/auth_service.go:109.2,110.9 2 0
github.com/mikhailmogilnikov/go/final/auth/internal/service/auth_service.go:110.9,112.3 1 0
github.com/mikhailmogilnikov/go/final/auth/internal/service/auth_service.go:114.2,114.35 1 0
github.com/mikhailmogilnikov/go/final/auth/internal/service/auth_service.go:117.81,127.2 3 0
