mode: set
github.com/mikhailmogilnikov/go/final/ledger/cmd/ledger/main.go:23.13,32.16 6 0
github.com/mikhailmogilnikov/go/final/ledger/cmd/ledger/main.go:32.16,34.3 1 0
github.com/mikhailmogilnikov/go/final/ledger/cmd/ledger/main.go:35.2,37.39 2 0
github.com/mikhailmogilnikov/go/final/ledger/cmd/ledger/main.go:37.39,39.3 1 0
github.com/mikhailmogilnikov/go/final/ledger/cmd/ledger/main.go:40.2,44.16 4 0
github.com/mikhailmogilnikov/go/final/ledger/cmd/ledger/main.go:44.16,47.3 2 0
github.com/mikhailmogilnikov/go/final/ledger/cmd/ledger/main.go:47.8,49.3 1 0
github.com/mikhailmogilnikov/go/final/ledger/cmd/ledger/main.go:51.2,58.16 7 0
github.com/mikhailmogilnikov/go/final/ledger/cmd/ledger/main.go:58.16,60.3 1 0
github.com/mikhailmogilnikov/go/final/ledger/cmd/ledger/main.go:62.2,65.12 3 0
github.com/mikhailmogilnikov/go/final/ledger/cmd/ledger/main.go:65.12,67.44 2 0
github.com/mikhailmogilnikov/go/final/ledger/cmd/ledger/main.go:67.44,69.4 1 0
github.com/mikhailmogilnikov/go/final/ledger/cmd/ledger/main.go:72.2,75.39 4 0
github.com/mikhailmogilnikov/go/final/ledger/internal/cache/cache.go:25.88,35.47 4 0
github.com/mikhailmogilnikov/go/final/ledger/internal/cache/cache.go:35.47,37.3 1 0
github.com/mikhailmogilnikov/go/final/ledger/internal/cache/cache.go:39.2,44.8 2 0
github.com/mikhailmogilnikov/go/final/ledger/internal/cache/cache.go:47.31,49.2 1 0
github.com/mikhailmogilnikov/go/final/ledger/internal/cache/cache.go:51.104,54.16 3 0
github.com/mikhailmogilnikov/go/final/ledger/internal/cache/cache.go:54.16,55.23 1 0
github.com/mikhailmogilnikov/go/final/ledger/internal/cache/cache.go:55.23,58.4 2 0
github.com/mikhailmogilnikov/go/final/ledger/internal/cache/cache.go:59.3,59.18 1 0
github.com/mikhailmogilnikov/go/final/ledger/internal/cache/cache.go:62.2,63.54 2 0
github.com/mikhailmogilnikov/go/final/ledger/internal/cache/cache.go:63.54,65.3 1 0
github.com/mikhailmogilnikov/go/final/ledger/internal/cache/cache.go:66.2,67.21 2 0
github.com/mikhailmogilnikov/go/final/ledger/internal/cache/cache.go:70.109,73.16 3 0
github.com/mikhailmogilnikov/go/final/ledger/internal/cache/cache.go:73.16,75.3 1 0
github.com/mikhailmogilnikov/go/final/ledger/internal/cache/cache.go:76.2,77.50 2 0
github.com/mikhailmogilnikov/go/final/ledger/internal/cache/cache.go:80.70,83.21 3 0
github.com/mikhailmogilnikov/go/final/ledger/internal/cache/cache.go:83.21,86.3 2 0
github.com/mikhailmogilnikov/go/final/ledger/internal/cache/cache.go:89.68,91.2 1 0
github.com/mikhailmogilnikov/go/final/ledger/internal/cache/cache.go:93.88,96.16 3 0
github.com/mikhailmogilnikov/go/final/ledger/internal/cache/cache.go:96.16,97.23 1 0
github.com/mikhailmogilnikov/go/final/ledger/internal/cache/cache.go:97.23,100.4 2 0
github.com/mikhailmogilnikov/go/final/ledger/internal/cache/cache.go:101.3,101.18 1 0
github.com/mikhailmogilnikov/go/final/ledger/internal/cache/cache.go:104.2,105.55 2 0
github.com/mikhailmogilnikov/go/final/ledger/internal/cache/cache.go:105.55,107.3 1 0
github.com/mikhailmogilnikov/go/final/ledger/internal/cache/cache.go:108.2,109.21 2 0
github.com/mikhailmogilnikov/go/final/ledger/internal/cache/cache.go:112.94,115.16 3 0
github.com/mikhailmogilnikov/go/final/ledger/internal/cache/cache.go:115.16,117.3 1 0
github.com/mikhailmogilnikov/go/final/ledger/internal/cache/cache.go:118.2,120.48 3 0
github.com/mikhailmogilnikov/go/final/ledger/internal/cache/cache.go:123.70,127.2 3 0
github.com/mikhailmogilnikov/go/final/ledger/internal/cache/cache.go:129.49,131.2 1 0
github.com/mikhailmogilnikov/go/final/ledger/internal/config/config.go:18.21,20.49 2 0
github.com/mikhailmogilnikov/go/final/ledger/internal/config/config.go:20.49,21.49 1 0
github.com/mikhailmogilnikov/go/final/ledger/internal/config/config.go:21.49,23.4 1 0
github.com/mikhailmogilnikov/go/final/ledger/internal/config/config.go:26.2,33.3 1 0
github.com/mikhailmogilnikov/go/final/ledger/internal/config/config.go:36.42,37.38 1 0
github.com/mikhailmogilnikov/go/final/ledger/internal/config/config.go:37.38,39.3 1 0
github.com/mikhailmogilnikov/go/final/ledger/internal/config/config.go:40.2,40.17 1 0
github.com/mikhailmogilnikov/go/final/ledger/internal/csv/csv.go:13.82,16.16 3 0
github.com/mikhailmogilnikov/go/final/ledger/internal/csv/csv.go:16.16,18.3 1 0
github.com/mikhailmogilnikov/go/final/ledger/internal/csv/csv.go:20.2,23.33 3 0
github.com/mikhailmogilnikov/go/final/ledger/internal/csv/csv.go:23.33,24.123 1 0
github.com/mikhailmogilnikov/go/final/ledger/internal/csv/csv.go:24.123,25.12 1 0
github.com/mikhailmogilnikov/go/final/ledger/internal/csv/csv.go:28.3,28.22 1 0
github.com/mikhailmogilnikov/go/final/ledger/internal/csv/csv.go:28.22,30.12 2 0
github.com/mikhailmogilnikov/go/final/ledger/internal/csv/csv.go:33.3,34.17 2 0
github.com/mikhailmogilnikov/go/final/ledger/internal/csv/csv.go:34.17,36.12 2 0
github.com/mikhailmogilnikov/go/final/ledger/internal/csv/csv.go:39.3,40.21 2 0
github.com/mikhailmogilnikov/go/final/ledger/internal/csv/csv.go:40.21,42.12 2 0
github.com/mikhailmogilnikov/go/final/ledger/internal/csv/csv.go:45.3,46.22 2 0
github.com/mikhailmogilnikov/go/final/ledger/internal/csv/csv.go:46.22,48.4 1 0
github.com/mikhailmogilnikov/go/final/ledger/internal/csv/csv.go:50.3,51.41 2 0
github.com/mikhailmogilnikov/go/final/ledger/internal/csv/csv.go:51.41,53.18 2 0
github.com/mikhailmogilnikov/go/final/ledger/internal/csv/csv.go:53.18,55.5 1 0
github.com/mikhailmogilnikov/go/final/ledger/internal/csv/csv.go:55.10,57.5 1 0
github.com/mikhailmogilnikov/go/final/ledger/internal/csv/csv.go:60.3,68.39 2 0
github.com/mikhailmogilnikov/go/final/ledger/internal/csv/csv.go:68.39,70.12 2 0
github.com/mikhailmogilnikov/go/final/ledger/internal/csv/csv.go:73.3,73.42 1 0
github.com/mikhailmogilnikov/go/final/ledger/internal/csv/csv.go:76.2,76.34 1 0
github.com/mikhailmogilnikov/go/final/ledger/internal/csv/csv.go:79.69,83.92 3 0
github.com/mikhailmogilnikov/go/final/ledger/internal/csv/csv.go:83.92,85.3 1 0
github.com/mikhailmogilnikov/go/final/ledger/internal/csv/csv.go:87.2,87.34 1 0
github.com/mikhailmogilnikov/go/final/ledger/internal/csv/csv.go:87.34,94.46 2 0
github.com/mikhailmogilnikov/go/final/ledger/internal/csv/csv.go:94.46,96.4 1 0
github.com/mikhailmogilnikov/go/final/ledger/internal/csv/csv.go:99.2,100.39 2 0
github.com/mikhailmogilnikov/go/final/ledger/internal/csv/csv.go:100.39,102.3 1 0
github.com/mikhailmogilnikov/go/final/ledger/internal/csv/csv.go:104.2,104.25 1 0
github.com/mikhailmogilnikov/go/final/ledger/internal/grpcserver/ledger_server.go:23.74,25.2 1 0
github.com/mikhailmogilnikov/go/final/ledger/internal/grpcserver/ledger_server.go:27.127,28.26 1 0
github.com/mikhailmogilnikov/go/final/ledger/internal/grpcserver/ledger_server.go:28.26,30.3 1 0
github.com/mikhailmogilnikov/go/final/ledger/internal/grpcserver/ledger_server.go:31.2,31.26 1 0
github.com/mikhailmogilnikov/go/final/ledger/internal/grpcserver/ledger_server.go:31.26,33.3 1 0
github.com/mikhailmogilnikov/go/final/ledger/internal/grpcserver/ledger_server.go:34.2,34.29 1 0
github.com/mikhailmogilnikov/go/final/ledger/internal/grpcserver/ledger_server.go:34.29,36.3 1 0
github.com/mikhailmogilnikov/go/final/ledger/internal/grpcserver/ledger_server.go:38.2,44.26 2 0
github.com/mikhailmogilnikov/go/final/ledger/internal/grpcserver/ledger_server.go:44.26,46.3 1 0
github.com/mikhailmogilnikov/go/final/ledger/internal/grpcserver/ledger_server.go:48.2,49.16 2 0
github.com/mikhailmogilnikov/go/final/ledger/internal/grpcserver/ledger_server.go:49.16,50.48 1 0
github.com/mikhailmogilnikov/go/final/ledger/internal/grpcserver/ledger_server.go:50.48,52.4 1 0
github.com/mikhailmogilnikov/go/final/ledger/internal/grpcserver/ledger_server.go:53.3,53.82 1 0
github.com/mikhailmogilnikov/go/final/ledger/internal/grpcserver/ledger_server.go:56.2,60.8 1 0
github.com/mikhailmogilnikov/go/final/ledger/internal/grpcserver/ledger_server.go:63.130,64.26 1 0
github.com/mikhailmogilnikov/go/final/ledger/internal/grpcserver/ledger_server.go:64.26,66.3 1 0
github.com/mikhailmogilnikov/go/final/ledger/internal/grpcserver/ledger_server.go:68.2,70.16 2 0
github.com/mikhailmogilnikov/go/final/ledger/internal/grpcserver/ledger_server.go:70.16,72.3 1 0
github.com/mikhailmogilnikov/go/final/ledger/internal/grpcserver/ledger_server.go:74.2,75.30 2 0
github.com/mikhailmogilnikov/go/final/ledger/internal/grpcserver/ledger_server.go:75.30,77.3 1 0
github.com/mikhailmogilnikov/go/final/ledger/internal/grpcserver/ledger_server.go:79.2,81.8 1 0
github.com/mikhailmogilnikov/go/final/ledger/internal/grpcserver/ledger_server.go:84.112,85.26 1 0
github.com/mikhailmogilnikov/go/final/ledger/internal/grpcserver/ledger_server.go:85.26,87.3 1 0
github.com/mikhailmogilnikov/go/final/ledger/internal/grpcserver/ledger_server.go:88.2,88.29 1 0
github.com/mikhailmogilnikov/go/final/ledger/internal/grpcserver/ledger_server.go:88.29,90.3 1 0
github.com/mikhailmogilnikov/go/final/ledger/internal/grpcserver/ledger_server.go:91.2,91.31 1 0
github.com/mikhailmogilnikov/go/final/ledger/internal/grpcserver/ledger_server.go:91.31,93.3 1 0
github.com/mikhailmogilnikov/go/final/ledger/internal/grpcserver/ledger_server.go:95.2,102.63 2 0
github.com/mikhailmogilnikov/go/final/ledger/internal/grpcserver/ledger_server.go:102.63,104.3 1 0
github.com/mikhailmogilnikov/go/final/ledger/internal/grpcserver/ledger_server.go:106.2,108.8 1 0
github.com/mikhailmogilnikov/go/final/ledger/internal/grpcserver/ledger_server.go:111.115,112.26 1 0
github.com/mikhailmogilnikov/go/final/ledger/internal/grpcserver/ledger_server.go:112.26,114.3 1 0
github.com/mikhailmogilnikov/go/final/ledger/internal/grpcserver/ledger_server.go:116.2,117.16 2 0
github.com/mikhailmogilnikov/go/final/ledger/internal/grpcserver/ledger_server.go:117.16,119.3 1 0
github.com/mikhailmogilnikov/go/final/ledger/internal/grpcserver/ledger_server.go:121.2,122.25 2 0
github.com/mikhailmogilnikov/go/final/ledger/internal/grpcserver/ledger_server.go:122.25,124.3 1 0
github.com/mikhailmogilnikov/go/final/ledger/internal/grpcserver/ledger_server.go:126.2,128.8 1 0
github.com/mikhailmogilnikov/go/final/ledger/internal/grpcserver/ledger_server.go:131.112,132.26 1 0
github.com/mikhailmogilnikov/go/final/ledger/internal/grpcserver/ledger_server.go:132.26,134.3 1 0
github.com/mikhailmogilnikov/go/final/ledger/internal/grpcserver/ledger_server.go:135.2,135.48 1 0
github.com/mikhailmogilnikov/go/final/ledger/internal/grpcserver/ledger_server.go:135.48,137.3 1 0
github.com/mikhailmogilnikov/go/final/ledger/internal/grpcserver/ledger_server.go:139.2,143.16 4 0
github.com/mikhailmogilnikov/go/final/ledger/internal/grpcserver/ledger_server.go:143.16,145.3 1 0
github.com/mikhailmogilnikov/go/final/ledger/internal/grpcserver/ledger_server.go:147.2,148.31 2 0
github.com/mikhailmogilnikov/go/final/ledger/internal/grpcserver/ledger_server.go:148.31,155.3 1 0
github.com/mikhailmogilnikov/go/final/ledger/internal/grpcserver/ledger_server.go:157.2,162.8 1 0
github.com/mikhailmogilnikov/go/final/ledger/internal/grpcserver/ledger_server.go:165.112,166.26 1 0
github.com/mikhailmogilnikov/go/final/ledger/internal/grpcserver/ledger_server.go:166.26,168.3 1 0
github.com/mikhailmogilnikov/go/final/ledger/internal/grpcserver/ledger_server.go:169.2,169.32 1 0
github.com/mikhailmogilnikov/go/final/ledger/internal/grpcserver/ledger_server.go:169.32,171.3 1 0
github.com/mikhailmogilnikov/go/final/ledger/internal/grpcserver/ledger_server.go:173.2,174.16 2 0
github.com/mikhailmogilnikov/go/final/ledger/internal/grpcserver/ledger_server.go:174.16,176.3 1 0
github.com/mikhailmogilnikov/go/final/ledger/internal/grpcserver/ledger_server.go:178.2,182.30 4 0
github.com/mikhailmogilnikov/go/final/ledger/internal/grpcserver/ledger_server.go:182.30,184.17 2 0
github.com/mikhailmogilnikov/go/final/ledger/internal/grpcserver/ledger_server.go:184.17,187.4 2 0
github.com/mikhailmogilnikov/go/final/ledger/internal/grpcserver/ledger_server.go:187.9,189.4 1 0
github.com/mikhailmogilnikov/go/final/ledger/internal/grpcserver/ledger_server.go:192.2,198.8 2 0
github.com/mikhailmogilnikov/go/final/ledger/internal/grpcserver/ledger_server.go:201.112,202.26 1 0
github.com/mikhailmogilnikov/go/final/ledger/internal/grpcserver/ledger_server.go:202.26,204.3 1 0
github.com/mikhailmogilnikov/go/final/ledger/internal/grpcserver/ledger_server.go:206.2,208.16 2 0
github.com/mikhailmogilnikov/go/final/ledger/internal/grpcserver/ledger_server.go:208.16,210.3 1 0
github.com/mikhailmogilnikov/go/final/ledger/internal/grpcserver/ledger_server.go:212.2,213.16 2 0
github.com/mikhailmogilnikov/go/final/ledger/internal/grpcserver/ledger_server.go:213.16,215.3 1 0
github.com/mikhailmogilnikov/go/final/ledger/internal/grpcserver/ledger_server.go:217.2,220.8 1 0
github.com/mikhailmogilnikov/go/final/ledger/internal/grpcserver/ledger_server.go:223.65,233.2 1 0
github.com/mikhailmogilnikov/go/final/ledger/internal/grpcserver/ledger_server.go:235.49,243.2 1 0
github.com/mikhailmogilnikov/go/final/ledger/internal/grpcserver/ledger_server.go:245.58,246.15 1 0
github.com/mikhailmogilnikov/go/final/ledger/internal/grpcserver/ledger_server.go:246.15,248.3 1 0
github.com/mikhailmogilnikov/go/final/ledger/internal/grpcserver/ledger_server.go:249.2,250.11 2 0
github.com/mikhailmogilnikov/go/final/ledger/internal/repository/pg/budget_repository.go:17.62,19.2 1 0
github.com/mikhailmogilnikov/go/final/ledger/internal/repository/pg/budget_repository.go:21.85,33.2 2 0
github.com/mikhailmogilnikov/go/final/ledger/internal/repository/pg/budget_repository.go:35.100,43.16 3 0
github.com/mikhailmogilnikov/go/final/ledger/internal/repository/pg/budget_repository.go:43.16,45.3 1 0
github.com/mikhailmogilnikov/go/final/ledger/internal/repository/pg/budget_repository.go:46.2,49.18 3 0
github.com/mikhailmogilnikov/go/final/ledger/internal/repository/pg/budget_repository.go:49.18,52.17 3 0
github.com/mikhailmogilnikov/go/final/ledger/internal/repository/pg/budget_repository.go:52.17,54.4 1 0
github.com/mikhailmogilnikov/go/final/ledger/internal/repository/pg/budget_repository.go:55.3,55.31 1 0
github.com/mikhailmogilnikov/go/final/ledger/internal/repository/pg/budget_repository.go:57.2,57.28 1 0
github.com/mikhailmogilnikov/go/final/ledger/internal/repository/pg/budget_repository.go:60.118,69.16 4 0
github.com/mikhailmogilnikov/go/final/ledger/internal/repository/pg/budget_repository.go:69.16,70.36 1 0
github.com/mikhailmogilnikov/go/final/ledger/internal/repository/pg/budget_repository.go:70.36,72.4 1 0
github.com/mikhailmogilnikov/go/final/ledger/internal/repository/pg/budget_repository.go:73.3,73.18 1 0
github.com/mikhailmogilnikov/go/final/ledger/internal/repository/pg/budget_repository.go:75.2,75.16 1 0
github.com/mikhailmogilnikov/go/final/ledger/internal/repository/pg/transaction_repository.go:16.72,18.2 1 0
github.com/mikhailmogilnikov/go/final/ledger/internal/repository/pg/transaction_repository.go:20.91,29.2 2 0
github.com/mikhailmogilnikov/go/final/ledger/internal/repository/pg/transaction_repository.go:31.148,40.17 4 0
github.com/mikhailmogilnikov/go/final/ledger/internal/repository/pg/transaction_repository.go:40.17,44.3 3 0
github.com/mikhailmogilnikov/go/final/ledger/internal/repository/pg/transaction_repository.go:45.2,45.15 1 0
github.com/mikhailmogilnikov/go/final/ledger/internal/repository/pg/transaction_repository.go:45.15,49.3 3 0
github.com/mikhailmogilnikov/go/final/ledger/internal/repository/pg/transaction_repository.go:50.2,50.20 1 0
github.com/mikhailmogilnikov/go/final/ledger/internal/repository/pg/transaction_repository.go:50.20,53.3 2 0
github.com/mikhailmogilnikov/go/final/ledger/internal/repository/pg/transaction_repository.go:54.2,57.16 3 0
github.com/mikhailmogilnikov/go/final/ledger/internal/repository/pg/transaction_repository.go:57.16,59.3 1 0
github.com/mikhailmogilnikov/go/final/ledger/internal/repository/pg/transaction_repository.go:60.2,63.18 3 0
github.com/mikhailmogilnikov/go/final/ledger/internal/repository/pg/transaction_repository.go:63.18,66.17 3 0
github.com/mikhailmogilnikov/go/final/ledger/internal/repository/pg/transaction_repository.go:66.17,68.4 1 0
github.com/mikhailmogilnikov/go/final/ledger/internal/repository/pg/transaction_repository.go:69.3,69.42 1 0
github.com/mikhailmogilnikov/go/final/ledger/internal/repository/pg/transaction_repository.go:71.2,71.33 1 0
github.com/mikhailmogilnikov/go/final/ledger/internal/repository/pg/transaction_repository.go:74.136,83.2 4 0
github.com/mikhailmogilnikov/go/final/ledger/internal/repository/pg/transaction_repository.go:85.139,94.16 3 0
github.com/mikhailmogilnikov/go/final/ledger/internal/repository/pg/transaction_repository.go:94.16,96.3 1 0
github.com/mikhailmogilnikov/go/final/ledger/internal/repository/pg/transaction_repository.go:97.2,100.18 3 0
github.com/mikhailmogilnikov/go/final/ledger/internal/repository/pg/transaction_repository.go:100.18,103.17 3 0
github.com/mikhailmogilnikov/go/final/ledger/internal/repository/pg/transaction_repository.go:103.17,105.4 1 0
github.com/mikhailmogilnikov/go/final/ledger/internal/repository/pg/transaction_repository.go:106.3,106.35 1 0
github.com/mikhailmogilnikov/go/final/ledger/internal/repository/pg/transaction_repository.go:108.2,108.30 1 0
github.com/mikhailmogilnikov/go/final/ledger/internal/service/ledger_service.go:18.131,24.2 1 0
github.com/mikhailmogilnikov/go/final/ledger/internal/service/ledger_service.go:28.101,29.38 1 0
github.com/mikhailmogilnikov/go/final/ledger/internal/service/ledger_service.go:29.38,31.3 1 0
github.com/mikhailmogilnikov/go/final/ledger/internal/service/ledger_service.go:33.2,33.22 1 0
github.com/mikhailmogilnikov/go/final/ledger/internal/service/ledger_service.go:33.22,35.3 1 0
github.com/mikhailmogilnikov/go/final/ledger/internal/service/ledger_service.go:37.2,40.16 3 0
github.com/mikhailmogilnikov/go/final/ledger/internal/service/ledger_service.go:40.16,42.3 1 0
github.com/mikhailmogilnikov/go/final/ledger/internal/service/ledger_service.go:44.2,44.19 1 0
github.com/mikhailmogilnikov/go/final/ledger/internal/service/ledger_service.go:44.19,47.17 3 0
github.com/mikhailmogilnikov/go/final/ledger/internal/service/ledger_service.go:47.17,49.4 1 0
github.com/mikhailmogilnikov/go/final/ledger/internal/service/ledger_service.go:51.3,54.36 3 0
github.com/mikhailmogilnikov/go/final/ledger/internal/service/ledger_service.go:54.36,57.4 1 0
github.com/mikhailmogilnikov/go/final/ledger/internal/service/ledger_service.go:59.3,59.23 1 0
github.com/mikhailmogilnikov/go/final/ledger/internal/service/ledger_service.go:59.23,62.4 1 0
github.com/mikhailmogilnikov/go/final/ledger/internal/service/ledger_service.go:65.2,65.49 1 0
github.com/mikhailmogilnikov/go/final/ledger/internal/service/ledger_service.go:65.49,67.3 1 0
github.com/mikhailmogilnikov/go/final/ledger/internal/service/ledger_service.go:69.2,69.20 1 0
github.com/mikhailmogilnikov/go/final/ledger/internal/service/ledger_service.go:69.20,71.3 1 0
github.com/mikhailmogilnikov/go/final/ledger/internal/service/ledger_service.go:73.2,73.27 1 0
github.com/mikhailmogilnikov/go/final/ledger/internal/service/ledger_service.go:76.144,78.2 1 0
github.com/mikhailmogilnikov/go/final/ledger/internal/service/ledger_service.go:80.85,81.42 1 0
github.com/mikhailmogilnikov/go/final/ledger/internal/service/ledger_service.go:81.42,83.3 1 0
github.com/mikhailmogilnikov/go/final/ledger/internal/service/ledger_service.go:85.2,85.57 1 0
github.com/mikhailmogilnikov/go/final/ledger/internal/service/ledger_service.go:85.57,87.3 1 0
github.com/mikhailmogilnikov/go/final/ledger/internal/service/ledger_service.go:89.2,89.20 1 0
github.com/mikhailmogilnikov/go/final/ledger/internal/service/ledger_service.go:89.20,91.3 1 0
github.com/mikhailmogilnikov/go/final/ledger/internal/service/ledger_service.go:93.2,93.12 1 0
github.com/mikhailmogilnikov/go/final/ledger/internal/service/ledger_service.go:96.96,97.20 1 0
github.com/mikhailmogilnikov/go/final/ledger/internal/service/ledger_service.go:97.20,98.82 1 0
github.com/mikhailmogilnikov/go/final/ledger/internal/service/ledger_service.go:98.82,100.4 1 0
github.com/mikhailmogilnikov/go/final/ledger/internal/service/ledger_service.go:103.2,104.16 2 0
github.com/mikhailmogilnikov/go/final/ledger/internal/service/ledger_service.go:104.16,106.3 1 0
github.com/mikhailmogilnikov/go/final/ledger/internal/service/ledger_service.go:108.2,108.20 1 0
github.com/mikhailmogilnikov/go/final/ledger/internal/service/ledger_service.go:108.20,110.3 1 0
github.com/mikhailmogilnikov/go/final/ledger/internal/service/ledger_service.go:112.2,112.21 1 0
github.com/mikhailmogilnikov/go/final/ledger/internal/service/ledger_service.go:115.133,116.20 1 0
github.com/mikhailmogilnikov/go/final/ledger/internal/service/ledger_service.go:116.20,117.91 1 0
github.com/mikhailmogilnikov/go/final/ledger/internal/service/ledger_service.go:117.91,119.4 1 0
github.com/mikhailmogilnikov/go/final/ledger/internal/service/ledger_service.go:122.2,123.16 2 0
github.com/mikhailmogilnikov/go/final/ledger/internal/service/ledger_service.go:123.16,125.3 1 0
github.com/mikhailmogilnikov/go/final/ledger/internal/service/ledger_service.go:127.2,128.16 2 0
github.com/mikhailmogilnikov/go/final/ledger/internal/service/ledger_service.go:128.16,130.3 1 0
github.com/mikhailmogilnikov/go/final/ledger/internal/service/ledger_service.go:132.2,133.25 2 0
github.com/mikhailmogilnikov/go/final/ledger/internal/service/ledger_service.go:133.25,135.3 1 0
github.com/mikhailmogilnikov/go/final/ledger/internal/service/ledger_service.go:137.2,138.27 2 0
github.com/mikhailmogilnikov/go/final/ledger/internal/service/ledger_service.go:138.27,140.52 2 0
github.com/mikhailmogilnikov/go/final/ledger/internal/service/ledger_service.go:140.52,143.4 2 0
github.com/mikhailmogilnikov/go/final/ledger/internal/service/ledger_service.go:146.2,146.20 1 0
github.com/mikhailmogilnikov/go/final/ledger/internal/service/ledger_service.go:146.20,151.3 1 0
github.com/mikhailmogilnikov/go/final/ledger/internal/service/ledger_service.go:153.2,153.38 1 0
github.com/mikhailmogilnikov/go/final/ledger/internal/service/ledger_service.go:156.95,157.16 1 0
github.com/mikhailmogilnikov/go/final/ledger/internal/service/ledger_service.go:158.16,160.19 2 0
github.com/mikhailmogilnikov/go/final/ledger/internal/service/ledger_service.go:160.19,162.4 1 0
github.com/mikhailmogilnikov/go/final/ledger/internal/service/ledger_service.go:163.3,167.18 5 0
github.com/mikhailmogilnikov/go/final/ledger/internal/service/ledger_service.go:168.10,172.18 4 0
github.com/mikhailmogilnikov/go/final/ledger/internal/pb/ledger/v1/ledger.pb.go:31.31,36.2 4 0
github.com/mikhailmogilnikov/go/final/ledger/internal/pb/ledger/v1/ledger.pb.go:38.39,40.2 1 0
github.com/mikhailmogilnikov/go/final/ledger/internal/pb/ledger/v1/ledger.pb.go:42.37,42.38 0 0
github.com/mikhailmogilnikov/go/final/ledger/internal/pb/ledger/v1/ledger.pb.go:44.59,46.14 2 0
github.com/mikhailmogilnikov/go/final/ledger/internal/pb/ledger/v1/ledger.pb.go:46.14,48.34 2 0
github.com/mikhailmogilnikov/go/final/ledger/internal/pb/ledger/v1/ledger.pb.go:48.34,50.4 1 0
github.com/mikhailmogilnikov/go/final/ledger/internal/pb/ledger/v1/ledger.pb.go:51.3,51.12 1 0
github.com/mikhailmogilnikov/go/final/ledger/internal/pb/ledger/v1/ledger.pb.go:53.2,53.24 1 0
github.com/mikhailmogilnikov/go/final/ledger/internal/pb/ledger/v1/ledger.pb.go:56.50,58.2 1 0
github.com/mikhailmogilnikov/go/final/ledger/internal/pb/ledger/v1/ledger.pb.go:60.37,61.14 1 0
github.com/mikhailmogilnikov/go/final/ledger/internal/pb/ledger/v1/ledger.pb.go:61.14,63.3 1 0
github.com/mikhailmogilnikov/go/final/ledger/internal/pb/ledger/v1/ledger.pb.go:64.2,64.10 1 0
github.com/mikhailmogilnikov/go/final/ledger/internal/pb/ledger/v1/ledger.pb.go:67.41,68.14 1 0
github.com/mikhailmogilnikov/go/final/ledger/internal/pb/ledger/v1/ledger.pb.go:68.14,70.3 1 0
github.com/mikhailmogilnikov/go/final/ledger/internal/pb/ledger/v1/ledger.pb.go:71.2,71.10 1 0
github.com/mikhailmogilnikov/go/final/ledger/internal/pb/ledger/v1/ledger.pb.go:74.43,75.14 1 0
github.com/mikhailmogilnikov/go/final/ledger/internal/pb/ledger/v1/ledger.pb.go:75.14,77.3 1 0
github.com/mikhailmogilnikov/go/final/ledger/internal/pb/ledger/v1/ledger.pb.go:78.2,78.10 1 0
github.com/mikhailmogilnikov/go/final/ledger/internal/pb/ledger/v1/ledger.pb.go:81.44,82.14 1 0
github.com/mikhailmogilnikov/go/final/ledger/internal/pb/ledger/v1/ledger.pb.go:82.14,84.3 1 0
github.com/mikhailmogilnikov/go/final/ledger/internal/pb/ledger/v1/ledger.pb.go:85.2,85.11 1 0
github.com/mikhailmogilnikov/go/final/ledger/internal/pb/ledger/v1/ledger.pb.go:88.47,89.14 1 0
github.com/mikhailmogilnikov/go/final/ledger/internal/pb/ledger/v1/ledger.pb.go:89.14,91.3 1 0
github.com/mikhailmogilnikov/go/final/ledger/internal/pb/ledger/v1/ledger.pb.go:92.2,92.11 1 0
github.com/mikhailmogilnikov/go/final/ledger/internal/pb/ledger/v1/ledger.pb.go:95.56,96.14 1 0
github.com/mikhailmogilnikov/go/final/ledger/internal/pb/ledger/v1/ledger.pb.go:96.14,98.3 1 0
github.com/mikhailmogilnikov/go/final/ledger/internal/pb/ledger/v1/ledger.pb.go:99.2,99.12 1 0
github.com/mikhailmogilnikov/go/final/ledger/internal/pb/ledger/v1/ledger.pb.go:102.61,103.14 1 0
github.com/mikhailmogilnikov/go/final/ledger/internal/pb/ledger/v1/ledger.pb.go:103.14,105.3 1 0
github.com/mikhailmogilnikov/go/final/ledger/internal/pb/ledger/v1/ledger.pb.go:106.2,106.12 1 0
github.com/mikhailmogilnikov/go/final/ledger/internal/pb/ledger/v1/ledger.pb.go:120.41,125.2 4 0
github.com/mikhailmogilnikov/go/final/ledger/internal/pb/ledger/v1/ledger.pb.go:127.49,129.2 1 0
github.com/mikhailmogilnikov/go/final/ledger/internal/pb/ledger/v1/ledger.pb.go:131.47,131.48 0 0
github.com/mikhailmogilnikov/go/final/ledger/internal/pb/ledger/v1/ledger.pb.go:133.69,135.14 2 0
github.com/mikhailmogilnikov/go/final/ledger/internal/pb/ledger/v1/ledger.pb.go:135.14,137.34 2 0
github.com/mikhailmogilnikov/go/final/ledger/internal/pb/ledger/v1/ledger.pb.go:137.34,139.4 1 0
github.com/mikhailmogilnikov/go/final/ledger/internal/pb/ledger/v1/ledger.pb.go:140.3,140.12 1 0
github.com/mikhailmogilnikov/go/final/ledger/internal/pb/ledger/v1/ledger.pb.go:142.2,142.24 1 0
github.com/mikhailmogilnikov/go/final/ledger/internal/pb/ledger/v1/ledger.pb.go:145.60,147.2 1 0
github.com/mikhailmogilnikov/go/final/ledger/internal/pb/ledger/v1/ledger.pb.go:149.51,150.14 1 0
github.com/mikhailmogilnikov/go/final/ledger/internal/pb/ledger/v1/ledger.pb.go:150.14,152.3 1 0
github.com/mikhailmogilnikov/go/final/ledger/internal/pb/ledger/v1/ledger.pb.go:153.2,153.10 1 0
github.com/mikhailmogilnikov/go/final/ledger/internal/pb/ledger/v1/ledger.pb.go:156.53,157.14 1 0
github.com/mikhailmogilnikov/go/final/ledger/internal/pb/ledger/v1/ledger.pb.go:157.14,159.3 1 0
github.com/mikhailmogilnikov/go/final/ledger/internal/pb/ledger/v1/ledger.pb.go:160.2,160.10 1 0
github.com/mikhailmogilnikov/go/final/ledger/internal/pb/ledger/v1/ledger.pb.go:163.54,164.14 1 0
github.com/mikhailmogilnikov/go/final/ledger/internal/pb/ledger/v1/ledger.pb.go:164.14,166.3 1 0
github.com/mikhailmogilnikov/go/final/ledger/internal/pb/ledger/v1/ledger.pb.go:167.2,167.11 1 0
github.com/mikhailmogilnikov/go/final/ledger/internal/pb/ledger/v1/ledger.pb.go:170.57,171.14 1 0
github.com/mikhailmogilnikov/go/final/ledger/internal/pb/ledger/v1/ledger.pb.go:171.14,173.3 1 0
github.com/mikhailmogilnikov/go/final/ledger/internal/pb/ledger/v1/ledger.pb.go:174.2,174.11 1 0
github.com/mikhailmogilnikov/go/final/ledger/internal/pb/ledger/v1/ledger.pb.go:177.66,178.14 1 0
github.com/mikhailmogilnikov/go/final/ledger/internal/pb/ledger/v1/ledger.pb.go:178.14,180.3 1 0
github.com/mikhailmogilnikov/go/final/ledger/internal/pb/ledger/v1/ledger.pb.go:181.2,181.12 1 0
github.com/mikhailmogilnikov/go/final/ledger/internal/pb/ledger/v1/ledger.pb.go:193.42,198.2 4 0
github.com/mikhailmogilnikov/go/final/ledger/internal/pb/ledger/v1/ledger.pb.go:200.50,202.2 1 0
github.com/mikhailmogilnikov/go/final/ledger/internal/pb/ledger/v1/ledger.pb.go:204.48,204.49 0 0
github.com/mikhailmogilnikov/go/final/ledger/internal/pb/ledger/v1/ledger.pb.go:206.70,208.14 2 0
github.com/mikhailmogilnikov/go/final/ledger/internal/pb/ledger/v1/ledger.pb.go:208.14,210.34 2 0
github.com/mikhailmogilnikov/go/final/ledger/internal/pb/ledger/v1/ledger.pb.go:210.34,212.4 1 0
github.com/mikhailmogilnikov/go/final/ledger/internal/pb/ledger/v1/ledger.pb.go:213.3,213.12 1 0
github.com/mikhailmogilnikov/go/final/ledger/internal/pb/ledger/v1/ledger.pb.go:215.2,215.24 1 0
github.com/mikhailmogilnikov/go/final/ledger/internal/pb/ledger/v1/ledger.pb.go:218.61,220.2 1 0
github.com/mikhailmogilnikov/go/final/ledger/internal/pb/ledger/v1/ledger.pb.go:222.64,223.14 1 0
github.com/mikhailmogilnikov/go/final/ledger/internal/pb/ledger/v1/ledger.pb.go:223.14,225.3 1 0
github.com/mikhailmogilnikov/go/final/ledger/internal/pb/ledger/v1/ledger.pb.go:226.2,226.12 1 0
github.com/mikhailmogilnikov/go/final/ledger/internal/pb/ledger/v1/ledger.pb.go:229.59,230.14 1 0
github.com/mikhailmogilnikov/go/final/ledger/internal/pb/ledger/v1/ledger.pb.go:230.14,232.3 1 0
github.com/mikhailmogilnikov/go/final/ledger/internal/pb/ledger/v1/ledger.pb.go:233.2,233.14 1 0
github.com/mikhailmogilnikov/go/final/ledger/internal/pb/ledger/v1/ledger.pb.go:236.60,237.14 1 0
github.com/mikhailmogilnikov/go/final/ledger/internal/pb/ledger/v1/ledger.pb.go:237.14,239.3 1 0
github.com/mikhailmogilnikov/go/final/ledger/internal/pb/ledger/v1/ledger.pb.go:240.2,240.11 1 0
github.com/mikhailmogilnikov/go/final/ledger/internal/pb/ledger/v1/ledger.pb.go:253.42,258.2 4 0
github.com/mikhailmogilnikov/go/final/ledger/internal/pb/ledger/v1/ledger.pb.go:260.50,262.2 1 0
github.com/mikhailmogilnikov/go/final/ledger/internal/pb/ledger/v1/ledger.pb.go:264.48,264.49 0 0
github.com/mikhailmogilnikov/go/final/ledger/internal/pb/ledger/v1/ledger.pb.go:266.70,268.14 2 0
github.com/mikhailmogilnikov/go/final/ledger/internal/pb/ledger/v1/ledger.pb.go:268.14,270.34 2 0
github.com/mikhailmogilnikov/go/final/ledger/internal/pb/ledger/v1/ledger.pb.go:270.34,272.4 1 0
github.com/mikhailmogilnikov/go/final/ledger/internal/pb/ledger/v1/ledger.pb.go:273.3,273.12 1 0
github.com/mikhailmogilnikov/go/final/ledger/internal/pb/ledger/v1/ledger.pb.go:275.2,275.24 1 0
github.com/mikhailmogilnikov/go/final/ledger/internal/pb/ledger/v1/ledger.pb.go:278.61,280.2 1 0
github.com/mikhailmogilnikov/go/final/ledger/internal/pb/ledger/v1/ledger.pb.go:282.52,283.14 1 0
github.com/mikhailmogilnikov/go/final/ledger/internal/pb/ledger/v1/ledger.pb.go:283.14,285.3 1 0
github.com/mikhailmogilnikov/go/final/ledger/internal/pb/ledger/v1/ledger.pb.go:286.2,286.10 1 0
github.com/mikhailmogilnikov/go/final/ledger/internal/pb/ledger/v1/ledger.pb.go:289.67,290.14 1 0
github.com/mikhailmogilnikov/go/final/ledger/internal/pb/ledger/v1/ledger.pb.go:290.14,292.3 1 0
github.com/mikhailmogilnikov/go/final/ledger/internal/pb/ledger/v1/ledger.pb.go:293.2,293.12 1 0
github.com/mikhailmogilnikov/go/final/ledger/internal/pb/ledger/v1/ledger.pb.go:296.65,297.14 1 0
github.com/mikhailmogilnikov/go/final/ledger/internal/pb/ledger/v1/ledger.pb.go:297.14,299.3 1 0
github.com/mikhailmogilnikov/go/final/ledger/internal/pb/ledger/v1/ledger.pb.go:300.2,300.12 1 0
github.com/mikhailmogilnikov/go/final/ledger/internal/pb/ledger/v1/ledger.pb.go:303.55,304.14 1 0
github.com/mikhailmogilnikov/go/final/ledger/internal/pb/ledger/v1/ledger.pb.go:304.14,306.3 1 0
github.com/mikhailmogilnikov/go/final/ledger/internal/pb/ledger/v1/ledger.pb.go:307.2,307.11 1 0
github.com/mikhailmogilnikov/go/final/ledger/internal/pb/ledger/v1/ledger.pb.go:317.43,322.2 4 0
github.com/mikhailmogilnikov/go/final/ledger/internal/pb/ledger/v1/ledger.pb.go:324.51,326.2 1 0
github.com/mikhailmogilnikov/go/final/ledger/internal/pb/ledger/v1/ledger.pb.go:328.49,328.50 0 0
github.com/mikhailmogilnikov/go/final/ledger/internal/pb/ledger/v1/ledger.pb.go:330.71,332.14 2 0
github.com/mikhailmogilnikov/go/final/ledger/internal/pb/ledger/v1/ledger.pb.go:332.14,334.34 2 0
github.com/mikhailmogilnikov/go/final/ledger/internal/pb/ledger/v1/ledger.pb.go:334.34,336.4 1 0
github.com/mikhailmogilnikov/go/final/ledger/internal/pb/ledger/v1/ledger.pb.go:337.3,337.12 1 0
github.com/mikhailmogilnikov/go/final/ledger/internal/pb/ledger/v1/ledger.pb.go:339.2,339.24 1 0
github.com/mikhailmogilnikov/go/final/ledger/internal/pb/ledger/v1/ledger.pb.go:342.62,344.2 1 0
github.com/mikhailmogilnikov/go/final/ledger/internal/pb/ledger/v1/ledger.pb.go:346.68,347.14 1 0
github.com/mikhailmogilnikov/go/final/ledger/internal/pb/ledger/v1/ledger.pb.go:347.14,349.3 1 0
github.com/mikhailmogilnikov/go/final/ledger/internal/pb/ledger/v1/ledger.pb.go:350.2,350.12 1 0
github.com/mikhailmogilnikov/go/final/ledger/internal/pb/ledger/v1/ledger.pb.go:364.26,369.2 4 0
github.com/mikhailmogilnikov/go/final/ledger/internal/pb/ledger/v1/ledger.pb.go:371.34,373.2 1 0
github.com/mikhailmogilnikov/go/final/ledger/internal/pb/ledger/v1/ledger.pb.go:375.32,375.33 0 0
github.com/mikhailmogilnikov/go/final/ledger/internal/pb/ledger/v1/ledger.pb.go:377.54,379.14 2 0
github.com/mikhailmogilnikov/go/final/ledger/internal/pb/ledger/v1/ledger.pb.go:379.14,381.34 2 0
github.com/mikhailmogilnikov/go/final/ledger/internal/pb/ledger/v1/ledger.pb.go:381.34,383.4 1 0
github.com/mikhailmogilnikov/go/final/ledger/internal/pb/ledger/v1/ledger.pb.go:384.3,384.12 1 0
github.com/mikhailmogilnikov/go/final/ledger/internal/pb/ledger/v1/ledger.pb.go:386.2,386.24 1 0
github.com/mikhailmogilnikov/go/final/ledger/internal/pb/ledger/v1/ledger.pb.go:389.45,391.2 1 0
github.com/mikhailmogilnikov/go/final/ledger/internal/pb/ledger/v1/ledger.pb.go:393.32,394.14 1 0
github.com/mikhailmogilnikov/go/final/ledger/internal/pb/ledger/v1/ledger.pb.go:394.14,396.3 1 0
github.com/mikhailmogilnikov/go/final/ledger/internal/pb/ledger/v1/ledger.pb.go:397.2,397.10 1 0
github.com/mikhailmogilnikov/go/final/ledger/internal/pb/ledger/v1/ledger.pb.go:400.36,401.14 1 0
github.com/mikhailmogilnikov/go/final/ledger/internal/pb/ledger/v1/ledger.pb.go:401.14,403.3 1 0
github.com/mikhailmogilnikov/go/final/ledger/internal/pb/ledger/v1/ledger.pb.go:404.2,404.10 1 0
github.com/mikhailmogilnikov/go/final/ledger/internal/pb/ledger/v1/ledger.pb.go:407.39,408.14 1 0
github.com/mikhailmogilnikov/go/final/ledger/internal/pb/ledger/v1/ledger.pb.go:408.14,410.3 1 0
github.com/mikhailmogilnikov/go/final/ledger/internal/pb/ledger/v1/ledger.pb.go:411.2,411.11 1 0
github.com/mikhailmogilnikov/go/final/ledger/internal/pb/ledger/v1/ledger.pb.go:414.43,415.14 1 0
github.com/mikhailmogilnikov/go/final/ledger/internal/pb/ledger/v1/ledger.pb.go:415.14,417.3 1 0
github.com/mikhailmogilnikov/go/final/ledger/internal/pb/ledger/v1/ledger.pb.go:418.2,418.10 1 0
github.com/mikhailmogilnikov/go/final/ledger/internal/pb/ledger/v1/ledger.pb.go:421.37,422.14 1 0
github.com/mikhailmogilnikov/go/final/ledger/internal/pb/ledger/v1/ledger.pb.go:422.14,424.3 1 0
github.com/mikhailmogilnikov/go/final/ledger/internal/pb/ledger/v1/ledger.pb.go:425.2,425.11 1 0
github.com/mikhailmogilnikov/go/final/ledger/internal/pb/ledger/v1/ledger.pb.go:438.36,443.2 4 0
github.com/mikhailmogilnikov/go/final/ledger/internal/pb/ledger/v1/ledger.pb.go:445.44,447.2 1 0
github.com/mikhailmogilnikov/go/final/ledger/internal/pb/ledger/v1/ledger.pb.go:449.42,449.43 0 0
github.com/mikhailmogilnikov/go/final/ledger/internal/pb/ledger/v1/ledger.pb.go:451.64,453.14 2 0
github.com/mikhailmogilnikov/go/final/ledger/internal/pb/ledger/v1/ledger.pb.go:453.14,455.34 2 0
github.com/mikhailmogilnikov/go/final/ledger/internal/pb/ledger/v1/ledger.pb.go:455.34,457.4 1 0
github.com/mikhailmogilnikov/go/final/ledger/internal/pb/ledger/v1/ledger.pb.go:458.3,458.12 1 0
github.com/mikhailmogilnikov/go/final/ledger/internal/pb/ledger/v1/ledger.pb.go:460.2,460.24 1 0
github.com/mikhailmogilnikov/go/final/ledger/internal/pb/ledger/v1/ledger.pb.go:463.55,465.2 1 0
github.com/mikhailmogilnikov/go/final/ledger/internal/pb/ledger/v1/ledger.pb.go:467.46,468.14 1 0
github.com/mikhailmogilnikov/go/final/ledger/internal/pb/ledger/v1/ledger.pb.go:468.14,470.3 1 0
github.com/mikhailmogilnikov/go/final/ledger/internal/pb/ledger/v1/ledger.pb.go:471.2,471.10 1 0
github.com/mikhailmogilnikov/go/final/ledger/internal/pb/ledger/v1/ledger.pb.go:474.49,475.14 1 0
github.com/mikhailmogilnikov/go/final/ledger/internal/pb/ledger/v1/ledger.pb.go:475.14,477.3 1 0
github.com/mikhailmogilnikov/go/final/ledger/internal/pb/ledger/v1/ledger.pb.go:478.2,478.11 1 0
github.com/mikhailmogilnikov/go/final/ledger/internal/pb/ledger/v1/ledger.pb.go:481.53,482.14 1 0
github.com/mikhailmogilnikov/go/final/ledger/internal/pb/ledger/v1/ledger.pb.go:482.14,484.3 1 0
github.com/mikhailmogilnikov/go/final/ledger/internal/pb/ledger/v1/ledger.pb.go:485.2,485.10 1 0
github.com/mikhailmogilnikov/go/final/ledger/internal/pb/ledger/v1/ledger.pb.go:488.47,489.14 1 0
github.com/mikhailmogilnikov/go/final/ledger/internal/pb/ledger/v1/ledger.pb.go:489.14,491.3 1 0
github.com/mikhailmogilnikov/go/final/ledger/internal/pb/ledger/v1/ledger.pb.go:492.2,492.11 1 0
github.com/mikhailmogilnikov/go/final/ledger/internal/pb/ledger/v1/ledger.pb.go:502.37,507.2 4 0
github.com/mikhailmogilnikov/go/final/ledger/internal/pb/ledger/v1/ledger.pb.go:509.45,511.2 1 0
github.com/mikhailmogilnikov/go/final/ledger/internal/pb/ledger/v1/ledger.pb.go:513.43,513.44 0 0
github.com/mikhailmogilnikov/go/final/ledger/internal/pb/ledger/v1/ledger.pb.go:515.65,517.14 2 0
github.com/mikhailmogilnikov/go/final/ledger/internal/pb/ledger/v1/ledger.pb.go:517.14,519.34 2 0
github.com/mikhailmogilnikov/go/final/ledger/internal/pb/ledger/v1/ledger.pb.go:519.34,521.4 1 0
github.com/mikhailmogilnikov/go/final/ledger/internal/pb/ledger/v1/ledger.pb.go:522.3,522.12 1 0
github.com/mikhailmogilnikov/go/final/ledger/internal/pb/ledger/v1/ledger.pb.go:524.2,524.24 1 0
github.com/mikhailmogilnikov/go/final/ledger/internal/pb/ledger/v1/ledger.pb.go:527.56,529.2 1 0
github.com/mikhailmogilnikov/go/final/ledger/internal/pb/ledger/v1/ledger.pb.go:531.49,532.14 1 0
github.com/mikhailmogilnikov/go/final/ledger/internal/pb/ledger/v1/ledger.pb.go:532.14,534.3 1 0
github.com/mikhailmogilnikov/go/final/ledger/internal/pb/ledger/v1/ledger.pb.go:535.2,535.12 1 0
github.com/mikhailmogilnikov/go/final/ledger/internal/pb/ledger/v1/ledger.pb.go:545.37,550.2 4 0
github.com/mikhailmogilnikov/go/final/ledger/internal/pb/ledger/v1/ledger.pb.go:552.45,554.2 1 0
github.com/mikhailmogilnikov/go/final/ledger/internal/pb/ledger/v1/ledger.pb.go:556.43,556.44 0 0
github.com/mikhailmogilnikov/go/final/ledger/internal/pb/ledger/v1/ledger.pb.go:558.65,560.14 2 0
github.com/mikhailmogilnikov/go/final/ledger/internal/pb/ledger/v1/ledger.pb.go:560.14,562.34 2 0
github.com/mikhailmogilnikov/go/final/ledger/internal/pb/ledger/v1/ledger.pb.go:562.34,564.4 1 0
github.com/mikhailmogilnikov/go/final/ledger/internal/pb/ledger/v1/ledger.pb.go:565.3,565.12 1 0
github.com/mikhailmogilnikov/go/final/ledger/internal/pb/ledger/v1/ledger.pb.go:567.2,567.24 1 0
github.com/mikhailmogilnikov/go/final/ledger/internal/pb/ledger/v1/ledger.pb.go:570.56,572.2 1 0
github.com/mikhailmogilnikov/go/final/ledger/internal/pb/ledger/v1/ledger.pb.go:574.47,575.14 1 0
github.com/mikhailmogilnikov/go/final/ledger/internal/pb/ledger/v1/ledger.pb.go:575.14,577.3 1 0
github.com/mikhailmogilnikov/go/final/ledger/internal/pb/ledger/v1/ledger.pb.go:578.2,578.10 1 0
github.com/mikhailmogilnikov/go/final/ledger/internal/pb/ledger/v1/ledger.pb.go:588.38,593.2 4 0
github.com/mikhailmogilnikov/go/final/ledger/internal/pb/ledger/v1/ledger.pb.go:595.46,597.2 1 0
github.com/mikhailmogilnikov/go/final/ledger/internal/pb/ledger/v1/ledger.pb.go:599.44,599.45 0 0
github.com/mikhailmogilnikov/go/final/ledger/internal/pb/ledger/v1/ledger.pb.go:601.66,603.14 2 0
github.com/mikhailmogilnikov/go/final/ledger/internal/pb/ledger/v1/ledger.pb.go:603.14,605.34 2 0
github.com/mikhailmogilnikov/go/final/ledger/internal/pb/ledger/v1/ledger.pb.go:605.34,607.4 1 0
github.com/mikhailmogilnikov/go/final/ledger/internal/pb/ledger/v1/ledger.pb.go:608.3,608.12 1 0
github.com/mikhailmogilnikov/go/final/ledger/internal/pb/ledger/v1/ledger.pb.go:610.2,610.24 1 0
github.com/mikhailmogilnikov/go/final/ledger/internal/pb/ledger/v1/ledger.pb.go:613.57,615.2 1 0
github.com/mikhailmogilnikov/go/final/ledger/internal/pb/ledger/v1/ledger.pb.go:617.53,618.14 1 0
github.com/mikhailmogilnikov/go/final/ledger/internal/pb/ledger/v1/ledger.pb.go:618.14,620.3 1 0
github.com/mikhailmogilnikov/go/final/ledger/internal/pb/ledger/v1/ledger.pb.go:621.2,621.12 1 0
github.com/mikhailmogilnikov/go/final/ledger/internal/pb/ledger/v1/ledger.pb.go:634.35,639.2 4 0
github.com/mikhailmogilnikov/go/final/ledger/internal/pb/ledger/v1/ledger.pb.go:641.43,643.2 1 0
github.com/mikhailmogilnikov/go/final/ledger/internal/pb/ledger/v1/ledger.pb.go:645.41,645.42 0 0
github.com/mikhailmogilnikov/go/final/ledger/internal/pb/ledger/v1/ledger.pb.go:647.63,649.14 2 0
github.com/mikhailmogilnikov/go/final/ledger/internal/pb/ledger/v1/ledger.pb.go:649.14,651.34 2 0
github.com/mikhailmogilnikov/go/final/ledger/internal/pb/ledger/v1/ledger.pb.go:651.34,653.4 1 0
github.com/mikhailmogilnikov/go/final/ledger/internal/pb/ledger/v1/ledger.pb.go:654.3,654.12 1 0
github.com/mikhailmogilnikov/go/final/ledger/internal/pb/ledger/v1/ledger.pb.go:656.2,656.24 1 0
github.com/mikhailmogilnikov/go/final/ledger/internal/pb/ledger/v1/ledger.pb.go:659.54,661.2 1 0
github.com/mikhailmogilnikov/go/final/ledger/internal/pb/ledger/v1/ledger.pb.go:663.48,664.14 1 0
github.com/mikhailmogilnikov/go/final/ledger/internal/pb/ledger/v1/ledger.pb.go:664.14,666.3 1 0
github.com/mikhailmogilnikov/go/final/ledger/internal/pb/ledger/v1/ledger.pb.go:667.2,667.11 1 0
github.com/mikhailmogilnikov/go/final/ledger/internal/pb/ledger/v1/ledger.pb.go:670.46,671.14 1 0
github.com/mikhailmogilnikov/go/final/ledger/internal/pb/ledger/v1/ledger.pb.go:671.14,673.3 1 0
github.com/mikhailmogilnikov/go/final/ledger/internal/pb/ledger/v1/ledger.pb.go:674.2,674.10 1 0
github.com/mikhailmogilnikov/go/final/ledger/internal/pb/ledger/v1/ledger.pb.go:677.52,678.14 1 0
github.com/mikhailmogilnikov/go/final/ledger/internal/pb/ledger/v1/ledger.pb.go:678.14,680.3 1 0
github.com/mikhailmogilnikov/go/final/ledger/internal/pb/ledger/v1/ledger.pb.go:681.2,681.10 1 0
github.com/mikhailmogilnikov/go/final/ledger/internal/pb/ledger/v1/ledger.pb.go:684.57,685.14 1 0
github.com/mikhailmogilnikov/go/final/ledger/internal/pb/ledger/v1/ledger.pb.go:685.14,687.3 1 0
github.com/mikhailmogilnikov/go/final/ledger/internal/pb/ledger/v1/ledger.pb.go:688.2,688.10 1 0
github.com/mikhailmogilnikov/go/final/ledger/internal/pb/ledger/v1/ledger.pb.go:700.36,705.2 4 0
github.com/mikhailmogilnikov/go/final/ledger/internal/pb/ledger/v1/ledger.pb.go:707.44,709.2 1 0
github.com/mikhailmogilnikov/go/final/ledger/internal/pb/ledger/v1/ledger.pb.go:711.42,711.43 0 0
github.com/mikhailmogilnikov/go/final/ledger/internal/pb/ledger/v1/ledger.pb.go:713.64,715.14 2 0
github.com/mikhailmogilnikov/go/final/ledger/internal/pb/ledger/v1/ledger.pb.go:715.14,717.34 2 0
github.com/mikhailmogilnikov/go/final/ledger/internal/pb/ledger/v1/ledger.pb.go:717.34,719.4 1 0
github.com/mikhailmogilnikov/go/final/ledger/internal/pb/ledger/v1/ledger.pb.go:720.3,720.12 1 0
github.com/mikhailmogilnikov/go/final/ledger/internal/pb/ledger/v1/ledger.pb.go:722.2,722.24 1 0
github.com/mikhailmogilnikov/go/final/ledger/internal/pb/ledger/v1/ledger.pb.go:725.55,727.2 1 0
github.com/mikhailmogilnikov/go/final/ledger/internal/pb/ledger/v1/ledger.pb.go:729.46,730.14 1 0
github.com/mikhailmogilnikov/go/final/ledger/internal/pb/ledger/v1/ledger.pb.go:730.14,732.3 1 0
github.com/mikhailmogilnikov/go/final/ledger/internal/pb/ledger/v1/ledger.pb.go:733.2,733.10 1 0
github.com/mikhailmogilnikov/go/final/ledger/internal/pb/ledger/v1/ledger.pb.go:736.61,737.14 1 0
github.com/mikhailmogilnikov/go/final/ledger/internal/pb/ledger/v1/ledger.pb.go:737.14,739.3 1 0
github.com/mikhailmogilnikov/go/final/ledger/internal/pb/ledger/v1/ledger.pb.go:740.2,740.12 1 0
github.com/mikhailmogilnikov/go/final/ledger/internal/pb/ledger/v1/ledger.pb.go:743.59,744.14 1 0
github.com/mikhailmogilnikov/go/final/ledger/internal/pb/ledger/v1/ledger.pb.go:744.14,746.3 1 0
github.com/mikhailmogilnikov/go/final/ledger/internal/pb/ledger/v1/ledger.pb.go:747.2,747.12 1 0
github.com/mikhailmogilnikov/go/final/ledger/internal/pb/ledger/v1/ledger.pb.go:760.37,765.2 4 0
github.com/mikhailmogilnikov/go/final/ledger/internal/pb/ledger/v1/ledger.pb.go:767.45,769.2 1 0
github.com/mikhailmogilnikov/go/final/ledger/internal/pb/ledger/v1/ledger.pb.go:771.43,771.44 0 0
github.com/mikhailmogilnikov/go/final/ledger/internal/pb/ledger/v1/ledger.pb.go:773.65,775.14 2 0
github.com/mikhailmogilnikov/go/final/ledger/internal/pb/ledger/v1/ledger.pb.go:775.14,777.34 2 0
github.com/mikhailmogilnikov/go/final/ledger/internal/pb/ledger/v1/ledger.pb.go:777.34,779.4 1 0
github.com/mikhailmogilnikov/go/final/ledger/internal/pb/ledger/v1/ledger.pb.go:780.3,780.12 1 0
github.com/mikhailmogilnikov/go/final/ledger/internal/pb/ledger/v1/ledger.pb.go:782.2,782.24 1 0
github.com/mikhailmogilnikov/go/final/ledger/internal/pb/ledger/v1/ledger.pb.go:785.56,787.2 1 0
github.com/mikhailmogilnikov/go/final/ledger/internal/pb/ledger/v1/ledger.pb.go:789.64,790.14 1 0
github.com/mikhailmogilnikov/go/final/ledger/internal/pb/ledger/v1/ledger.pb.go:790.14,792.3 1 0
github.com/mikhailmogilnikov/go/final/ledger/internal/pb/ledger/v1/ledger.pb.go:793.2,793.12 1 0
github.com/mikhailmogilnikov/go/final/ledger/internal/pb/ledger/v1/ledger.pb.go:796.56,797.14 1 0
github.com/mikhailmogilnikov/go/final/ledger/internal/pb/ledger/v1/ledger.pb.go:797.14,799.3 1 0
github.com/mikhailmogilnikov/go/final/ledger/internal/pb/ledger/v1/ledger.pb.go:800.2,800.10 1 0
github.com/mikhailmogilnikov/go/final/ledger/internal/pb/ledger/v1/ledger.pb.go:803.62,804.14 1 0
github.com/mikhailmogilnikov/go/final/ledger/internal/pb/ledger/v1/ledger.pb.go:804.14,806.3 1 0
github.com/mikhailmogilnikov/go/final/ledger/internal/pb/ledger/v1/ledger.pb.go:807.2,807.12 1 0
github.com/mikhailmogilnikov/go/final/ledger/internal/pb/ledger/v1/ledger.pb.go:810.60,811.14 1 0
github.com/mikhailmogilnikov/go/final/ledger/internal/pb/ledger/v1/ledger.pb.go:811.14,813.3 1 0
github.com/mikhailmogilnikov/go/final/ledger/internal/pb/ledger/v1/ledger.pb.go:814.2,814.12 1 0
github.com/mikhailmogilnikov/go/final/ledger/internal/pb/ledger/v1/ledger.pb.go:825.36,830.2 4 0
github.com/mikhailmogilnikov/go/final/ledger/internal/pb/ledger/v1/ledger.pb.go:832.44,834.2 1 0
github.com/mikhailmogilnikov/go/final/ledger/internal/pb/ledger/v1/ledger.pb.go:836.42,836.43 0 0
github.com/mikhailmogilnikov/go/final/ledger/internal/pb/ledger/v1/ledger.pb.go:838.64,840.14 2 0
github.com/mikhailmogilnikov/go/final/ledger/internal/pb/ledger/v1/ledger.pb.go:840.14,842.34 2 0
github.com/mikhailmogilnikov/go/final/ledger/internal/pb/ledger/v1/ledger.pb.go:842.34,844.4 1 0
github.com/mikhailmogilnikov/go/final/ledger/internal/pb/ledger/v1/ledger.pb.go:845.3,845.12 1 0
github.com/mikhailmogilnikov/go/final/ledger/internal/pb/ledger/v1/ledger.pb.go:847.2,847.24 1 0
github.com/mikhailmogilnikov/go/final/ledger/internal/pb/ledger/v1/ledger.pb.go:850.55,852.2 1 0
github.com/mikhailmogilnikov/go/final/ledger/internal/pb/ledger/v1/ledger.pb.go:854.46,855.14 1 0
github.com/mikhailmogilnikov/go/final/ledger/internal/pb/ledger/v1/ledger.pb.go:855.14,857.3 1 0
github.com/mikhailmogilnikov/go/final/ledger/internal/pb/ledger/v1/ledger.pb.go:858.2,858.10 1 0
github.com/mikhailmogilnikov/go/final/ledger/internal/pb/ledger/v1/ledger.pb.go:861.48,862.14 1 0
github.com/mikhailmogilnikov/go/final/ledger/internal/pb/ledger/v1/ledger.pb.go:862.14,864.3 1 0
github.com/mikhailmogilnikov/go/final/ledger/internal/pb/ledger/v1/ledger.pb.go:865.2,865.12 1 0
github.com/mikhailmogilnikov/go/final/ledger/internal/pb/ledger/v1/ledger.pb.go:877.37,882.2 4 0
github.com/mikhailmogilnikov/go/final/ledger/internal/pb/ledger/v1/ledger.pb.go:884.45,886.2 1 0
github.com/mikhailmogilnikov/go/final/ledger/internal/pb/ledger/v1/ledger.pb.go:888.43,888.44 0 0
github.com/mikhailmogilnikov/go/final/ledger/internal/pb/ledger/v1/ledger.pb.go:890.65,892.14 2 0
github.com/mikhailmogilnikov/go/final/ledger/internal/pb/ledger/v1/ledger.pb.go:892.14,894.34 2 0
github.com/mikhailmogilnikov/go/final/ledger/internal/pb/ledger/v1/ledger.pb.go:894.34,896.4 1 0
github.com/mikhailmogilnikov/go/final/ledger/internal/pb/ledger/v1/ledger.pb.go:897.3,897.12 1 0
github.com/mikhailmogilnikov/go/final/ledger/internal/pb/ledger/v1/ledger.pb.go:899.2,899.24 1 0
github.com/mikhailmogilnikov/go/final/ledger/internal/pb/ledger/v1/ledger.pb.go:902.56,904.2 1 0
github.com/mikhailmogilnikov/go/final/ledger/internal/pb/ledger/v1/ledger.pb.go:906.54,907.14 1 0
github.com/mikhailmogilnikov/go/final/ledger/internal/pb/ledger/v1/ledger.pb.go:907.14,909.3 1 0
github.com/mikhailmogilnikov/go/final/ledger/internal/pb/ledger/v1/ledger.pb.go:910.2,910.10 1 0
github.com/mikhailmogilnikov/go/final/ledger/internal/pb/ledger/v1/ledger.pb.go:913.53,914.14 1 0
github.com/mikhailmogilnikov/go/final/ledger/internal/pb/ledger/v1/ledger.pb.go:914.14,916.3 1 0
github.com/mikhailmogilnikov/go/final/ledger/internal/pb/ledger/v1/ledger.pb.go:917.2,917.10 1 0
github.com/mikhailmogilnikov/go/final/ledger/internal/pb/ledger/v1/ledger.pb.go:920.50,921.14 1 0
github.com/mikhailmogilnikov/go/final/ledger/internal/pb/ledger/v1/ledger.pb.go:921.14,923.3 1 0
github.com/mikhailmogilnikov/go/final/ledger/internal/pb/ledger/v1/ledger.pb.go:924.2,924.12 1 0
github.com/mikhailmogilnikov/go/final/ledger/internal/pb/ledger/v1/ledger.pb.go:936.36,941.2 4 0
github.com/mikhailmogilnikov/go/final/ledger/internal/pb/ledger/v1/ledger.pb.go:943.44,945.2 1 0
github.com/mikhailmogilnikov/go/final/ledger/internal/pb/ledger/v1/ledger.pb.go:947.42,947.43 0 0
github.com/mikhailmogilnikov/go/final/ledger/internal/pb/ledger/v1/ledger.pb.go:949.64,951.14 2 0
github.com/mikhailmogilnikov/go/final/ledger/internal/pb/ledger/v1/ledger.pb.go:951.14,953.34 2 0
github.com/mikhailmogilnikov/go/final/ledger/internal/pb/ledger/v1/ledger.pb.go:953.34,955.4 1 0
github.com/mikhailmogilnikov/go/final/ledger/internal/pb/ledger/v1/ledger.pb.go:956.3,956.12 1 0
github.com/mikhailmogilnikov/go/final/ledger/internal/pb/ledger/v1/ledger.pb.go:958.2,958.24 1 0
github.com/mikhailmogilnikov/go/final/ledger/internal/pb/ledger/v1/ledger.pb.go:961.55,963.2 1 0
github.com/mikhailmogilnikov/go/final/ledger/internal/pb/ledger/v1/ledger.pb.go:965.46,966.14 1 0
github.com/mikhailmogilnikov/go/final/ledger/internal/pb/ledger/v1/ledger.pb.go:966.14,968.3 1 0
github.com/mikhailmogilnikov/go/final/ledger/internal/pb/ledger/v1/ledger.pb.go:969.2,969.10 1 0
github.com/mikhailmogilnikov/go/final/ledger/internal/pb/ledger/v1/ledger.pb.go:972.61,973.14 1 0
github.com/mikhailmogilnikov/go/final/ledger/internal/pb/ledger/v1/ledger.pb.go:973.14,975.3 1 0
github.com/mikhailmogilnikov/go/final/ledger/internal/pb/ledger/v1/ledger.pb.go:976.2,976.12 1 0
github.com/mikhailmogilnikov/go/final/ledger/internal/pb/ledger/v1/ledger.pb.go:979.59,980.14 1 0
github.com/mikhailmogilnikov/go/final/ledger/internal/pb/ledger/v1/ledger.pb.go:980.14,982.3 1 0
github.com/mikhailmogilnikov/go/final/ledger/internal/pb/ledger/v1/ledger.pb.go:983.2,983.12 1 0
github.com/mikhailmogilnikov/go/final/ledger/internal/pb/ledger/v1/ledger.pb.go:994.37,999.2 4 0
github.com/mikhailmogilnikov/go/final/ledger/internal/pb/ledger/v1/ledger.pb.go:1001.45,1003.2 1 0
github.com/mikhailmogilnikov/go/final/ledger/internal/pb/ledger/v1/ledger.pb.go:1005.43,1005.44 0 0
github.com/mikhailmogilnikov/go/final/ledger/internal/pb/ledger/v1/ledger.pb.go:1007.65,1009.14 2 0
github.com/mikhailmogilnikov/go/final/ledger/internal/pb/ledger/v1/ledger.pb.go:1009.14,1011.34 2 0
github.com/mikhailmogilnikov/go/final/ledger/internal/pb/ledger/v1/ledger.pb.go:1011.34,1013.4 1 0
github.com/mikhailmogilnikov/go/final/ledger/internal/pb/ledger/v1/ledger.pb.go:1014.3,1014.12 1 0
github.com/mikhailmogilnikov/go/final/ledger/internal/pb/ledger/v1/ledger.pb.go:1016.2,1016.24 1 0
github.com/mikhailmogilnikov/go/final/ledger/internal/pb/ledger/v1/ledger.pb.go:1019.56,1021.2 1 0
github.com/mikhailmogilnikov/go/final/ledger/internal/pb/ledger/v1/ledger.pb.go:1023.49,1024.14 1 0
github.com/mikhailmogilnikov/go/final/ledger/internal/pb/ledger/v1/ledger.pb.go:1024.14,1026.3 1 0
github.com/mikhailmogilnikov/go/final/ledger/internal/pb/ledger/v1/ledger.pb.go:1027.2,1027.12 1 0
github.com/mikhailmogilnikov/go/final/ledger/internal/pb/ledger/v1/ledger.pb.go:1030.50,1031.14 1 0
github.com/mikhailmogilnikov/go/final/ledger/internal/pb/ledger/v1/ledger.pb.go:1031.14,1033.3 1 0
github.com/mikhailmogilnikov/go/final/ledger/internal/pb/ledger/v1/ledger.pb.go:1034.2,1034.10 1 0
github.com/mikhailmogilnikov/go/final/ledger/internal/pb/ledger/v1/ledger.pb.go:1131.45,1132.42 1 0
github.com/mikhailmogilnikov/go/final/ledger/internal/pb/ledger/v1/ledger.pb.go:1132.42,1134.3 1 0
github.com/mikhailmogilnikov/go/final/ledger/internal/pb/ledger/v1/ledger.pb.go:1135.2,1135.38 1 0
github.com/mikhailmogilnikov/go/final/ledger/internal/pb/ledger/v1/ledger.pb.go:1197.13,1197.41 1 0
github.com/mikhailmogilnikov/go/final/ledger/internal/pb/ledger/v1/ledger.pb.go:1198.31,1199.30 1 0
github.com/mikhailmogilnikov/go/final/ledger/internal/pb/ledger/v1/ledger.pb.go:1199.30,1201.3 1 0
github.com/mikhailmogilnikov/go/final/ledger/internal/pb/ledger/v1/ledger.pb.go:1202.2,1218.33 5 0
github.com/mikhailmogilnikov/go/final/ledger/internal/pb/ledger/v1/ledger_grpc.pb.go:37.78,39.2 1 0
github.com/mikhailmogilnikov/go/final/ledger/internal/pb/ledger/v1/ledger_grpc.pb.go:41.152,45.16 4 0
github.com/mikhailmogilnikov/go/final/ledger/internal/pb/ledger/v1/ledger_grpc.pb.go:45.16,47.3 1 0
github.com/mikhailmogilnikov/go/final/ledger/internal/pb/ledger/v1/ledger_grpc.pb.go:48.2,48.17 1 0
github.com/mikhailmogilnikov/go/final/ledger/internal/pb/ledger/v1/ledger_grpc.pb.go:51.155,55.16 4 0
github.com/mikhailmogilnikov/go/final/ledger/internal/pb/ledger/v1/ledger_grpc.pb.go:55.16,57.3 1 0
github.com/mikhailmogilnikov/go/final/ledger/internal/pb/ledger/v1/ledger_grpc.pb.go:58.2,58.17 1 0
github.com/mikhailmogilnikov/go/final/ledger/internal/pb/ledger/v1/ledger_grpc.pb.go:61.137,65.16 4 0
github.com/mikhailmogilnikov/go/final/ledger/internal/pb/ledger/v1/ledger_grpc.pb.go:65.16,67.3 1 0
github.com/mikhailmogilnikov/go/final/ledger/internal/pb/ledger/v1/ledger_grpc.pb.go:68.2,68.17 1 0
github.com/mikhailmogilnikov/go/final/ledger/internal/pb/ledger/v1/ledger_grpc.pb.go:71.140,75.16 4 0
github.com/mikhailmogilnikov/go/final/ledger/internal/pb/ledger/v1/ledger_grpc.pb.go:75.16,77.3 1 0
github.com/mikhailmogilnikov/go/final/ledger/internal/pb/ledger/v1/ledger_grpc.pb.go:78.2,78.17 1 0
github.com/mikhailmogilnikov/go/final/ledger/internal/pb/ledger/v1/ledger_grpc.pb.go:81.137,85.16 4 0
github.com/mikhailmogilnikov/go/final/ledger/internal/pb/ledger/v1/ledger_grpc.pb.go:85.16,87.3 1 0
github.com/mikhailmogilnikov/go/final/ledger/internal/pb/ledger/v1/ledger_grpc.pb.go:88.2,88.17 1 0
github.com/mikhailmogilnikov/go/final/ledger/internal/pb/ledger/v1/ledger_grpc.pb.go:91.137,95.16 4 0
github.com/mikhailmogilnikov/go/final/ledger/internal/pb/ledger/v1/ledger_grpc.pb.go:95.16,97.3 1 0
github.com/mikhailmogilnikov/go/final/ledger/internal/pb/ledger/v1/ledger_grpc.pb.go:98.2,98.17 1 0
github.com/mikhailmogilnikov/go/final/ledger/internal/pb/ledger/v1/ledger_grpc.pb.go:101.137,105.16 4 0
github.com/mikhailmogilnikov/go/final/ledger/internal/pb/ledger/v1/ledger_grpc.pb.go:105.16,107.3 1 0
github.com/mikhailmogilnikov/go/final/ledger/internal/pb/ledger/v1/ledger_grpc.pb.go:108.2,108.17 1 0
github.com/mikhailmogilnikov/go/final/ledger/internal/pb/ledger/v1/ledger_grpc.pb.go:124.130,126.2 1 0
github.com/mikhailmogilnikov/go/final/ledger/internal/pb/ledger/v1/ledger_grpc.pb.go:127.133,129.2 1 0
github.com/mikhailmogilnikov/go/final/ledger/internal/pb/ledger/v1/ledger_grpc.pb.go:130.115,132.2 1 0
github.com/mikhailmogilnikov/go/final/ledger/internal/pb/ledger/v1/ledger_grpc.pb.go:133.118,135.2 1 0
github.com/mikhailmogilnikov/go/final/ledger/internal/pb/ledger/v1/ledger_grpc.pb.go:136.115,138.2 1 0
github.com/mikhailmogilnikov/go/final/ledger/internal/pb/ledger/v1/ledger_grpc.pb.go:139.115,141.2 1 0
github.com/mikhailmogilnikov/go/final/ledger/internal/pb/ledger/v1/ledger_grpc.pb.go:142.115,144.2 1 0
github.com/mikhailmogilnikov/go/final/ledger/internal/pb/ledger/v1/ledger_grpc.pb.go:145.86,145.87 0 0
github.com/mikhailmogilnikov/go/final/ledger/internal/pb/ledger/v1/ledger_grpc.pb.go:146.86,146.87 0 0
github.com/mikhailmogilnikov/go/final/ledger/internal/pb/ledger/v1/ledger_grpc.pb.go:152.84,153.59 1 0
github.com/mikhailmogilnikov/go/final/ledger/internal/pb/ledger/v1/ledger_grpc.pb.go:153.59,155.3 1 0
github.com/mikhailmogilnikov/go/final/ledger/internal/pb/ledger/v1/ledger_grpc.pb.go:156.2,156.52 1 0
github.com/mikhailmogilnikov/go/final/ledger/internal/pb/ledger/v1/ledger_grpc.pb.go:159.173,161.32 2 0
github.com/mikhailmogilnikov/go/final/ledger/internal/pb/ledger/v1/ledger_grpc.pb.go:161.32,163.3 1 0
github.com/mikhailmogilnikov/go/final/ledger/internal/pb/ledger/v1/ledger_grpc.pb.go:164.2,164.24 1 0
github.com/mikhailmogilnikov/go/final/ledger/internal/pb/ledger/v1/ledger_grpc.pb.go:164.24,166.3 1 0
github.com/mikhailmogilnikov/go/final/ledger/internal/pb/ledger/v1/ledger_grpc.pb.go:167.2,171.77 2 0
github.com/mikhailmogilnikov/go/final/ledger/internal/pb/ledger/v1/ledger_grpc.pb.go:171.77,173.3 1 0
github.com/mikhailmogilnikov/go/final/ledger/internal/pb/ledger/v1/ledger_grpc.pb.go:174.2,174.44 1 0
github.com/mikhailmogilnikov/go/final/ledger/internal/pb/ledger/v1/ledger_grpc.pb.go:177.174,179.32 2 0
github.com/mikhailmogilnikov/go/final/ledger/internal/pb/ledger/v1/ledger_grpc.pb.go:179.32,181.3 1 0
github.com/mikhailmogilnikov/go/final/ledger/internal/pb/ledger/v1/ledger_grpc.pb.go:182.2,182.24 1 0
github.com/mikhailmogilnikov/go/final/ledger/internal/pb/ledger/v1/ledger_grpc.pb.go:182.24,184.3 1 0
github.com/mikhailmogilnikov/go/final/ledger/internal/pb/ledger/v1/ledger_grpc.pb.go:185.2,189.77 2 0
github.com/mikhailmogilnikov/go/final/ledger/internal/pb/ledger/v1/ledger_grpc.pb.go:189.77,191.3 1 0
github.com/mikhailmogilnikov/go/final/ledger/internal/pb/ledger/v1/ledger_grpc.pb.go:192.2,192.44 1 0
github.com/mikhailmogilnikov/go/final/ledger/internal/pb/ledger/v1/ledger_grpc.pb.go:195.168,197.32 2 0
github.com/mikhailmogilnikov/go/final/ledger/internal/pb/ledger/v1/ledger_grpc.pb.go:197.32,199.3 1 0
github.com/mikhailmogilnikov/go/final/ledger/internal/pb/ledger/v1/ledger_grpc.pb.go:200.2,200.24 1 0
github.com/mikhailmogilnikov/go/final/ledger/internal/pb/ledger/v1/ledger_grpc.pb.go:200.24,202.3 1 0
github.com/mikhailmogilnikov/go/final/ledger/internal/pb/ledger/v1/ledger_grpc.pb.go:203.2,207.77 2 0
github.com/mikhailmogilnikov/go/final/ledger/internal/pb/ledger/v1/ledger_grpc.pb.go:207.77,209.3 1 0
github.com/mikhailmogilnikov/go/final/ledger/internal/pb/ledger/v1/ledger_grpc.pb.go:210.2,210.44 1 0
github.com/mikhailmogilnikov/go/final/ledger/internal/pb/ledger/v1/ledger_grpc.pb.go:213.169,215.32 2 0
github.com/mikhailmogilnikov/go/final/ledger/internal/pb/ledger/v1/ledger_grpc.pb.go:215.32,217.3 1 0
github.com/mikhailmogilnikov/go/final/ledger/internal/pb/ledger/v1/ledger_grpc.pb.go:218.2,218.24 1 0
github.com/mikhailmogilnikov/go/final/ledger/internal/pb/ledger/v1/ledger_grpc.pb.go:218.24,220.3 1 0
github.com/mikhailmogilnikov/go/final/ledger/internal/pb/ledger/v1/ledger_grpc.pb.go:221.2,225.77 2 0
github.com/mikhailmogilnikov/go/final/ledger/internal/pb/ledger/v1/ledger_grpc.pb.go:225.77,227.3 1 0
github.com/mikhailmogilnikov/go/final/ledger/internal/pb/ledger/v1/ledger_grpc.pb.go:228.2,228.44 1 0
github.com/mikhailmogilnikov/go/final/ledger/internal/pb/ledger/v1/ledger_grpc.pb.go:231.168,233.32 2 0
github.com/mikhailmogilnikov/go/final/ledger/internal/pb/ledger/v1/ledger_grpc.pb.go:233.32,235.3 1 0
github.com/mikhailmogilnikov/go/final/ledger/internal/pb/ledger/v1/ledger_grpc.pb.go:236.2,236.24 1 0
github.com/mikhailmogilnikov/go/final/ledger/internal/pb/ledger/v1/ledger_grpc.pb.go:236.24,238.3 1 0
github.com/mikhailmogilnikov/go/final/ledger/internal/pb/ledger/v1/ledger_grpc.pb.go:239.2,243.77 2 0
github.com/mikhailmogilnikov/go/final/ledger/internal/pb/ledger/v1/ledger_grpc.pb.go:243.77,245.3 1 0
github.com/mikhailmogilnikov/go/final/ledger/internal/pb/ledger/v1/ledger_grpc.pb.go:246.2,246.44 1 0
github.com/mikhailmogilnikov/go/final/ledger/internal/pb/ledger/v1/ledger_grpc.pb.go:249.168,251.32 2 0
github.com/mikhailmogilnikov/go/final/ledger/internal/pb/ledger/v1/ledger_grpc.pb.go:251.32,253.3 1 0
github.com/mikhailmogilnikov/go/final/ledger/internal/pb/ledger/v1/ledger_grpc.pb.go:254.2,254.24 1 0
github.com/mikhailmogilnikov/go/final/ledger/internal/pb/ledger/v1/ledger_grpc.pb.go:254.24,256.3 1 0
github.com/mikhailmogilnikov/go/final/ledger/internal/pb/ledger/v1/ledger_grpc.pb.go:257.2,261.77 2 0
github.com/mikhailmogilnikov/go/final/ledger/internal/pb/ledger/v1/ledger_grpc.pb.go:261.77,263.3 1 0
github.com/mikhailmogilnikov/go/final/ledger/internal/pb/ledger/v1/ledger_grpc.pb.go:264.2,264.44 1 0
github.com/mikhailmogilnikov/go/final/ledger/internal/pb/ledger/v1/ledger_grpc.pb.go:267.168,269.32 2 0
github.com/mikhailmogilnikov/go/final/ledger/internal/pb/ledger/v1/ledger_grpc.pb.go:269.32,271.3 1 0
github.com/mikhailmogilnikov/go/final/ledger/internal/pb/ledger/v1/ledger_grpc.pb.go:272.2,272.24 1 0
github.com/mikhailmogilnikov/go/final/ledger/internal/pb/ledger/v1/ledger_grpc.pb.go:272.24,274.3 1 0
github.com/mikhailmogilnikov/go/final/ledger/internal/pb/ledger/v1/ledger_grpc.pb.go:275.2,279.77 2 0
github.com/mikhailmogilnikov/go/final/ledger/internal/pb/ledger/v1/ledger_grpc.pb.go:279.77,281.3 1 0
github.com/mikhailmogilnikov/go/final/ledger/internal/pb/ledger/v1/ledger_grpc.pb.go:282.2,282.44 1 0
github.com/mikhailmogilnikov/go/final/ledger/internal/domain/budget.go:13.35,14.24 1 1
github.com/mikhailmogilnikov/go/final/ledger/internal/domain/budget.go:14.24,16.3 1 1
github.com/mikhailmogilnikov/go/final/ledger/internal/domain/budget.go:17.2,17.22 1 1
github.com/mikhailmogilnikov/go/final/ledger/internal/domain/budget.go:17.22,19.3 1 1
github.com/mikhailmogilnikov/go/final/ledger/internal/domain/budget.go:20.2,20.19 1 1
github.com/mikhailmogilnikov/go/final/ledger/internal/domain/budget.go:20.19,22.3 1 1
github.com/mikhailmogilnikov/go/final/ledger/internal/domain/budget.go:23.2,23.51 1 1
github.com/mikhailmogilnikov/go/final/ledger/internal/domain/budget.go:23.51,25.3 1 1
github.com/mikhailmogilnikov/go/final/ledger/internal/domain/budget.go:26.2,26.12 1 1
github.com/mikhailmogilnikov/go/final/ledger/internal/domain/transaction.go:18.40,19.19 1 1
github.com/mikhailmogilnikov/go/final/ledger/internal/domain/transaction.go:19.19,21.3 1 1
github.com/mikhailmogilnikov/go/final/ledger/internal/domain/transaction.go:22.2,22.22 1 1
github.com/mikhailmogilnikov/go/final/ledger/internal/domain/transaction.go:22.22,24.3 1 1
github.com/mikhailmogilnikov/go/final/ledger/internal/domain/transaction.go:25.2,25.19 1 1
github.com/mikhailmogilnikov/go/final/ledger/internal/domain/transaction.go:25.19,27.3 1 1
github.com/mikhailmogilnikov/go/final/ledger/internal/domain/transaction.go:28.2,28.12 1 1
